INFO - 2025-10-01 04:30:57 --> Session: Class initialized using 'CodeIgniter\Session\Handlers\FileHandler' driver.
INFO - 2025-10-01 04:31:08 --> Session: Class initialized using 'CodeIgniter\Session\Handlers\FileHandler' driver.
INFO - 2025-10-01 04:31:09 --> Session: Class initialized using 'CodeIgniter\Session\Handlers\FileHandler' driver.
INFO - 2025-10-01 04:31:17 --> Session: Class initialized using 'CodeIgniter\Session\Handlers\FileHandler' driver.
INFO - 2025-10-01 04:31:18 --> Session: Class initialized using 'CodeIgniter\Session\Handlers\FileHandler' driver.
INFO - 2025-10-01 04:31:22 --> Session: Class initialized using 'CodeIgniter\Session\Handlers\FileHandler' driver.
INFO - 2025-10-01 04:31:28 --> Session: Class initialized using 'CodeIgniter\Session\Handlers\FileHandler' driver.
INFO - 2025-10-01 04:31:35 --> Session: Class initialized using 'CodeIgniter\Session\Handlers\FileHandler' driver.
INFO - 2025-10-01 04:31:51 --> Session: Class initialized using 'CodeIgniter\Session\Handlers\FileHandler' driver.
INFO - 2025-10-01 04:32:12 --> Session: Class initialized using 'CodeIgniter\Session\Handlers\FileHandler' driver.
INFO - 2025-10-01 04:32:17 --> Session: Class initialized using 'CodeIgniter\Session\Handlers\FileHandler' driver.
INFO - 2025-10-01 04:32:18 --> Session: Class initialized using 'CodeIgniter\Session\Handlers\FileHandler' driver.
INFO - 2025-10-01 04:32:26 --> Session: Class initialized using 'CodeIgniter\Session\Handlers\FileHandler' driver.
INFO - 2025-10-01 04:33:26 --> Session: Class initialized using 'CodeIgniter\Session\Handlers\FileHandler' driver.
INFO - 2025-10-01 04:33:27 --> Session: Class initialized using 'CodeIgniter\Session\Handlers\FileHandler' driver.
INFO - 2025-10-01 04:33:33 --> Session: Class initialized using 'CodeIgniter\Session\Handlers\FileHandler' driver.
INFO - 2025-10-01 04:33:34 --> Session: Class initialized using 'CodeIgniter\Session\Handlers\FileHandler' driver.
INFO - 2025-10-01 04:33:43 --> Session: Class initialized using 'CodeIgniter\Session\Handlers\FileHandler' driver.
INFO - 2025-10-01 04:33:44 --> Session: Class initialized using 'CodeIgniter\Session\Handlers\FileHandler' driver.
INFO - 2025-10-01 04:34:16 --> Session: Class initialized using 'CodeIgniter\Session\Handlers\FileHandler' driver.
INFO - 2025-10-01 05:14:18 --> Session: Class initialized using 'CodeIgniter\Session\Handlers\FileHandler' driver.
INFO - 2025-10-01 05:14:20 --> Session: Class initialized using 'CodeIgniter\Session\Handlers\FileHandler' driver.
INFO - 2025-10-01 05:18:08 --> Session: Class initialized using 'CodeIgniter\Session\Handlers\FileHandler' driver.
INFO - 2025-10-01 05:18:09 --> Session: Class initialized using 'CodeIgniter\Session\Handlers\FileHandler' driver.
INFO - 2025-10-01 05:18:11 --> Session: Class initialized using 'CodeIgniter\Session\Handlers\FileHandler' driver.
INFO - 2025-10-01 05:42:12 --> Session: Class initialized using 'CodeIgniter\Session\Handlers\FileHandler' driver.
INFO - 2025-10-01 05:42:13 --> Session: Class initialized using 'CodeIgniter\Session\Handlers\FileHandler' driver.
INFO - 2025-10-01 05:42:16 --> Session: Class initialized using 'CodeIgniter\Session\Handlers\FileHandler' driver.
INFO - 2025-10-01 05:42:16 --> Session: Class initialized using 'CodeIgniter\Session\Handlers\FileHandler' driver.
INFO - 2025-10-01 05:42:22 --> Session: Class initialized using 'CodeIgniter\Session\Handlers\FileHandler' driver.
INFO - 2025-10-01 05:43:16 --> Session: Class initialized using 'CodeIgniter\Session\Handlers\FileHandler' driver.
INFO - 2025-10-01 05:43:16 --> Session: Class initialized using 'CodeIgniter\Session\Handlers\FileHandler' driver.
INFO - 2025-10-01 05:43:23 --> Session: Class initialized using 'CodeIgniter\Session\Handlers\FileHandler' driver.
INFO - 2025-10-01 05:43:49 --> Session: Class initialized using 'CodeIgniter\Session\Handlers\FileHandler' driver.
INFO - 2025-10-01 05:44:27 --> Session: Class initialized using 'CodeIgniter\Session\Handlers\FileHandler' driver.
INFO - 2025-10-01 05:44:29 --> Session: Class initialized using 'CodeIgniter\Session\Handlers\FileHandler' driver.
INFO - 2025-10-01 05:44:35 --> Session: Class initialized using 'CodeIgniter\Session\Handlers\FileHandler' driver.
ERROR - 2025-10-01 05:44:35 --> mysqli_sql_exception: Unknown column 'p.supplier_id' in 'where clause' in D:\xamp\htdocs\sanafreshuk\inventory\vendor\codeigniter4\framework\system\Database\MySQLi\Connection.php:306
Stack trace:
#0 D:\xamp\htdocs\sanafreshuk\inventory\vendor\codeigniter4\framework\system\Database\MySQLi\Connection.php(306): mysqli->query('SELECT `poi`.`p...', 0)
#1 D:\xamp\htdocs\sanafreshuk\inventory\vendor\codeigniter4\framework\system\Database\BaseConnection.php(693): CodeIgniter\Database\MySQLi\Connection->execute('SELECT `poi`.`p...')
#2 D:\xamp\htdocs\sanafreshuk\inventory\vendor\codeigniter4\framework\system\Database\BaseConnection.php(607): CodeIgniter\Database\BaseConnection->simpleQuery('SELECT `poi`.`p...')
#3 D:\xamp\htdocs\sanafreshuk\inventory\vendor\codeigniter4\framework\system\Database\BaseBuilder.php(1616): CodeIgniter\Database\BaseConnection->query('SELECT `poi`.`p...', Array, false)
#4 D:\xamp\htdocs\sanafreshuk\inventory\vendor\codeigniter4\framework\system\Model.php(877): CodeIgniter\Database\BaseBuilder->get()
#5 D:\xamp\htdocs\sanafreshuk\inventory\app\Models\ProductModel.php(80): CodeIgniter\Model->__call('get', Array)
#6 D:\xamp\htdocs\sanafreshuk\inventory\app\Controllers\admin\InventoryController.php(588): App\Models\ProductModel->getLastPurchaseItemPrice(NULL, NULL)
#7 D:\xamp\htdocs\sanafreshuk\inventory\vendor\codeigniter4\framework\system\CodeIgniter.php(943): App\Controllers\admin\InventoryController->getLastPurchasePrice()
#8 D:\xamp\htdocs\sanafreshuk\inventory\vendor\codeigniter4\framework\system\CodeIgniter.php(503): CodeIgniter\CodeIgniter->runController(Object(App\Controllers\admin\InventoryController))
#9 D:\xamp\htdocs\sanafreshuk\inventory\vendor\codeigniter4\framework\system\CodeIgniter.php(361): CodeIgniter\CodeIgniter->handleRequest(NULL, Object(Config\Cache), false)
#10 D:\xamp\htdocs\sanafreshuk\inventory\index.php(79): CodeIgniter\CodeIgniter->run()
#11 {main}
CRITICAL - 2025-10-01 05:44:35 --> CodeIgniter\Database\Exceptions\DatabaseException: Unknown column 'p.supplier_id' in 'where clause'
in SYSTEMPATH\Database\BaseConnection.php on line 647.
 1 SYSTEMPATH\Database\BaseBuilder.php(1616): CodeIgniter\Database\BaseConnection->query('SELECT `poi`.`price`
FROM `products`
JOIN `purchase_order_items` as `poi` ON `p`.`id` = `poi`.`purchase_order_id`
WHERE `p`.`supplier_id` IS NULL
AND `poi`.`product_id` IS NULL
ORDER BY `p`.`id` DESC
 LIMIT 1', [], false)
 2 SYSTEMPATH\Model.php(877): CodeIgniter\Database\BaseBuilder->get()
 3 APPPATH\Models\ProductModel.php(80): CodeIgniter\Model->__call('get', [])
 4 APPPATH\Controllers\admin\InventoryController.php(588): App\Models\ProductModel->getLastPurchaseItemPrice(null, null)
 5 SYSTEMPATH\CodeIgniter.php(943): App\Controllers\admin\InventoryController->getLastPurchasePrice()
 6 SYSTEMPATH\CodeIgniter.php(503): CodeIgniter\CodeIgniter->runController(Object(App\Controllers\admin\InventoryController))
 7 SYSTEMPATH\CodeIgniter.php(361): CodeIgniter\CodeIgniter->handleRequest(null, Object(Config\Cache), false)
 8 FCPATH\index.php(79): CodeIgniter\CodeIgniter->run()
CRITICAL - 2025-10-01 05:44:35 --> [Caused by] CodeIgniter\Database\Exceptions\DatabaseException: Unknown column 'p.supplier_id' in 'where clause'
in SYSTEMPATH\Database\MySQLi\Connection.php on line 311.
 1 SYSTEMPATH\Database\BaseConnection.php(693): CodeIgniter\Database\MySQLi\Connection->execute('SELECT `poi`.`price`
FROM `products`
JOIN `purchase_order_items` as `poi` ON `p`.`id` = `poi`.`purchase_order_id`
WHERE `p`.`supplier_id` IS NULL
AND `poi`.`product_id` IS NULL
ORDER BY `p`.`id` DESC
 LIMIT 1')
 2 SYSTEMPATH\Database\BaseConnection.php(607): CodeIgniter\Database\BaseConnection->simpleQuery('SELECT `poi`.`price`
FROM `products`
JOIN `purchase_order_items` as `poi` ON `p`.`id` = `poi`.`purchase_order_id`
WHERE `p`.`supplier_id` IS NULL
AND `poi`.`product_id` IS NULL
ORDER BY `p`.`id` DESC
 LIMIT 1')
 3 SYSTEMPATH\Database\BaseBuilder.php(1616): CodeIgniter\Database\BaseConnection->query('SELECT `poi`.`price`
FROM `products`
JOIN `purchase_order_items` as `poi` ON `p`.`id` = `poi`.`purchase_order_id`
WHERE `p`.`supplier_id` IS NULL
AND `poi`.`product_id` IS NULL
ORDER BY `p`.`id` DESC
 LIMIT 1', [], false)
 4 SYSTEMPATH\Model.php(877): CodeIgniter\Database\BaseBuilder->get()
 5 APPPATH\Models\ProductModel.php(80): CodeIgniter\Model->__call('get', [])
 6 APPPATH\Controllers\admin\InventoryController.php(588): App\Models\ProductModel->getLastPurchaseItemPrice(null, null)
 7 SYSTEMPATH\CodeIgniter.php(943): App\Controllers\admin\InventoryController->getLastPurchasePrice()
 8 SYSTEMPATH\CodeIgniter.php(503): CodeIgniter\CodeIgniter->runController(Object(App\Controllers\admin\InventoryController))
 9 SYSTEMPATH\CodeIgniter.php(361): CodeIgniter\CodeIgniter->handleRequest(null, Object(Config\Cache), false)
10 FCPATH\index.php(79): CodeIgniter\CodeIgniter->run()
CRITICAL - 2025-10-01 05:44:35 --> [Caused by] mysqli_sql_exception: Unknown column 'p.supplier_id' in 'where clause'
in SYSTEMPATH\Database\MySQLi\Connection.php on line 306.
 1 SYSTEMPATH\Database\MySQLi\Connection.php(306): mysqli->query('SELECT `poi`.`price`
FROM `products`
JOIN `purchase_order_items` as `poi` ON `p`.`id` = `poi`.`purchase_order_id`
WHERE `p`.`supplier_id` IS NULL
AND `poi`.`product_id` IS NULL
ORDER BY `p`.`id` DESC
 LIMIT 1', 0)
 2 SYSTEMPATH\Database\BaseConnection.php(693): CodeIgniter\Database\MySQLi\Connection->execute('SELECT `poi`.`price`
FROM `products`
JOIN `purchase_order_items` as `poi` ON `p`.`id` = `poi`.`purchase_order_id`
WHERE `p`.`supplier_id` IS NULL
AND `poi`.`product_id` IS NULL
ORDER BY `p`.`id` DESC
 LIMIT 1')
 3 SYSTEMPATH\Database\BaseConnection.php(607): CodeIgniter\Database\BaseConnection->simpleQuery('SELECT `poi`.`price`
FROM `products`
JOIN `purchase_order_items` as `poi` ON `p`.`id` = `poi`.`purchase_order_id`
WHERE `p`.`supplier_id` IS NULL
AND `poi`.`product_id` IS NULL
ORDER BY `p`.`id` DESC
 LIMIT 1')
 4 SYSTEMPATH\Database\BaseBuilder.php(1616): CodeIgniter\Database\BaseConnection->query('SELECT `poi`.`price`
FROM `products`
JOIN `purchase_order_items` as `poi` ON `p`.`id` = `poi`.`purchase_order_id`
WHERE `p`.`supplier_id` IS NULL
AND `poi`.`product_id` IS NULL
ORDER BY `p`.`id` DESC
 LIMIT 1', [], false)
 5 SYSTEMPATH\Model.php(877): CodeIgniter\Database\BaseBuilder->get()
 6 APPPATH\Models\ProductModel.php(80): CodeIgniter\Model->__call('get', [])
 7 APPPATH\Controllers\admin\InventoryController.php(588): App\Models\ProductModel->getLastPurchaseItemPrice(null, null)
 8 SYSTEMPATH\CodeIgniter.php(943): App\Controllers\admin\InventoryController->getLastPurchasePrice()
 9 SYSTEMPATH\CodeIgniter.php(503): CodeIgniter\CodeIgniter->runController(Object(App\Controllers\admin\InventoryController))
10 SYSTEMPATH\CodeIgniter.php(361): CodeIgniter\CodeIgniter->handleRequest(null, Object(Config\Cache), false)
11 FCPATH\index.php(79): CodeIgniter\CodeIgniter->run()
INFO - 2025-10-01 05:45:02 --> Session: Class initialized using 'CodeIgniter\Session\Handlers\FileHandler' driver.
INFO - 2025-10-01 05:45:09 --> Session: Class initialized using 'CodeIgniter\Session\Handlers\FileHandler' driver.
INFO - 2025-10-01 05:45:10 --> Session: Class initialized using 'CodeIgniter\Session\Handlers\FileHandler' driver.
INFO - 2025-10-01 05:45:14 --> Session: Class initialized using 'CodeIgniter\Session\Handlers\FileHandler' driver.
ERROR - 2025-10-01 05:45:14 --> mysqli_sql_exception: Unknown column 'p.supplier_id' in 'where clause' in D:\xamp\htdocs\sanafreshuk\inventory\vendor\codeigniter4\framework\system\Database\MySQLi\Connection.php:306
Stack trace:
#0 D:\xamp\htdocs\sanafreshuk\inventory\vendor\codeigniter4\framework\system\Database\MySQLi\Connection.php(306): mysqli->query('SELECT `poi`.`p...', 0)
#1 D:\xamp\htdocs\sanafreshuk\inventory\vendor\codeigniter4\framework\system\Database\BaseConnection.php(693): CodeIgniter\Database\MySQLi\Connection->execute('SELECT `poi`.`p...')
#2 D:\xamp\htdocs\sanafreshuk\inventory\vendor\codeigniter4\framework\system\Database\BaseConnection.php(607): CodeIgniter\Database\BaseConnection->simpleQuery('SELECT `poi`.`p...')
#3 D:\xamp\htdocs\sanafreshuk\inventory\vendor\codeigniter4\framework\system\Database\BaseBuilder.php(1616): CodeIgniter\Database\BaseConnection->query('SELECT `poi`.`p...', Array, false)
#4 D:\xamp\htdocs\sanafreshuk\inventory\vendor\codeigniter4\framework\system\Model.php(877): CodeIgniter\Database\BaseBuilder->get()
#5 D:\xamp\htdocs\sanafreshuk\inventory\app\Models\ProductModel.php(80): CodeIgniter\Model->__call('get', Array)
#6 D:\xamp\htdocs\sanafreshuk\inventory\app\Controllers\admin\InventoryController.php(588): App\Models\ProductModel->getLastPurchaseItemPrice(NULL, NULL)
#7 D:\xamp\htdocs\sanafreshuk\inventory\vendor\codeigniter4\framework\system\CodeIgniter.php(943): App\Controllers\admin\InventoryController->getLastPurchasePrice()
#8 D:\xamp\htdocs\sanafreshuk\inventory\vendor\codeigniter4\framework\system\CodeIgniter.php(503): CodeIgniter\CodeIgniter->runController(Object(App\Controllers\admin\InventoryController))
#9 D:\xamp\htdocs\sanafreshuk\inventory\vendor\codeigniter4\framework\system\CodeIgniter.php(361): CodeIgniter\CodeIgniter->handleRequest(NULL, Object(Config\Cache), false)
#10 D:\xamp\htdocs\sanafreshuk\inventory\index.php(79): CodeIgniter\CodeIgniter->run()
#11 {main}
CRITICAL - 2025-10-01 05:45:14 --> CodeIgniter\Database\Exceptions\DatabaseException: Unknown column 'p.supplier_id' in 'where clause'
in SYSTEMPATH\Database\BaseConnection.php on line 647.
 1 SYSTEMPATH\Database\BaseBuilder.php(1616): CodeIgniter\Database\BaseConnection->query('SELECT `poi`.`price`
FROM `products`
JOIN `purchase_order_items` as `poi` ON `p`.`id` = `poi`.`purchase_order_id`
WHERE `p`.`supplier_id` IS NULL
AND `poi`.`product_id` IS NULL
ORDER BY `p`.`id` DESC
 LIMIT 1', [], false)
 2 SYSTEMPATH\Model.php(877): CodeIgniter\Database\BaseBuilder->get()
 3 APPPATH\Models\ProductModel.php(80): CodeIgniter\Model->__call('get', [])
 4 APPPATH\Controllers\admin\InventoryController.php(588): App\Models\ProductModel->getLastPurchaseItemPrice(null, null)
 5 SYSTEMPATH\CodeIgniter.php(943): App\Controllers\admin\InventoryController->getLastPurchasePrice()
 6 SYSTEMPATH\CodeIgniter.php(503): CodeIgniter\CodeIgniter->runController(Object(App\Controllers\admin\InventoryController))
 7 SYSTEMPATH\CodeIgniter.php(361): CodeIgniter\CodeIgniter->handleRequest(null, Object(Config\Cache), false)
 8 FCPATH\index.php(79): CodeIgniter\CodeIgniter->run()
CRITICAL - 2025-10-01 05:45:14 --> [Caused by] CodeIgniter\Database\Exceptions\DatabaseException: Unknown column 'p.supplier_id' in 'where clause'
in SYSTEMPATH\Database\MySQLi\Connection.php on line 311.
 1 SYSTEMPATH\Database\BaseConnection.php(693): CodeIgniter\Database\MySQLi\Connection->execute('SELECT `poi`.`price`
FROM `products`
JOIN `purchase_order_items` as `poi` ON `p`.`id` = `poi`.`purchase_order_id`
WHERE `p`.`supplier_id` IS NULL
AND `poi`.`product_id` IS NULL
ORDER BY `p`.`id` DESC
 LIMIT 1')
 2 SYSTEMPATH\Database\BaseConnection.php(607): CodeIgniter\Database\BaseConnection->simpleQuery('SELECT `poi`.`price`
FROM `products`
JOIN `purchase_order_items` as `poi` ON `p`.`id` = `poi`.`purchase_order_id`
WHERE `p`.`supplier_id` IS NULL
AND `poi`.`product_id` IS NULL
ORDER BY `p`.`id` DESC
 LIMIT 1')
 3 SYSTEMPATH\Database\BaseBuilder.php(1616): CodeIgniter\Database\BaseConnection->query('SELECT `poi`.`price`
FROM `products`
JOIN `purchase_order_items` as `poi` ON `p`.`id` = `poi`.`purchase_order_id`
WHERE `p`.`supplier_id` IS NULL
AND `poi`.`product_id` IS NULL
ORDER BY `p`.`id` DESC
 LIMIT 1', [], false)
 4 SYSTEMPATH\Model.php(877): CodeIgniter\Database\BaseBuilder->get()
 5 APPPATH\Models\ProductModel.php(80): CodeIgniter\Model->__call('get', [])
 6 APPPATH\Controllers\admin\InventoryController.php(588): App\Models\ProductModel->getLastPurchaseItemPrice(null, null)
 7 SYSTEMPATH\CodeIgniter.php(943): App\Controllers\admin\InventoryController->getLastPurchasePrice()
 8 SYSTEMPATH\CodeIgniter.php(503): CodeIgniter\CodeIgniter->runController(Object(App\Controllers\admin\InventoryController))
 9 SYSTEMPATH\CodeIgniter.php(361): CodeIgniter\CodeIgniter->handleRequest(null, Object(Config\Cache), false)
10 FCPATH\index.php(79): CodeIgniter\CodeIgniter->run()
CRITICAL - 2025-10-01 05:45:14 --> [Caused by] mysqli_sql_exception: Unknown column 'p.supplier_id' in 'where clause'
in SYSTEMPATH\Database\MySQLi\Connection.php on line 306.
 1 SYSTEMPATH\Database\MySQLi\Connection.php(306): mysqli->query('SELECT `poi`.`price`
FROM `products`
JOIN `purchase_order_items` as `poi` ON `p`.`id` = `poi`.`purchase_order_id`
WHERE `p`.`supplier_id` IS NULL
AND `poi`.`product_id` IS NULL
ORDER BY `p`.`id` DESC
 LIMIT 1', 0)
 2 SYSTEMPATH\Database\BaseConnection.php(693): CodeIgniter\Database\MySQLi\Connection->execute('SELECT `poi`.`price`
FROM `products`
JOIN `purchase_order_items` as `poi` ON `p`.`id` = `poi`.`purchase_order_id`
WHERE `p`.`supplier_id` IS NULL
AND `poi`.`product_id` IS NULL
ORDER BY `p`.`id` DESC
 LIMIT 1')
 3 SYSTEMPATH\Database\BaseConnection.php(607): CodeIgniter\Database\BaseConnection->simpleQuery('SELECT `poi`.`price`
FROM `products`
JOIN `purchase_order_items` as `poi` ON `p`.`id` = `poi`.`purchase_order_id`
WHERE `p`.`supplier_id` IS NULL
AND `poi`.`product_id` IS NULL
ORDER BY `p`.`id` DESC
 LIMIT 1')
 4 SYSTEMPATH\Database\BaseBuilder.php(1616): CodeIgniter\Database\BaseConnection->query('SELECT `poi`.`price`
FROM `products`
JOIN `purchase_order_items` as `poi` ON `p`.`id` = `poi`.`purchase_order_id`
WHERE `p`.`supplier_id` IS NULL
AND `poi`.`product_id` IS NULL
ORDER BY `p`.`id` DESC
 LIMIT 1', [], false)
 5 SYSTEMPATH\Model.php(877): CodeIgniter\Database\BaseBuilder->get()
 6 APPPATH\Models\ProductModel.php(80): CodeIgniter\Model->__call('get', [])
 7 APPPATH\Controllers\admin\InventoryController.php(588): App\Models\ProductModel->getLastPurchaseItemPrice(null, null)
 8 SYSTEMPATH\CodeIgniter.php(943): App\Controllers\admin\InventoryController->getLastPurchasePrice()
 9 SYSTEMPATH\CodeIgniter.php(503): CodeIgniter\CodeIgniter->runController(Object(App\Controllers\admin\InventoryController))
10 SYSTEMPATH\CodeIgniter.php(361): CodeIgniter\CodeIgniter->handleRequest(null, Object(Config\Cache), false)
11 FCPATH\index.php(79): CodeIgniter\CodeIgniter->run()
INFO - 2025-10-01 05:45:55 --> Session: Class initialized using 'CodeIgniter\Session\Handlers\FileHandler' driver.
INFO - 2025-10-01 05:45:58 --> Session: Class initialized using 'CodeIgniter\Session\Handlers\FileHandler' driver.
INFO - 2025-10-01 05:45:58 --> Session: Class initialized using 'CodeIgniter\Session\Handlers\FileHandler' driver.
INFO - 2025-10-01 05:46:02 --> Session: Class initialized using 'CodeIgniter\Session\Handlers\FileHandler' driver.
INFO - 2025-10-01 05:46:09 --> Session: Class initialized using 'CodeIgniter\Session\Handlers\FileHandler' driver.
ERROR - 2025-10-01 05:46:09 --> mysqli_sql_exception: Unknown column 'p.supplier_id' in 'where clause' in D:\xamp\htdocs\sanafreshuk\inventory\vendor\codeigniter4\framework\system\Database\MySQLi\Connection.php:306
Stack trace:
#0 D:\xamp\htdocs\sanafreshuk\inventory\vendor\codeigniter4\framework\system\Database\MySQLi\Connection.php(306): mysqli->query('SELECT `poi`.`p...', 0)
#1 D:\xamp\htdocs\sanafreshuk\inventory\vendor\codeigniter4\framework\system\Database\BaseConnection.php(693): CodeIgniter\Database\MySQLi\Connection->execute('SELECT `poi`.`p...')
#2 D:\xamp\htdocs\sanafreshuk\inventory\vendor\codeigniter4\framework\system\Database\BaseConnection.php(607): CodeIgniter\Database\BaseConnection->simpleQuery('SELECT `poi`.`p...')
#3 D:\xamp\htdocs\sanafreshuk\inventory\vendor\codeigniter4\framework\system\Database\BaseBuilder.php(1616): CodeIgniter\Database\BaseConnection->query('SELECT `poi`.`p...', Array, false)
#4 D:\xamp\htdocs\sanafreshuk\inventory\vendor\codeigniter4\framework\system\Model.php(877): CodeIgniter\Database\BaseBuilder->get()
#5 D:\xamp\htdocs\sanafreshuk\inventory\app\Models\ProductModel.php(80): CodeIgniter\Model->__call('get', Array)
#6 D:\xamp\htdocs\sanafreshuk\inventory\app\Controllers\admin\InventoryController.php(588): App\Models\ProductModel->getLastPurchaseItemPrice(NULL, NULL)
#7 D:\xamp\htdocs\sanafreshuk\inventory\vendor\codeigniter4\framework\system\CodeIgniter.php(943): App\Controllers\admin\InventoryController->getLastPurchasePrice()
#8 D:\xamp\htdocs\sanafreshuk\inventory\vendor\codeigniter4\framework\system\CodeIgniter.php(503): CodeIgniter\CodeIgniter->runController(Object(App\Controllers\admin\InventoryController))
#9 D:\xamp\htdocs\sanafreshuk\inventory\vendor\codeigniter4\framework\system\CodeIgniter.php(361): CodeIgniter\CodeIgniter->handleRequest(NULL, Object(Config\Cache), false)
#10 D:\xamp\htdocs\sanafreshuk\inventory\index.php(79): CodeIgniter\CodeIgniter->run()
#11 {main}
CRITICAL - 2025-10-01 05:46:09 --> CodeIgniter\Database\Exceptions\DatabaseException: Unknown column 'p.supplier_id' in 'where clause'
in SYSTEMPATH\Database\BaseConnection.php on line 647.
 1 SYSTEMPATH\Database\BaseBuilder.php(1616): CodeIgniter\Database\BaseConnection->query('SELECT `poi`.`price`
FROM `products`
JOIN `purchase_order_items` as `poi` ON `p`.`id` = `poi`.`purchase_order_id`
WHERE `p`.`supplier_id` IS NULL
AND `poi`.`product_id` IS NULL
ORDER BY `p`.`id` DESC
 LIMIT 1', [], false)
 2 SYSTEMPATH\Model.php(877): CodeIgniter\Database\BaseBuilder->get()
 3 APPPATH\Models\ProductModel.php(80): CodeIgniter\Model->__call('get', [])
 4 APPPATH\Controllers\admin\InventoryController.php(588): App\Models\ProductModel->getLastPurchaseItemPrice(null, null)
 5 SYSTEMPATH\CodeIgniter.php(943): App\Controllers\admin\InventoryController->getLastPurchasePrice()
 6 SYSTEMPATH\CodeIgniter.php(503): CodeIgniter\CodeIgniter->runController(Object(App\Controllers\admin\InventoryController))
 7 SYSTEMPATH\CodeIgniter.php(361): CodeIgniter\CodeIgniter->handleRequest(null, Object(Config\Cache), false)
 8 FCPATH\index.php(79): CodeIgniter\CodeIgniter->run()
CRITICAL - 2025-10-01 05:46:09 --> [Caused by] CodeIgniter\Database\Exceptions\DatabaseException: Unknown column 'p.supplier_id' in 'where clause'
in SYSTEMPATH\Database\MySQLi\Connection.php on line 311.
 1 SYSTEMPATH\Database\BaseConnection.php(693): CodeIgniter\Database\MySQLi\Connection->execute('SELECT `poi`.`price`
FROM `products`
JOIN `purchase_order_items` as `poi` ON `p`.`id` = `poi`.`purchase_order_id`
WHERE `p`.`supplier_id` IS NULL
AND `poi`.`product_id` IS NULL
ORDER BY `p`.`id` DESC
 LIMIT 1')
 2 SYSTEMPATH\Database\BaseConnection.php(607): CodeIgniter\Database\BaseConnection->simpleQuery('SELECT `poi`.`price`
FROM `products`
JOIN `purchase_order_items` as `poi` ON `p`.`id` = `poi`.`purchase_order_id`
WHERE `p`.`supplier_id` IS NULL
AND `poi`.`product_id` IS NULL
ORDER BY `p`.`id` DESC
 LIMIT 1')
 3 SYSTEMPATH\Database\BaseBuilder.php(1616): CodeIgniter\Database\BaseConnection->query('SELECT `poi`.`price`
FROM `products`
JOIN `purchase_order_items` as `poi` ON `p`.`id` = `poi`.`purchase_order_id`
WHERE `p`.`supplier_id` IS NULL
AND `poi`.`product_id` IS NULL
ORDER BY `p`.`id` DESC
 LIMIT 1', [], false)
 4 SYSTEMPATH\Model.php(877): CodeIgniter\Database\BaseBuilder->get()
 5 APPPATH\Models\ProductModel.php(80): CodeIgniter\Model->__call('get', [])
 6 APPPATH\Controllers\admin\InventoryController.php(588): App\Models\ProductModel->getLastPurchaseItemPrice(null, null)
 7 SYSTEMPATH\CodeIgniter.php(943): App\Controllers\admin\InventoryController->getLastPurchasePrice()
 8 SYSTEMPATH\CodeIgniter.php(503): CodeIgniter\CodeIgniter->runController(Object(App\Controllers\admin\InventoryController))
 9 SYSTEMPATH\CodeIgniter.php(361): CodeIgniter\CodeIgniter->handleRequest(null, Object(Config\Cache), false)
10 FCPATH\index.php(79): CodeIgniter\CodeIgniter->run()
CRITICAL - 2025-10-01 05:46:09 --> [Caused by] mysqli_sql_exception: Unknown column 'p.supplier_id' in 'where clause'
in SYSTEMPATH\Database\MySQLi\Connection.php on line 306.
 1 SYSTEMPATH\Database\MySQLi\Connection.php(306): mysqli->query('SELECT `poi`.`price`
FROM `products`
JOIN `purchase_order_items` as `poi` ON `p`.`id` = `poi`.`purchase_order_id`
WHERE `p`.`supplier_id` IS NULL
AND `poi`.`product_id` IS NULL
ORDER BY `p`.`id` DESC
 LIMIT 1', 0)
 2 SYSTEMPATH\Database\BaseConnection.php(693): CodeIgniter\Database\MySQLi\Connection->execute('SELECT `poi`.`price`
FROM `products`
JOIN `purchase_order_items` as `poi` ON `p`.`id` = `poi`.`purchase_order_id`
WHERE `p`.`supplier_id` IS NULL
AND `poi`.`product_id` IS NULL
ORDER BY `p`.`id` DESC
 LIMIT 1')
 3 SYSTEMPATH\Database\BaseConnection.php(607): CodeIgniter\Database\BaseConnection->simpleQuery('SELECT `poi`.`price`
FROM `products`
JOIN `purchase_order_items` as `poi` ON `p`.`id` = `poi`.`purchase_order_id`
WHERE `p`.`supplier_id` IS NULL
AND `poi`.`product_id` IS NULL
ORDER BY `p`.`id` DESC
 LIMIT 1')
 4 SYSTEMPATH\Database\BaseBuilder.php(1616): CodeIgniter\Database\BaseConnection->query('SELECT `poi`.`price`
FROM `products`
JOIN `purchase_order_items` as `poi` ON `p`.`id` = `poi`.`purchase_order_id`
WHERE `p`.`supplier_id` IS NULL
AND `poi`.`product_id` IS NULL
ORDER BY `p`.`id` DESC
 LIMIT 1', [], false)
 5 SYSTEMPATH\Model.php(877): CodeIgniter\Database\BaseBuilder->get()
 6 APPPATH\Models\ProductModel.php(80): CodeIgniter\Model->__call('get', [])
 7 APPPATH\Controllers\admin\InventoryController.php(588): App\Models\ProductModel->getLastPurchaseItemPrice(null, null)
 8 SYSTEMPATH\CodeIgniter.php(943): App\Controllers\admin\InventoryController->getLastPurchasePrice()
 9 SYSTEMPATH\CodeIgniter.php(503): CodeIgniter\CodeIgniter->runController(Object(App\Controllers\admin\InventoryController))
10 SYSTEMPATH\CodeIgniter.php(361): CodeIgniter\CodeIgniter->handleRequest(null, Object(Config\Cache), false)
11 FCPATH\index.php(79): CodeIgniter\CodeIgniter->run()
INFO - 2025-10-01 05:47:27 --> Session: Class initialized using 'CodeIgniter\Session\Handlers\FileHandler' driver.
INFO - 2025-10-01 05:47:28 --> Session: Class initialized using 'CodeIgniter\Session\Handlers\FileHandler' driver.
INFO - 2025-10-01 05:47:34 --> Session: Class initialized using 'CodeIgniter\Session\Handlers\FileHandler' driver.
ERROR - 2025-10-01 05:47:34 --> mysqli_sql_exception: Unknown column 'p.supplier_id' in 'where clause' in D:\xamp\htdocs\sanafreshuk\inventory\vendor\codeigniter4\framework\system\Database\MySQLi\Connection.php:306
Stack trace:
#0 D:\xamp\htdocs\sanafreshuk\inventory\vendor\codeigniter4\framework\system\Database\MySQLi\Connection.php(306): mysqli->query('SELECT `poi`.`p...', 0)
#1 D:\xamp\htdocs\sanafreshuk\inventory\vendor\codeigniter4\framework\system\Database\BaseConnection.php(693): CodeIgniter\Database\MySQLi\Connection->execute('SELECT `poi`.`p...')
#2 D:\xamp\htdocs\sanafreshuk\inventory\vendor\codeigniter4\framework\system\Database\BaseConnection.php(607): CodeIgniter\Database\BaseConnection->simpleQuery('SELECT `poi`.`p...')
#3 D:\xamp\htdocs\sanafreshuk\inventory\vendor\codeigniter4\framework\system\Database\BaseBuilder.php(1616): CodeIgniter\Database\BaseConnection->query('SELECT `poi`.`p...', Array, false)
#4 D:\xamp\htdocs\sanafreshuk\inventory\vendor\codeigniter4\framework\system\Model.php(877): CodeIgniter\Database\BaseBuilder->get()
#5 D:\xamp\htdocs\sanafreshuk\inventory\app\Models\ProductModel.php(80): CodeIgniter\Model->__call('get', Array)
#6 D:\xamp\htdocs\sanafreshuk\inventory\app\Controllers\admin\InventoryController.php(588): App\Models\ProductModel->getLastPurchaseItemPrice(NULL, NULL)
#7 D:\xamp\htdocs\sanafreshuk\inventory\vendor\codeigniter4\framework\system\CodeIgniter.php(943): App\Controllers\admin\InventoryController->getLastPurchasePrice()
#8 D:\xamp\htdocs\sanafreshuk\inventory\vendor\codeigniter4\framework\system\CodeIgniter.php(503): CodeIgniter\CodeIgniter->runController(Object(App\Controllers\admin\InventoryController))
#9 D:\xamp\htdocs\sanafreshuk\inventory\vendor\codeigniter4\framework\system\CodeIgniter.php(361): CodeIgniter\CodeIgniter->handleRequest(NULL, Object(Config\Cache), false)
#10 D:\xamp\htdocs\sanafreshuk\inventory\index.php(79): CodeIgniter\CodeIgniter->run()
#11 {main}
CRITICAL - 2025-10-01 05:47:34 --> CodeIgniter\Database\Exceptions\DatabaseException: Unknown column 'p.supplier_id' in 'where clause'
in SYSTEMPATH\Database\BaseConnection.php on line 647.
 1 SYSTEMPATH\Database\BaseBuilder.php(1616): CodeIgniter\Database\BaseConnection->query('SELECT `poi`.`price`
FROM `products`
JOIN `purchase_order_items` as `poi` ON `p`.`id` = `poi`.`purchase_order_id`
WHERE `p`.`supplier_id` IS NULL
AND `poi`.`product_id` IS NULL
ORDER BY `p`.`id` DESC
 LIMIT 1', [], false)
 2 SYSTEMPATH\Model.php(877): CodeIgniter\Database\BaseBuilder->get()
 3 APPPATH\Models\ProductModel.php(80): CodeIgniter\Model->__call('get', [])
 4 APPPATH\Controllers\admin\InventoryController.php(588): App\Models\ProductModel->getLastPurchaseItemPrice(null, null)
 5 SYSTEMPATH\CodeIgniter.php(943): App\Controllers\admin\InventoryController->getLastPurchasePrice()
 6 SYSTEMPATH\CodeIgniter.php(503): CodeIgniter\CodeIgniter->runController(Object(App\Controllers\admin\InventoryController))
 7 SYSTEMPATH\CodeIgniter.php(361): CodeIgniter\CodeIgniter->handleRequest(null, Object(Config\Cache), false)
 8 FCPATH\index.php(79): CodeIgniter\CodeIgniter->run()
CRITICAL - 2025-10-01 05:47:34 --> [Caused by] CodeIgniter\Database\Exceptions\DatabaseException: Unknown column 'p.supplier_id' in 'where clause'
in SYSTEMPATH\Database\MySQLi\Connection.php on line 311.
 1 SYSTEMPATH\Database\BaseConnection.php(693): CodeIgniter\Database\MySQLi\Connection->execute('SELECT `poi`.`price`
FROM `products`
JOIN `purchase_order_items` as `poi` ON `p`.`id` = `poi`.`purchase_order_id`
WHERE `p`.`supplier_id` IS NULL
AND `poi`.`product_id` IS NULL
ORDER BY `p`.`id` DESC
 LIMIT 1')
 2 SYSTEMPATH\Database\BaseConnection.php(607): CodeIgniter\Database\BaseConnection->simpleQuery('SELECT `poi`.`price`
FROM `products`
JOIN `purchase_order_items` as `poi` ON `p`.`id` = `poi`.`purchase_order_id`
WHERE `p`.`supplier_id` IS NULL
AND `poi`.`product_id` IS NULL
ORDER BY `p`.`id` DESC
 LIMIT 1')
 3 SYSTEMPATH\Database\BaseBuilder.php(1616): CodeIgniter\Database\BaseConnection->query('SELECT `poi`.`price`
FROM `products`
JOIN `purchase_order_items` as `poi` ON `p`.`id` = `poi`.`purchase_order_id`
WHERE `p`.`supplier_id` IS NULL
AND `poi`.`product_id` IS NULL
ORDER BY `p`.`id` DESC
 LIMIT 1', [], false)
 4 SYSTEMPATH\Model.php(877): CodeIgniter\Database\BaseBuilder->get()
 5 APPPATH\Models\ProductModel.php(80): CodeIgniter\Model->__call('get', [])
 6 APPPATH\Controllers\admin\InventoryController.php(588): App\Models\ProductModel->getLastPurchaseItemPrice(null, null)
 7 SYSTEMPATH\CodeIgniter.php(943): App\Controllers\admin\InventoryController->getLastPurchasePrice()
 8 SYSTEMPATH\CodeIgniter.php(503): CodeIgniter\CodeIgniter->runController(Object(App\Controllers\admin\InventoryController))
 9 SYSTEMPATH\CodeIgniter.php(361): CodeIgniter\CodeIgniter->handleRequest(null, Object(Config\Cache), false)
10 FCPATH\index.php(79): CodeIgniter\CodeIgniter->run()
CRITICAL - 2025-10-01 05:47:34 --> [Caused by] mysqli_sql_exception: Unknown column 'p.supplier_id' in 'where clause'
in SYSTEMPATH\Database\MySQLi\Connection.php on line 306.
 1 SYSTEMPATH\Database\MySQLi\Connection.php(306): mysqli->query('SELECT `poi`.`price`
FROM `products`
JOIN `purchase_order_items` as `poi` ON `p`.`id` = `poi`.`purchase_order_id`
WHERE `p`.`supplier_id` IS NULL
AND `poi`.`product_id` IS NULL
ORDER BY `p`.`id` DESC
 LIMIT 1', 0)
 2 SYSTEMPATH\Database\BaseConnection.php(693): CodeIgniter\Database\MySQLi\Connection->execute('SELECT `poi`.`price`
FROM `products`
JOIN `purchase_order_items` as `poi` ON `p`.`id` = `poi`.`purchase_order_id`
WHERE `p`.`supplier_id` IS NULL
AND `poi`.`product_id` IS NULL
ORDER BY `p`.`id` DESC
 LIMIT 1')
 3 SYSTEMPATH\Database\BaseConnection.php(607): CodeIgniter\Database\BaseConnection->simpleQuery('SELECT `poi`.`price`
FROM `products`
JOIN `purchase_order_items` as `poi` ON `p`.`id` = `poi`.`purchase_order_id`
WHERE `p`.`supplier_id` IS NULL
AND `poi`.`product_id` IS NULL
ORDER BY `p`.`id` DESC
 LIMIT 1')
 4 SYSTEMPATH\Database\BaseBuilder.php(1616): CodeIgniter\Database\BaseConnection->query('SELECT `poi`.`price`
FROM `products`
JOIN `purchase_order_items` as `poi` ON `p`.`id` = `poi`.`purchase_order_id`
WHERE `p`.`supplier_id` IS NULL
AND `poi`.`product_id` IS NULL
ORDER BY `p`.`id` DESC
 LIMIT 1', [], false)
 5 SYSTEMPATH\Model.php(877): CodeIgniter\Database\BaseBuilder->get()
 6 APPPATH\Models\ProductModel.php(80): CodeIgniter\Model->__call('get', [])
 7 APPPATH\Controllers\admin\InventoryController.php(588): App\Models\ProductModel->getLastPurchaseItemPrice(null, null)
 8 SYSTEMPATH\CodeIgniter.php(943): App\Controllers\admin\InventoryController->getLastPurchasePrice()
 9 SYSTEMPATH\CodeIgniter.php(503): CodeIgniter\CodeIgniter->runController(Object(App\Controllers\admin\InventoryController))
10 SYSTEMPATH\CodeIgniter.php(361): CodeIgniter\CodeIgniter->handleRequest(null, Object(Config\Cache), false)
11 FCPATH\index.php(79): CodeIgniter\CodeIgniter->run()
INFO - 2025-10-01 05:49:38 --> Session: Class initialized using 'CodeIgniter\Session\Handlers\FileHandler' driver.
INFO - 2025-10-01 05:49:39 --> Session: Class initialized using 'CodeIgniter\Session\Handlers\FileHandler' driver.
INFO - 2025-10-01 05:49:48 --> Session: Class initialized using 'CodeIgniter\Session\Handlers\FileHandler' driver.
ERROR - 2025-10-01 05:49:48 --> mysqli_sql_exception: Unknown column 'p.supplier_id' in 'where clause' in D:\xamp\htdocs\sanafreshuk\inventory\vendor\codeigniter4\framework\system\Database\MySQLi\Connection.php:306
Stack trace:
#0 D:\xamp\htdocs\sanafreshuk\inventory\vendor\codeigniter4\framework\system\Database\MySQLi\Connection.php(306): mysqli->query('SELECT `poi`.`p...', 0)
#1 D:\xamp\htdocs\sanafreshuk\inventory\vendor\codeigniter4\framework\system\Database\BaseConnection.php(693): CodeIgniter\Database\MySQLi\Connection->execute('SELECT `poi`.`p...')
#2 D:\xamp\htdocs\sanafreshuk\inventory\vendor\codeigniter4\framework\system\Database\BaseConnection.php(607): CodeIgniter\Database\BaseConnection->simpleQuery('SELECT `poi`.`p...')
#3 D:\xamp\htdocs\sanafreshuk\inventory\vendor\codeigniter4\framework\system\Database\BaseBuilder.php(1616): CodeIgniter\Database\BaseConnection->query('SELECT `poi`.`p...', Array, false)
#4 D:\xamp\htdocs\sanafreshuk\inventory\vendor\codeigniter4\framework\system\Model.php(877): CodeIgniter\Database\BaseBuilder->get()
#5 D:\xamp\htdocs\sanafreshuk\inventory\app\Models\ProductModel.php(80): CodeIgniter\Model->__call('get', Array)
#6 D:\xamp\htdocs\sanafreshuk\inventory\app\Controllers\admin\InventoryController.php(588): App\Models\ProductModel->getLastPurchaseItemPrice(NULL, NULL)
#7 D:\xamp\htdocs\sanafreshuk\inventory\vendor\codeigniter4\framework\system\CodeIgniter.php(943): App\Controllers\admin\InventoryController->getLastPurchasePrice()
#8 D:\xamp\htdocs\sanafreshuk\inventory\vendor\codeigniter4\framework\system\CodeIgniter.php(503): CodeIgniter\CodeIgniter->runController(Object(App\Controllers\admin\InventoryController))
#9 D:\xamp\htdocs\sanafreshuk\inventory\vendor\codeigniter4\framework\system\CodeIgniter.php(361): CodeIgniter\CodeIgniter->handleRequest(NULL, Object(Config\Cache), false)
#10 D:\xamp\htdocs\sanafreshuk\inventory\index.php(79): CodeIgniter\CodeIgniter->run()
#11 {main}
CRITICAL - 2025-10-01 05:49:48 --> CodeIgniter\Database\Exceptions\DatabaseException: Unknown column 'p.supplier_id' in 'where clause'
in SYSTEMPATH\Database\BaseConnection.php on line 647.
 1 SYSTEMPATH\Database\BaseBuilder.php(1616): CodeIgniter\Database\BaseConnection->query('SELECT `poi`.`price`
FROM `products`
JOIN `purchase_order_items` as `poi` ON `p`.`id` = `poi`.`purchase_order_id`
WHERE `p`.`supplier_id` IS NULL
AND `poi`.`product_id` IS NULL
ORDER BY `p`.`id` DESC
 LIMIT 1', [], false)
 2 SYSTEMPATH\Model.php(877): CodeIgniter\Database\BaseBuilder->get()
 3 APPPATH\Models\ProductModel.php(80): CodeIgniter\Model->__call('get', [])
 4 APPPATH\Controllers\admin\InventoryController.php(588): App\Models\ProductModel->getLastPurchaseItemPrice(null, null)
 5 SYSTEMPATH\CodeIgniter.php(943): App\Controllers\admin\InventoryController->getLastPurchasePrice()
 6 SYSTEMPATH\CodeIgniter.php(503): CodeIgniter\CodeIgniter->runController(Object(App\Controllers\admin\InventoryController))
 7 SYSTEMPATH\CodeIgniter.php(361): CodeIgniter\CodeIgniter->handleRequest(null, Object(Config\Cache), false)
 8 FCPATH\index.php(79): CodeIgniter\CodeIgniter->run()
CRITICAL - 2025-10-01 05:49:48 --> [Caused by] CodeIgniter\Database\Exceptions\DatabaseException: Unknown column 'p.supplier_id' in 'where clause'
in SYSTEMPATH\Database\MySQLi\Connection.php on line 311.
 1 SYSTEMPATH\Database\BaseConnection.php(693): CodeIgniter\Database\MySQLi\Connection->execute('SELECT `poi`.`price`
FROM `products`
JOIN `purchase_order_items` as `poi` ON `p`.`id` = `poi`.`purchase_order_id`
WHERE `p`.`supplier_id` IS NULL
AND `poi`.`product_id` IS NULL
ORDER BY `p`.`id` DESC
 LIMIT 1')
 2 SYSTEMPATH\Database\BaseConnection.php(607): CodeIgniter\Database\BaseConnection->simpleQuery('SELECT `poi`.`price`
FROM `products`
JOIN `purchase_order_items` as `poi` ON `p`.`id` = `poi`.`purchase_order_id`
WHERE `p`.`supplier_id` IS NULL
AND `poi`.`product_id` IS NULL
ORDER BY `p`.`id` DESC
 LIMIT 1')
 3 SYSTEMPATH\Database\BaseBuilder.php(1616): CodeIgniter\Database\BaseConnection->query('SELECT `poi`.`price`
FROM `products`
JOIN `purchase_order_items` as `poi` ON `p`.`id` = `poi`.`purchase_order_id`
WHERE `p`.`supplier_id` IS NULL
AND `poi`.`product_id` IS NULL
ORDER BY `p`.`id` DESC
 LIMIT 1', [], false)
 4 SYSTEMPATH\Model.php(877): CodeIgniter\Database\BaseBuilder->get()
 5 APPPATH\Models\ProductModel.php(80): CodeIgniter\Model->__call('get', [])
 6 APPPATH\Controllers\admin\InventoryController.php(588): App\Models\ProductModel->getLastPurchaseItemPrice(null, null)
 7 SYSTEMPATH\CodeIgniter.php(943): App\Controllers\admin\InventoryController->getLastPurchasePrice()
 8 SYSTEMPATH\CodeIgniter.php(503): CodeIgniter\CodeIgniter->runController(Object(App\Controllers\admin\InventoryController))
 9 SYSTEMPATH\CodeIgniter.php(361): CodeIgniter\CodeIgniter->handleRequest(null, Object(Config\Cache), false)
10 FCPATH\index.php(79): CodeIgniter\CodeIgniter->run()
CRITICAL - 2025-10-01 05:49:48 --> [Caused by] mysqli_sql_exception: Unknown column 'p.supplier_id' in 'where clause'
in SYSTEMPATH\Database\MySQLi\Connection.php on line 306.
 1 SYSTEMPATH\Database\MySQLi\Connection.php(306): mysqli->query('SELECT `poi`.`price`
FROM `products`
JOIN `purchase_order_items` as `poi` ON `p`.`id` = `poi`.`purchase_order_id`
WHERE `p`.`supplier_id` IS NULL
AND `poi`.`product_id` IS NULL
ORDER BY `p`.`id` DESC
 LIMIT 1', 0)
 2 SYSTEMPATH\Database\BaseConnection.php(693): CodeIgniter\Database\MySQLi\Connection->execute('SELECT `poi`.`price`
FROM `products`
JOIN `purchase_order_items` as `poi` ON `p`.`id` = `poi`.`purchase_order_id`
WHERE `p`.`supplier_id` IS NULL
AND `poi`.`product_id` IS NULL
ORDER BY `p`.`id` DESC
 LIMIT 1')
 3 SYSTEMPATH\Database\BaseConnection.php(607): CodeIgniter\Database\BaseConnection->simpleQuery('SELECT `poi`.`price`
FROM `products`
JOIN `purchase_order_items` as `poi` ON `p`.`id` = `poi`.`purchase_order_id`
WHERE `p`.`supplier_id` IS NULL
AND `poi`.`product_id` IS NULL
ORDER BY `p`.`id` DESC
 LIMIT 1')
 4 SYSTEMPATH\Database\BaseBuilder.php(1616): CodeIgniter\Database\BaseConnection->query('SELECT `poi`.`price`
FROM `products`
JOIN `purchase_order_items` as `poi` ON `p`.`id` = `poi`.`purchase_order_id`
WHERE `p`.`supplier_id` IS NULL
AND `poi`.`product_id` IS NULL
ORDER BY `p`.`id` DESC
 LIMIT 1', [], false)
 5 SYSTEMPATH\Model.php(877): CodeIgniter\Database\BaseBuilder->get()
 6 APPPATH\Models\ProductModel.php(80): CodeIgniter\Model->__call('get', [])
 7 APPPATH\Controllers\admin\InventoryController.php(588): App\Models\ProductModel->getLastPurchaseItemPrice(null, null)
 8 SYSTEMPATH\CodeIgniter.php(943): App\Controllers\admin\InventoryController->getLastPurchasePrice()
 9 SYSTEMPATH\CodeIgniter.php(503): CodeIgniter\CodeIgniter->runController(Object(App\Controllers\admin\InventoryController))
10 SYSTEMPATH\CodeIgniter.php(361): CodeIgniter\CodeIgniter->handleRequest(null, Object(Config\Cache), false)
11 FCPATH\index.php(79): CodeIgniter\CodeIgniter->run()
INFO - 2025-10-01 05:51:19 --> Session: Class initialized using 'CodeIgniter\Session\Handlers\FileHandler' driver.
INFO - 2025-10-01 05:51:19 --> Session: Class initialized using 'CodeIgniter\Session\Handlers\FileHandler' driver.
INFO - 2025-10-01 05:51:26 --> Session: Class initialized using 'CodeIgniter\Session\Handlers\FileHandler' driver.
ERROR - 2025-10-01 05:51:26 --> mysqli_sql_exception: Unknown column 'p.supplier_id' in 'where clause' in D:\xamp\htdocs\sanafreshuk\inventory\vendor\codeigniter4\framework\system\Database\MySQLi\Connection.php:306
Stack trace:
#0 D:\xamp\htdocs\sanafreshuk\inventory\vendor\codeigniter4\framework\system\Database\MySQLi\Connection.php(306): mysqli->query('SELECT `poi`.`p...', 0)
#1 D:\xamp\htdocs\sanafreshuk\inventory\vendor\codeigniter4\framework\system\Database\BaseConnection.php(693): CodeIgniter\Database\MySQLi\Connection->execute('SELECT `poi`.`p...')
#2 D:\xamp\htdocs\sanafreshuk\inventory\vendor\codeigniter4\framework\system\Database\BaseConnection.php(607): CodeIgniter\Database\BaseConnection->simpleQuery('SELECT `poi`.`p...')
#3 D:\xamp\htdocs\sanafreshuk\inventory\vendor\codeigniter4\framework\system\Database\BaseBuilder.php(1616): CodeIgniter\Database\BaseConnection->query('SELECT `poi`.`p...', Array, false)
#4 D:\xamp\htdocs\sanafreshuk\inventory\vendor\codeigniter4\framework\system\Model.php(877): CodeIgniter\Database\BaseBuilder->get()
#5 D:\xamp\htdocs\sanafreshuk\inventory\app\Models\PurchaseOrderModel.php(67): CodeIgniter\Model->__call('get', Array)
#6 D:\xamp\htdocs\sanafreshuk\inventory\app\Controllers\admin\InventoryController.php(588): App\Models\PurchaseOrderModel->getLastPurchaseItemPrice(NULL, NULL)
#7 D:\xamp\htdocs\sanafreshuk\inventory\vendor\codeigniter4\framework\system\CodeIgniter.php(943): App\Controllers\admin\InventoryController->getLastPurchasePrice()
#8 D:\xamp\htdocs\sanafreshuk\inventory\vendor\codeigniter4\framework\system\CodeIgniter.php(503): CodeIgniter\CodeIgniter->runController(Object(App\Controllers\admin\InventoryController))
#9 D:\xamp\htdocs\sanafreshuk\inventory\vendor\codeigniter4\framework\system\CodeIgniter.php(361): CodeIgniter\CodeIgniter->handleRequest(NULL, Object(Config\Cache), false)
#10 D:\xamp\htdocs\sanafreshuk\inventory\index.php(79): CodeIgniter\CodeIgniter->run()
#11 {main}
CRITICAL - 2025-10-01 05:51:26 --> CodeIgniter\Database\Exceptions\DatabaseException: Unknown column 'p.supplier_id' in 'where clause'
in SYSTEMPATH\Database\BaseConnection.php on line 647.
 1 SYSTEMPATH\Database\BaseBuilder.php(1616): CodeIgniter\Database\BaseConnection->query('SELECT `poi`.`price`
FROM `purchase_orders`
JOIN `purchase_order_items` as `poi` ON `p`.`id` = `poi`.`purchase_order_id`
WHERE `p`.`supplier_id` IS NULL
AND `poi`.`product_id` IS NULL
ORDER BY `p`.`id` DESC
 LIMIT 1', [], false)
 2 SYSTEMPATH\Model.php(877): CodeIgniter\Database\BaseBuilder->get()
 3 APPPATH\Models\PurchaseOrderModel.php(67): CodeIgniter\Model->__call('get', [])
 4 APPPATH\Controllers\admin\InventoryController.php(588): App\Models\PurchaseOrderModel->getLastPurchaseItemPrice(null, null)
 5 SYSTEMPATH\CodeIgniter.php(943): App\Controllers\admin\InventoryController->getLastPurchasePrice()
 6 SYSTEMPATH\CodeIgniter.php(503): CodeIgniter\CodeIgniter->runController(Object(App\Controllers\admin\InventoryController))
 7 SYSTEMPATH\CodeIgniter.php(361): CodeIgniter\CodeIgniter->handleRequest(null, Object(Config\Cache), false)
 8 FCPATH\index.php(79): CodeIgniter\CodeIgniter->run()
CRITICAL - 2025-10-01 05:51:26 --> [Caused by] CodeIgniter\Database\Exceptions\DatabaseException: Unknown column 'p.supplier_id' in 'where clause'
in SYSTEMPATH\Database\MySQLi\Connection.php on line 311.
 1 SYSTEMPATH\Database\BaseConnection.php(693): CodeIgniter\Database\MySQLi\Connection->execute('SELECT `poi`.`price`
FROM `purchase_orders`
JOIN `purchase_order_items` as `poi` ON `p`.`id` = `poi`.`purchase_order_id`
WHERE `p`.`supplier_id` IS NULL
AND `poi`.`product_id` IS NULL
ORDER BY `p`.`id` DESC
 LIMIT 1')
 2 SYSTEMPATH\Database\BaseConnection.php(607): CodeIgniter\Database\BaseConnection->simpleQuery('SELECT `poi`.`price`
FROM `purchase_orders`
JOIN `purchase_order_items` as `poi` ON `p`.`id` = `poi`.`purchase_order_id`
WHERE `p`.`supplier_id` IS NULL
AND `poi`.`product_id` IS NULL
ORDER BY `p`.`id` DESC
 LIMIT 1')
 3 SYSTEMPATH\Database\BaseBuilder.php(1616): CodeIgniter\Database\BaseConnection->query('SELECT `poi`.`price`
FROM `purchase_orders`
JOIN `purchase_order_items` as `poi` ON `p`.`id` = `poi`.`purchase_order_id`
WHERE `p`.`supplier_id` IS NULL
AND `poi`.`product_id` IS NULL
ORDER BY `p`.`id` DESC
 LIMIT 1', [], false)
 4 SYSTEMPATH\Model.php(877): CodeIgniter\Database\BaseBuilder->get()
 5 APPPATH\Models\PurchaseOrderModel.php(67): CodeIgniter\Model->__call('get', [])
 6 APPPATH\Controllers\admin\InventoryController.php(588): App\Models\PurchaseOrderModel->getLastPurchaseItemPrice(null, null)
 7 SYSTEMPATH\CodeIgniter.php(943): App\Controllers\admin\InventoryController->getLastPurchasePrice()
 8 SYSTEMPATH\CodeIgniter.php(503): CodeIgniter\CodeIgniter->runController(Object(App\Controllers\admin\InventoryController))
 9 SYSTEMPATH\CodeIgniter.php(361): CodeIgniter\CodeIgniter->handleRequest(null, Object(Config\Cache), false)
10 FCPATH\index.php(79): CodeIgniter\CodeIgniter->run()
CRITICAL - 2025-10-01 05:51:26 --> [Caused by] mysqli_sql_exception: Unknown column 'p.supplier_id' in 'where clause'
in SYSTEMPATH\Database\MySQLi\Connection.php on line 306.
 1 SYSTEMPATH\Database\MySQLi\Connection.php(306): mysqli->query('SELECT `poi`.`price`
FROM `purchase_orders`
JOIN `purchase_order_items` as `poi` ON `p`.`id` = `poi`.`purchase_order_id`
WHERE `p`.`supplier_id` IS NULL
AND `poi`.`product_id` IS NULL
ORDER BY `p`.`id` DESC
 LIMIT 1', 0)
 2 SYSTEMPATH\Database\BaseConnection.php(693): CodeIgniter\Database\MySQLi\Connection->execute('SELECT `poi`.`price`
FROM `purchase_orders`
JOIN `purchase_order_items` as `poi` ON `p`.`id` = `poi`.`purchase_order_id`
WHERE `p`.`supplier_id` IS NULL
AND `poi`.`product_id` IS NULL
ORDER BY `p`.`id` DESC
 LIMIT 1')
 3 SYSTEMPATH\Database\BaseConnection.php(607): CodeIgniter\Database\BaseConnection->simpleQuery('SELECT `poi`.`price`
FROM `purchase_orders`
JOIN `purchase_order_items` as `poi` ON `p`.`id` = `poi`.`purchase_order_id`
WHERE `p`.`supplier_id` IS NULL
AND `poi`.`product_id` IS NULL
ORDER BY `p`.`id` DESC
 LIMIT 1')
 4 SYSTEMPATH\Database\BaseBuilder.php(1616): CodeIgniter\Database\BaseConnection->query('SELECT `poi`.`price`
FROM `purchase_orders`
JOIN `purchase_order_items` as `poi` ON `p`.`id` = `poi`.`purchase_order_id`
WHERE `p`.`supplier_id` IS NULL
AND `poi`.`product_id` IS NULL
ORDER BY `p`.`id` DESC
 LIMIT 1', [], false)
 5 SYSTEMPATH\Model.php(877): CodeIgniter\Database\BaseBuilder->get()
 6 APPPATH\Models\PurchaseOrderModel.php(67): CodeIgniter\Model->__call('get', [])
 7 APPPATH\Controllers\admin\InventoryController.php(588): App\Models\PurchaseOrderModel->getLastPurchaseItemPrice(null, null)
 8 SYSTEMPATH\CodeIgniter.php(943): App\Controllers\admin\InventoryController->getLastPurchasePrice()
 9 SYSTEMPATH\CodeIgniter.php(503): CodeIgniter\CodeIgniter->runController(Object(App\Controllers\admin\InventoryController))
10 SYSTEMPATH\CodeIgniter.php(361): CodeIgniter\CodeIgniter->handleRequest(null, Object(Config\Cache), false)
11 FCPATH\index.php(79): CodeIgniter\CodeIgniter->run()
INFO - 2025-10-01 05:54:15 --> Session: Class initialized using 'CodeIgniter\Session\Handlers\FileHandler' driver.
INFO - 2025-10-01 05:54:18 --> Session: Class initialized using 'CodeIgniter\Session\Handlers\FileHandler' driver.
INFO - 2025-10-01 05:54:19 --> Session: Class initialized using 'CodeIgniter\Session\Handlers\FileHandler' driver.
INFO - 2025-10-01 05:54:32 --> Session: Class initialized using 'CodeIgniter\Session\Handlers\FileHandler' driver.
INFO - 2025-10-01 05:54:37 --> Session: Class initialized using 'CodeIgniter\Session\Handlers\FileHandler' driver.
ERROR - 2025-10-01 05:54:37 --> mysqli_sql_exception: Unknown table 'sanainventory.p' in D:\xamp\htdocs\sanafreshuk\inventory\vendor\codeigniter4\framework\system\Database\MySQLi\Connection.php:306
Stack trace:
#0 D:\xamp\htdocs\sanafreshuk\inventory\vendor\codeigniter4\framework\system\Database\MySQLi\Connection.php(306): mysqli->query('SELECT `p`.*\nFR...', 0)
#1 D:\xamp\htdocs\sanafreshuk\inventory\vendor\codeigniter4\framework\system\Database\BaseConnection.php(693): CodeIgniter\Database\MySQLi\Connection->execute('SELECT `p`.*\nFR...')
#2 D:\xamp\htdocs\sanafreshuk\inventory\vendor\codeigniter4\framework\system\Database\BaseConnection.php(607): CodeIgniter\Database\BaseConnection->simpleQuery('SELECT `p`.*\nFR...')
#3 D:\xamp\htdocs\sanafreshuk\inventory\vendor\codeigniter4\framework\system\Database\BaseBuilder.php(1616): CodeIgniter\Database\BaseConnection->query('SELECT `p`.*\nFR...', Array, false)
#4 D:\xamp\htdocs\sanafreshuk\inventory\vendor\codeigniter4\framework\system\Model.php(877): CodeIgniter\Database\BaseBuilder->get()
#5 D:\xamp\htdocs\sanafreshuk\inventory\app\Models\PurchaseOrderModel.php(68): CodeIgniter\Model->__call('get', Array)
#6 D:\xamp\htdocs\sanafreshuk\inventory\app\Controllers\admin\InventoryController.php(587): App\Models\PurchaseOrderModel->getLastPurchaseItemPrice(NULL, NULL)
#7 D:\xamp\htdocs\sanafreshuk\inventory\vendor\codeigniter4\framework\system\CodeIgniter.php(943): App\Controllers\admin\InventoryController->getLastPurchasePrice()
#8 D:\xamp\htdocs\sanafreshuk\inventory\vendor\codeigniter4\framework\system\CodeIgniter.php(503): CodeIgniter\CodeIgniter->runController(Object(App\Controllers\admin\InventoryController))
#9 D:\xamp\htdocs\sanafreshuk\inventory\vendor\codeigniter4\framework\system\CodeIgniter.php(361): CodeIgniter\CodeIgniter->handleRequest(NULL, Object(Config\Cache), false)
#10 D:\xamp\htdocs\sanafreshuk\inventory\index.php(79): CodeIgniter\CodeIgniter->run()
#11 {main}
CRITICAL - 2025-10-01 05:54:37 --> CodeIgniter\Database\Exceptions\DatabaseException: Unknown table 'sanainventory.p'
in SYSTEMPATH\Database\BaseConnection.php on line 647.
 1 SYSTEMPATH\Database\BaseBuilder.php(1616): CodeIgniter\Database\BaseConnection->query('SELECT `p`.*
FROM `purchase_orders`', [], false)
 2 SYSTEMPATH\Model.php(877): CodeIgniter\Database\BaseBuilder->get()
 3 APPPATH\Models\PurchaseOrderModel.php(68): CodeIgniter\Model->__call('get', [])
 4 APPPATH\Controllers\admin\InventoryController.php(587): App\Models\PurchaseOrderModel->getLastPurchaseItemPrice(null, null)
 5 SYSTEMPATH\CodeIgniter.php(943): App\Controllers\admin\InventoryController->getLastPurchasePrice()
 6 SYSTEMPATH\CodeIgniter.php(503): CodeIgniter\CodeIgniter->runController(Object(App\Controllers\admin\InventoryController))
 7 SYSTEMPATH\CodeIgniter.php(361): CodeIgniter\CodeIgniter->handleRequest(null, Object(Config\Cache), false)
 8 FCPATH\index.php(79): CodeIgniter\CodeIgniter->run()
CRITICAL - 2025-10-01 05:54:37 --> [Caused by] CodeIgniter\Database\Exceptions\DatabaseException: Unknown table 'sanainventory.p'
in SYSTEMPATH\Database\MySQLi\Connection.php on line 311.
 1 SYSTEMPATH\Database\BaseConnection.php(693): CodeIgniter\Database\MySQLi\Connection->execute('SELECT `p`.*
FROM `purchase_orders`')
 2 SYSTEMPATH\Database\BaseConnection.php(607): CodeIgniter\Database\BaseConnection->simpleQuery('SELECT `p`.*
FROM `purchase_orders`')
 3 SYSTEMPATH\Database\BaseBuilder.php(1616): CodeIgniter\Database\BaseConnection->query('SELECT `p`.*
FROM `purchase_orders`', [], false)
 4 SYSTEMPATH\Model.php(877): CodeIgniter\Database\BaseBuilder->get()
 5 APPPATH\Models\PurchaseOrderModel.php(68): CodeIgniter\Model->__call('get', [])
 6 APPPATH\Controllers\admin\InventoryController.php(587): App\Models\PurchaseOrderModel->getLastPurchaseItemPrice(null, null)
 7 SYSTEMPATH\CodeIgniter.php(943): App\Controllers\admin\InventoryController->getLastPurchasePrice()
 8 SYSTEMPATH\CodeIgniter.php(503): CodeIgniter\CodeIgniter->runController(Object(App\Controllers\admin\InventoryController))
 9 SYSTEMPATH\CodeIgniter.php(361): CodeIgniter\CodeIgniter->handleRequest(null, Object(Config\Cache), false)
10 FCPATH\index.php(79): CodeIgniter\CodeIgniter->run()
CRITICAL - 2025-10-01 05:54:37 --> [Caused by] mysqli_sql_exception: Unknown table 'sanainventory.p'
in SYSTEMPATH\Database\MySQLi\Connection.php on line 306.
 1 SYSTEMPATH\Database\MySQLi\Connection.php(306): mysqli->query('SELECT `p`.*
FROM `purchase_orders`', 0)
 2 SYSTEMPATH\Database\BaseConnection.php(693): CodeIgniter\Database\MySQLi\Connection->execute('SELECT `p`.*
FROM `purchase_orders`')
 3 SYSTEMPATH\Database\BaseConnection.php(607): CodeIgniter\Database\BaseConnection->simpleQuery('SELECT `p`.*
FROM `purchase_orders`')
 4 SYSTEMPATH\Database\BaseBuilder.php(1616): CodeIgniter\Database\BaseConnection->query('SELECT `p`.*
FROM `purchase_orders`', [], false)
 5 SYSTEMPATH\Model.php(877): CodeIgniter\Database\BaseBuilder->get()
 6 APPPATH\Models\PurchaseOrderModel.php(68): CodeIgniter\Model->__call('get', [])
 7 APPPATH\Controllers\admin\InventoryController.php(587): App\Models\PurchaseOrderModel->getLastPurchaseItemPrice(null, null)
 8 SYSTEMPATH\CodeIgniter.php(943): App\Controllers\admin\InventoryController->getLastPurchasePrice()
 9 SYSTEMPATH\CodeIgniter.php(503): CodeIgniter\CodeIgniter->runController(Object(App\Controllers\admin\InventoryController))
10 SYSTEMPATH\CodeIgniter.php(361): CodeIgniter\CodeIgniter->handleRequest(null, Object(Config\Cache), false)
11 FCPATH\index.php(79): CodeIgniter\CodeIgniter->run()
INFO - 2025-10-01 05:56:37 --> Session: Class initialized using 'CodeIgniter\Session\Handlers\FileHandler' driver.
CRITICAL - 2025-10-01 05:56:37 --> Error: Call to undefined method CodeIgniter\Database\MySQLi\Connection::select()
in APPPATH\Models\PurchaseOrderModel.php on line 59.
 1 APPPATH\Controllers\admin\InventoryController.php(587): App\Models\PurchaseOrderModel->getLastPurchaseItemPrice(null, null)
 2 SYSTEMPATH\CodeIgniter.php(943): App\Controllers\admin\InventoryController->getLastPurchasePrice()
 3 SYSTEMPATH\CodeIgniter.php(503): CodeIgniter\CodeIgniter->runController(Object(App\Controllers\admin\InventoryController))
 4 SYSTEMPATH\CodeIgniter.php(361): CodeIgniter\CodeIgniter->handleRequest(null, Object(Config\Cache), false)
 5 FCPATH\index.php(79): CodeIgniter\CodeIgniter->run()
INFO - 2025-10-01 05:57:24 --> Session: Class initialized using 'CodeIgniter\Session\Handlers\FileHandler' driver.
INFO - 2025-10-01 05:57:44 --> Session: Class initialized using 'CodeIgniter\Session\Handlers\FileHandler' driver.
INFO - 2025-10-01 05:57:45 --> Session: Class initialized using 'CodeIgniter\Session\Handlers\FileHandler' driver.
INFO - 2025-10-01 05:57:51 --> Session: Class initialized using 'CodeIgniter\Session\Handlers\FileHandler' driver.
INFO - 2025-10-01 05:58:06 --> Session: Class initialized using 'CodeIgniter\Session\Handlers\FileHandler' driver.
INFO - 2025-10-01 05:58:13 --> Session: Class initialized using 'CodeIgniter\Session\Handlers\FileHandler' driver.
INFO - 2025-10-01 05:58:57 --> Session: Class initialized using 'CodeIgniter\Session\Handlers\FileHandler' driver.
INFO - 2025-10-01 05:58:59 --> Session: Class initialized using 'CodeIgniter\Session\Handlers\FileHandler' driver.
INFO - 2025-10-01 05:59:43 --> Session: Class initialized using 'CodeIgniter\Session\Handlers\FileHandler' driver.
INFO - 2025-10-01 05:59:48 --> Session: Class initialized using 'CodeIgniter\Session\Handlers\FileHandler' driver.
INFO - 2025-10-01 05:59:48 --> Session: Class initialized using 'CodeIgniter\Session\Handlers\FileHandler' driver.
INFO - 2025-10-01 05:59:53 --> Session: Class initialized using 'CodeIgniter\Session\Handlers\FileHandler' driver.
INFO - 2025-10-01 06:00:34 --> Session: Class initialized using 'CodeIgniter\Session\Handlers\FileHandler' driver.
INFO - 2025-10-01 06:01:15 --> Session: Class initialized using 'CodeIgniter\Session\Handlers\FileHandler' driver.
INFO - 2025-10-01 06:01:39 --> Session: Class initialized using 'CodeIgniter\Session\Handlers\FileHandler' driver.
INFO - 2025-10-01 06:01:52 --> Session: Class initialized using 'CodeIgniter\Session\Handlers\FileHandler' driver.
INFO - 2025-10-01 06:02:30 --> Session: Class initialized using 'CodeIgniter\Session\Handlers\FileHandler' driver.
INFO - 2025-10-01 06:02:31 --> Session: Class initialized using 'CodeIgniter\Session\Handlers\FileHandler' driver.
INFO - 2025-10-01 06:02:39 --> Session: Class initialized using 'CodeIgniter\Session\Handlers\FileHandler' driver.
INFO - 2025-10-01 06:02:59 --> Session: Class initialized using 'CodeIgniter\Session\Handlers\FileHandler' driver.
INFO - 2025-10-01 06:05:48 --> Session: Class initialized using 'CodeIgniter\Session\Handlers\FileHandler' driver.
INFO - 2025-10-01 06:06:03 --> Session: Class initialized using 'CodeIgniter\Session\Handlers\FileHandler' driver.
INFO - 2025-10-01 06:06:09 --> Session: Class initialized using 'CodeIgniter\Session\Handlers\FileHandler' driver.
INFO - 2025-10-01 06:06:27 --> Session: Class initialized using 'CodeIgniter\Session\Handlers\FileHandler' driver.
INFO - 2025-10-01 06:08:55 --> Session: Class initialized using 'CodeIgniter\Session\Handlers\FileHandler' driver.
INFO - 2025-10-01 06:08:56 --> Session: Class initialized using 'CodeIgniter\Session\Handlers\FileHandler' driver.
INFO - 2025-10-01 06:09:01 --> Session: Class initialized using 'CodeIgniter\Session\Handlers\FileHandler' driver.
INFO - 2025-10-01 06:09:18 --> Session: Class initialized using 'CodeIgniter\Session\Handlers\FileHandler' driver.
INFO - 2025-10-01 06:10:17 --> Session: Class initialized using 'CodeIgniter\Session\Handlers\FileHandler' driver.
INFO - 2025-10-01 06:10:18 --> Session: Class initialized using 'CodeIgniter\Session\Handlers\FileHandler' driver.
INFO - 2025-10-01 06:10:26 --> Session: Class initialized using 'CodeIgniter\Session\Handlers\FileHandler' driver.
INFO - 2025-10-01 06:10:56 --> Session: Class initialized using 'CodeIgniter\Session\Handlers\FileHandler' driver.
INFO - 2025-10-01 06:10:56 --> Session: Class initialized using 'CodeIgniter\Session\Handlers\FileHandler' driver.
INFO - 2025-10-01 06:11:05 --> Session: Class initialized using 'CodeIgniter\Session\Handlers\FileHandler' driver.
INFO - 2025-10-01 06:12:05 --> Session: Class initialized using 'CodeIgniter\Session\Handlers\FileHandler' driver.
INFO - 2025-10-01 06:12:14 --> Session: Class initialized using 'CodeIgniter\Session\Handlers\FileHandler' driver.
INFO - 2025-10-01 06:15:43 --> Session: Class initialized using 'CodeIgniter\Session\Handlers\FileHandler' driver.
INFO - 2025-10-01 06:15:44 --> Session: Class initialized using 'CodeIgniter\Session\Handlers\FileHandler' driver.
INFO - 2025-10-01 06:15:50 --> Session: Class initialized using 'CodeIgniter\Session\Handlers\FileHandler' driver.
INFO - 2025-10-01 06:16:14 --> Session: Class initialized using 'CodeIgniter\Session\Handlers\FileHandler' driver.
INFO - 2025-10-01 06:16:15 --> Session: Class initialized using 'CodeIgniter\Session\Handlers\FileHandler' driver.
INFO - 2025-10-01 06:16:22 --> Session: Class initialized using 'CodeIgniter\Session\Handlers\FileHandler' driver.
INFO - 2025-10-01 06:25:57 --> Session: Class initialized using 'CodeIgniter\Session\Handlers\FileHandler' driver.
INFO - 2025-10-01 06:25:58 --> Session: Class initialized using 'CodeIgniter\Session\Handlers\FileHandler' driver.
INFO - 2025-10-01 06:26:11 --> Session: Class initialized using 'CodeIgniter\Session\Handlers\FileHandler' driver.
INFO - 2025-10-01 06:27:22 --> Session: Class initialized using 'CodeIgniter\Session\Handlers\FileHandler' driver.
INFO - 2025-10-01 06:27:27 --> Session: Class initialized using 'CodeIgniter\Session\Handlers\FileHandler' driver.
INFO - 2025-10-01 06:27:30 --> Session: Class initialized using 'CodeIgniter\Session\Handlers\FileHandler' driver.
INFO - 2025-10-01 06:27:30 --> Session: Class initialized using 'CodeIgniter\Session\Handlers\FileHandler' driver.
INFO - 2025-10-01 06:27:39 --> Session: Class initialized using 'CodeIgniter\Session\Handlers\FileHandler' driver.
INFO - 2025-10-01 06:28:03 --> Session: Class initialized using 'CodeIgniter\Session\Handlers\FileHandler' driver.
INFO - 2025-10-01 06:28:04 --> Session: Class initialized using 'CodeIgniter\Session\Handlers\FileHandler' driver.
INFO - 2025-10-01 06:28:11 --> Session: Class initialized using 'CodeIgniter\Session\Handlers\FileHandler' driver.
INFO - 2025-10-01 06:28:11 --> Session: Class initialized using 'CodeIgniter\Session\Handlers\FileHandler' driver.
INFO - 2025-10-01 06:28:16 --> Session: Class initialized using 'CodeIgniter\Session\Handlers\FileHandler' driver.
INFO - 2025-10-01 06:31:31 --> Session: Class initialized using 'CodeIgniter\Session\Handlers\FileHandler' driver.
INFO - 2025-10-01 06:31:32 --> Session: Class initialized using 'CodeIgniter\Session\Handlers\FileHandler' driver.
INFO - 2025-10-01 06:31:36 --> Session: Class initialized using 'CodeIgniter\Session\Handlers\FileHandler' driver.
INFO - 2025-10-01 06:32:02 --> Session: Class initialized using 'CodeIgniter\Session\Handlers\FileHandler' driver.
INFO - 2025-10-01 06:32:02 --> Session: Class initialized using 'CodeIgniter\Session\Handlers\FileHandler' driver.
INFO - 2025-10-01 06:32:05 --> Session: Class initialized using 'CodeIgniter\Session\Handlers\FileHandler' driver.
INFO - 2025-10-01 06:32:38 --> Session: Class initialized using 'CodeIgniter\Session\Handlers\FileHandler' driver.
INFO - 2025-10-01 06:32:39 --> Session: Class initialized using 'CodeIgniter\Session\Handlers\FileHandler' driver.
INFO - 2025-10-01 06:32:42 --> Session: Class initialized using 'CodeIgniter\Session\Handlers\FileHandler' driver.
INFO - 2025-10-01 06:32:48 --> Session: Class initialized using 'CodeIgniter\Session\Handlers\FileHandler' driver.
INFO - 2025-10-01 06:32:48 --> Session: Class initialized using 'CodeIgniter\Session\Handlers\FileHandler' driver.
INFO - 2025-10-01 06:32:54 --> Session: Class initialized using 'CodeIgniter\Session\Handlers\FileHandler' driver.
INFO - 2025-10-01 06:38:10 --> Session: Class initialized using 'CodeIgniter\Session\Handlers\FileHandler' driver.
INFO - 2025-10-01 06:38:11 --> Session: Class initialized using 'CodeIgniter\Session\Handlers\FileHandler' driver.
INFO - 2025-10-01 06:38:18 --> Session: Class initialized using 'CodeIgniter\Session\Handlers\FileHandler' driver.
INFO - 2025-10-01 06:38:43 --> Session: Class initialized using 'CodeIgniter\Session\Handlers\FileHandler' driver.
INFO - 2025-10-01 06:38:44 --> Session: Class initialized using 'CodeIgniter\Session\Handlers\FileHandler' driver.
INFO - 2025-10-01 06:38:48 --> Session: Class initialized using 'CodeIgniter\Session\Handlers\FileHandler' driver.
INFO - 2025-10-01 06:40:39 --> Session: Class initialized using 'CodeIgniter\Session\Handlers\FileHandler' driver.
INFO - 2025-10-01 06:40:40 --> Session: Class initialized using 'CodeIgniter\Session\Handlers\FileHandler' driver.
INFO - 2025-10-01 06:40:45 --> Session: Class initialized using 'CodeIgniter\Session\Handlers\FileHandler' driver.
INFO - 2025-10-01 06:40:48 --> Session: Class initialized using 'CodeIgniter\Session\Handlers\FileHandler' driver.
INFO - 2025-10-01 06:41:39 --> Session: Class initialized using 'CodeIgniter\Session\Handlers\FileHandler' driver.
INFO - 2025-10-01 06:41:40 --> Session: Class initialized using 'CodeIgniter\Session\Handlers\FileHandler' driver.
INFO - 2025-10-01 06:41:48 --> Session: Class initialized using 'CodeIgniter\Session\Handlers\FileHandler' driver.
INFO - 2025-10-01 06:44:16 --> Session: Class initialized using 'CodeIgniter\Session\Handlers\FileHandler' driver.
INFO - 2025-10-01 06:44:16 --> Session: Class initialized using 'CodeIgniter\Session\Handlers\FileHandler' driver.
INFO - 2025-10-01 06:44:22 --> Session: Class initialized using 'CodeIgniter\Session\Handlers\FileHandler' driver.
INFO - 2025-10-01 06:44:43 --> Session: Class initialized using 'CodeIgniter\Session\Handlers\FileHandler' driver.
INFO - 2025-10-01 06:44:44 --> Session: Class initialized using 'CodeIgniter\Session\Handlers\FileHandler' driver.
INFO - 2025-10-01 06:44:49 --> Session: Class initialized using 'CodeIgniter\Session\Handlers\FileHandler' driver.
INFO - 2025-10-01 06:47:18 --> Session: Class initialized using 'CodeIgniter\Session\Handlers\FileHandler' driver.
INFO - 2025-10-01 06:47:19 --> Session: Class initialized using 'CodeIgniter\Session\Handlers\FileHandler' driver.
INFO - 2025-10-01 06:47:23 --> Session: Class initialized using 'CodeIgniter\Session\Handlers\FileHandler' driver.
INFO - 2025-10-01 06:47:25 --> Session: Class initialized using 'CodeIgniter\Session\Handlers\FileHandler' driver.
INFO - 2025-10-01 06:47:45 --> Session: Class initialized using 'CodeIgniter\Session\Handlers\FileHandler' driver.
INFO - 2025-10-01 06:47:47 --> Session: Class initialized using 'CodeIgniter\Session\Handlers\FileHandler' driver.
INFO - 2025-10-01 06:47:51 --> Session: Class initialized using 'CodeIgniter\Session\Handlers\FileHandler' driver.
INFO - 2025-10-01 06:48:35 --> Session: Class initialized using 'CodeIgniter\Session\Handlers\FileHandler' driver.
INFO - 2025-10-01 06:48:35 --> Session: Class initialized using 'CodeIgniter\Session\Handlers\FileHandler' driver.
INFO - 2025-10-01 06:48:41 --> Session: Class initialized using 'CodeIgniter\Session\Handlers\FileHandler' driver.
INFO - 2025-10-01 06:49:04 --> Session: Class initialized using 'CodeIgniter\Session\Handlers\FileHandler' driver.
INFO - 2025-10-01 06:49:05 --> Session: Class initialized using 'CodeIgniter\Session\Handlers\FileHandler' driver.
INFO - 2025-10-01 06:49:18 --> Session: Class initialized using 'CodeIgniter\Session\Handlers\FileHandler' driver.
INFO - 2025-10-01 06:49:25 --> Session: Class initialized using 'CodeIgniter\Session\Handlers\FileHandler' driver.
INFO - 2025-10-01 06:49:43 --> Session: Class initialized using 'CodeIgniter\Session\Handlers\FileHandler' driver.
INFO - 2025-10-01 06:49:44 --> Session: Class initialized using 'CodeIgniter\Session\Handlers\FileHandler' driver.
INFO - 2025-10-01 06:49:50 --> Session: Class initialized using 'CodeIgniter\Session\Handlers\FileHandler' driver.
INFO - 2025-10-01 06:50:13 --> Session: Class initialized using 'CodeIgniter\Session\Handlers\FileHandler' driver.
INFO - 2025-10-01 06:50:13 --> Session: Class initialized using 'CodeIgniter\Session\Handlers\FileHandler' driver.
INFO - 2025-10-01 06:50:18 --> Session: Class initialized using 'CodeIgniter\Session\Handlers\FileHandler' driver.
INFO - 2025-10-01 06:50:38 --> Session: Class initialized using 'CodeIgniter\Session\Handlers\FileHandler' driver.
INFO - 2025-10-01 06:50:39 --> Session: Class initialized using 'CodeIgniter\Session\Handlers\FileHandler' driver.
INFO - 2025-10-01 06:50:45 --> Session: Class initialized using 'CodeIgniter\Session\Handlers\FileHandler' driver.
INFO - 2025-10-01 06:51:42 --> Session: Class initialized using 'CodeIgniter\Session\Handlers\FileHandler' driver.
INFO - 2025-10-01 06:51:43 --> Session: Class initialized using 'CodeIgniter\Session\Handlers\FileHandler' driver.
INFO - 2025-10-01 06:51:47 --> Session: Class initialized using 'CodeIgniter\Session\Handlers\FileHandler' driver.
INFO - 2025-10-01 06:55:56 --> Session: Class initialized using 'CodeIgniter\Session\Handlers\FileHandler' driver.
INFO - 2025-10-01 06:55:57 --> Session: Class initialized using 'CodeIgniter\Session\Handlers\FileHandler' driver.
INFO - 2025-10-01 06:56:03 --> Session: Class initialized using 'CodeIgniter\Session\Handlers\FileHandler' driver.
INFO - 2025-10-01 06:56:31 --> Session: Class initialized using 'CodeIgniter\Session\Handlers\FileHandler' driver.
INFO - 2025-10-01 06:56:32 --> Session: Class initialized using 'CodeIgniter\Session\Handlers\FileHandler' driver.
INFO - 2025-10-01 06:56:36 --> Session: Class initialized using 'CodeIgniter\Session\Handlers\FileHandler' driver.
INFO - 2025-10-01 06:56:54 --> Session: Class initialized using 'CodeIgniter\Session\Handlers\FileHandler' driver.
INFO - 2025-10-01 06:56:55 --> Session: Class initialized using 'CodeIgniter\Session\Handlers\FileHandler' driver.
INFO - 2025-10-01 06:57:01 --> Session: Class initialized using 'CodeIgniter\Session\Handlers\FileHandler' driver.
INFO - 2025-10-01 06:57:37 --> Session: Class initialized using 'CodeIgniter\Session\Handlers\FileHandler' driver.
INFO - 2025-10-01 06:57:40 --> Session: Class initialized using 'CodeIgniter\Session\Handlers\FileHandler' driver.
INFO - 2025-10-01 06:57:44 --> Session: Class initialized using 'CodeIgniter\Session\Handlers\FileHandler' driver.
INFO - 2025-10-01 06:57:58 --> Session: Class initialized using 'CodeIgniter\Session\Handlers\FileHandler' driver.
INFO - 2025-10-01 06:57:59 --> Session: Class initialized using 'CodeIgniter\Session\Handlers\FileHandler' driver.
INFO - 2025-10-01 06:58:03 --> Session: Class initialized using 'CodeIgniter\Session\Handlers\FileHandler' driver.
INFO - 2025-10-01 07:01:35 --> Session: Class initialized using 'CodeIgniter\Session\Handlers\FileHandler' driver.
INFO - 2025-10-01 07:01:36 --> Session: Class initialized using 'CodeIgniter\Session\Handlers\FileHandler' driver.
INFO - 2025-10-01 07:01:41 --> Session: Class initialized using 'CodeIgniter\Session\Handlers\FileHandler' driver.
INFO - 2025-10-01 07:03:18 --> Session: Class initialized using 'CodeIgniter\Session\Handlers\FileHandler' driver.
INFO - 2025-10-01 07:03:19 --> Session: Class initialized using 'CodeIgniter\Session\Handlers\FileHandler' driver.
INFO - 2025-10-01 07:03:25 --> Session: Class initialized using 'CodeIgniter\Session\Handlers\FileHandler' driver.
INFO - 2025-10-01 07:04:11 --> Session: Class initialized using 'CodeIgniter\Session\Handlers\FileHandler' driver.
INFO - 2025-10-01 07:04:11 --> Session: Class initialized using 'CodeIgniter\Session\Handlers\FileHandler' driver.
INFO - 2025-10-01 07:04:17 --> Session: Class initialized using 'CodeIgniter\Session\Handlers\FileHandler' driver.
INFO - 2025-10-01 07:04:51 --> Session: Class initialized using 'CodeIgniter\Session\Handlers\FileHandler' driver.
INFO - 2025-10-01 07:04:52 --> Session: Class initialized using 'CodeIgniter\Session\Handlers\FileHandler' driver.
INFO - 2025-10-01 07:04:57 --> Session: Class initialized using 'CodeIgniter\Session\Handlers\FileHandler' driver.
INFO - 2025-10-01 07:05:55 --> Session: Class initialized using 'CodeIgniter\Session\Handlers\FileHandler' driver.
INFO - 2025-10-01 07:05:56 --> Session: Class initialized using 'CodeIgniter\Session\Handlers\FileHandler' driver.
INFO - 2025-10-01 07:06:01 --> Session: Class initialized using 'CodeIgniter\Session\Handlers\FileHandler' driver.
INFO - 2025-10-01 07:09:39 --> Session: Class initialized using 'CodeIgniter\Session\Handlers\FileHandler' driver.
INFO - 2025-10-01 07:09:40 --> Session: Class initialized using 'CodeIgniter\Session\Handlers\FileHandler' driver.
INFO - 2025-10-01 07:09:47 --> Session: Class initialized using 'CodeIgniter\Session\Handlers\FileHandler' driver.
INFO - 2025-10-01 07:12:16 --> Session: Class initialized using 'CodeIgniter\Session\Handlers\FileHandler' driver.
INFO - 2025-10-01 07:12:17 --> Session: Class initialized using 'CodeIgniter\Session\Handlers\FileHandler' driver.
INFO - 2025-10-01 07:12:25 --> Session: Class initialized using 'CodeIgniter\Session\Handlers\FileHandler' driver.
INFO - 2025-10-01 07:13:31 --> Session: Class initialized using 'CodeIgniter\Session\Handlers\FileHandler' driver.
INFO - 2025-10-01 07:13:31 --> Session: Class initialized using 'CodeIgniter\Session\Handlers\FileHandler' driver.
INFO - 2025-10-01 07:13:40 --> Session: Class initialized using 'CodeIgniter\Session\Handlers\FileHandler' driver.
INFO - 2025-10-01 07:14:29 --> Session: Class initialized using 'CodeIgniter\Session\Handlers\FileHandler' driver.
INFO - 2025-10-01 07:14:32 --> Session: Class initialized using 'CodeIgniter\Session\Handlers\FileHandler' driver.
INFO - 2025-10-01 07:14:36 --> Session: Class initialized using 'CodeIgniter\Session\Handlers\FileHandler' driver.
INFO - 2025-10-01 07:20:49 --> Session: Class initialized using 'CodeIgniter\Session\Handlers\FileHandler' driver.
INFO - 2025-10-01 07:20:49 --> Session: Class initialized using 'CodeIgniter\Session\Handlers\FileHandler' driver.
INFO - 2025-10-01 07:20:57 --> Session: Class initialized using 'CodeIgniter\Session\Handlers\FileHandler' driver.
INFO - 2025-10-01 07:23:10 --> Session: Class initialized using 'CodeIgniter\Session\Handlers\FileHandler' driver.
INFO - 2025-10-01 07:23:11 --> Session: Class initialized using 'CodeIgniter\Session\Handlers\FileHandler' driver.
INFO - 2025-10-01 07:23:16 --> Session: Class initialized using 'CodeIgniter\Session\Handlers\FileHandler' driver.
INFO - 2025-10-01 07:23:51 --> Session: Class initialized using 'CodeIgniter\Session\Handlers\FileHandler' driver.
INFO - 2025-10-01 07:23:52 --> Session: Class initialized using 'CodeIgniter\Session\Handlers\FileHandler' driver.
INFO - 2025-10-01 07:23:57 --> Session: Class initialized using 'CodeIgniter\Session\Handlers\FileHandler' driver.
INFO - 2025-10-01 07:24:08 --> Session: Class initialized using 'CodeIgniter\Session\Handlers\FileHandler' driver.
INFO - 2025-10-01 07:24:49 --> Session: Class initialized using 'CodeIgniter\Session\Handlers\FileHandler' driver.
INFO - 2025-10-01 07:24:50 --> Session: Class initialized using 'CodeIgniter\Session\Handlers\FileHandler' driver.
INFO - 2025-10-01 07:28:04 --> Session: Class initialized using 'CodeIgniter\Session\Handlers\FileHandler' driver.
INFO - 2025-10-01 07:28:05 --> Session: Class initialized using 'CodeIgniter\Session\Handlers\FileHandler' driver.
INFO - 2025-10-01 07:28:11 --> Session: Class initialized using 'CodeIgniter\Session\Handlers\FileHandler' driver.
INFO - 2025-10-01 07:29:14 --> Session: Class initialized using 'CodeIgniter\Session\Handlers\FileHandler' driver.
INFO - 2025-10-01 07:29:15 --> Session: Class initialized using 'CodeIgniter\Session\Handlers\FileHandler' driver.
INFO - 2025-10-01 07:29:20 --> Session: Class initialized using 'CodeIgniter\Session\Handlers\FileHandler' driver.
INFO - 2025-10-01 07:31:23 --> Session: Class initialized using 'CodeIgniter\Session\Handlers\FileHandler' driver.
INFO - 2025-10-01 07:31:24 --> Session: Class initialized using 'CodeIgniter\Session\Handlers\FileHandler' driver.
INFO - 2025-10-01 07:31:38 --> Session: Class initialized using 'CodeIgniter\Session\Handlers\FileHandler' driver.
INFO - 2025-10-01 07:31:39 --> Session: Class initialized using 'CodeIgniter\Session\Handlers\FileHandler' driver.
INFO - 2025-10-01 07:31:47 --> Session: Class initialized using 'CodeIgniter\Session\Handlers\FileHandler' driver.
INFO - 2025-10-01 07:33:17 --> Session: Class initialized using 'CodeIgniter\Session\Handlers\FileHandler' driver.
INFO - 2025-10-01 07:33:18 --> Session: Class initialized using 'CodeIgniter\Session\Handlers\FileHandler' driver.
INFO - 2025-10-01 07:33:29 --> Session: Class initialized using 'CodeIgniter\Session\Handlers\FileHandler' driver.
INFO - 2025-10-01 07:33:55 --> Session: Class initialized using 'CodeIgniter\Session\Handlers\FileHandler' driver.
INFO - 2025-10-01 07:33:56 --> Session: Class initialized using 'CodeIgniter\Session\Handlers\FileHandler' driver.
INFO - 2025-10-01 07:34:02 --> Session: Class initialized using 'CodeIgniter\Session\Handlers\FileHandler' driver.
INFO - 2025-10-01 07:34:48 --> Session: Class initialized using 'CodeIgniter\Session\Handlers\FileHandler' driver.
INFO - 2025-10-01 07:34:49 --> Session: Class initialized using 'CodeIgniter\Session\Handlers\FileHandler' driver.
INFO - 2025-10-01 07:34:54 --> Session: Class initialized using 'CodeIgniter\Session\Handlers\FileHandler' driver.
INFO - 2025-10-01 07:35:18 --> Session: Class initialized using 'CodeIgniter\Session\Handlers\FileHandler' driver.
INFO - 2025-10-01 07:35:19 --> Session: Class initialized using 'CodeIgniter\Session\Handlers\FileHandler' driver.
INFO - 2025-10-01 07:35:23 --> Session: Class initialized using 'CodeIgniter\Session\Handlers\FileHandler' driver.
INFO - 2025-10-01 07:36:15 --> Session: Class initialized using 'CodeIgniter\Session\Handlers\FileHandler' driver.
INFO - 2025-10-01 07:36:16 --> Session: Class initialized using 'CodeIgniter\Session\Handlers\FileHandler' driver.
INFO - 2025-10-01 07:36:21 --> Session: Class initialized using 'CodeIgniter\Session\Handlers\FileHandler' driver.
INFO - 2025-10-01 07:38:37 --> Session: Class initialized using 'CodeIgniter\Session\Handlers\FileHandler' driver.
INFO - 2025-10-01 07:41:08 --> Session: Class initialized using 'CodeIgniter\Session\Handlers\FileHandler' driver.
INFO - 2025-10-01 07:44:20 --> Session: Class initialized using 'CodeIgniter\Session\Handlers\FileHandler' driver.
INFO - 2025-10-01 07:44:42 --> Session: Class initialized using 'CodeIgniter\Session\Handlers\FileHandler' driver.
INFO - 2025-10-01 07:44:50 --> Session: Class initialized using 'CodeIgniter\Session\Handlers\FileHandler' driver.
INFO - 2025-10-01 07:46:09 --> Session: Class initialized using 'CodeIgniter\Session\Handlers\FileHandler' driver.
INFO - 2025-10-01 07:46:10 --> Session: Class initialized using 'CodeIgniter\Session\Handlers\FileHandler' driver.
INFO - 2025-10-01 07:46:15 --> Session: Class initialized using 'CodeIgniter\Session\Handlers\FileHandler' driver.
INFO - 2025-10-01 07:46:20 --> Session: Class initialized using 'CodeIgniter\Session\Handlers\FileHandler' driver.
INFO - 2025-10-01 07:46:25 --> Session: Class initialized using 'CodeIgniter\Session\Handlers\FileHandler' driver.
INFO - 2025-10-01 07:46:30 --> Session: Class initialized using 'CodeIgniter\Session\Handlers\FileHandler' driver.
INFO - 2025-10-01 07:46:33 --> Session: Class initialized using 'CodeIgniter\Session\Handlers\FileHandler' driver.
INFO - 2025-10-01 07:46:37 --> Session: Class initialized using 'CodeIgniter\Session\Handlers\FileHandler' driver.
INFO - 2025-10-01 07:47:07 --> Session: Class initialized using 'CodeIgniter\Session\Handlers\FileHandler' driver.
INFO - 2025-10-01 07:47:08 --> Session: Class initialized using 'CodeIgniter\Session\Handlers\FileHandler' driver.
INFO - 2025-10-01 07:47:14 --> Session: Class initialized using 'CodeIgniter\Session\Handlers\FileHandler' driver.
INFO - 2025-10-01 07:47:17 --> Session: Class initialized using 'CodeIgniter\Session\Handlers\FileHandler' driver.
INFO - 2025-10-01 07:47:22 --> Session: Class initialized using 'CodeIgniter\Session\Handlers\FileHandler' driver.
INFO - 2025-10-01 07:47:34 --> Session: Class initialized using 'CodeIgniter\Session\Handlers\FileHandler' driver.
INFO - 2025-10-01 07:49:03 --> Session: Class initialized using 'CodeIgniter\Session\Handlers\FileHandler' driver.
INFO - 2025-10-01 07:49:04 --> Session: Class initialized using 'CodeIgniter\Session\Handlers\FileHandler' driver.
INFO - 2025-10-01 07:49:10 --> Session: Class initialized using 'CodeIgniter\Session\Handlers\FileHandler' driver.
INFO - 2025-10-01 07:49:14 --> Session: Class initialized using 'CodeIgniter\Session\Handlers\FileHandler' driver.
INFO - 2025-10-01 07:49:19 --> Session: Class initialized using 'CodeIgniter\Session\Handlers\FileHandler' driver.
INFO - 2025-10-01 07:49:24 --> Session: Class initialized using 'CodeIgniter\Session\Handlers\FileHandler' driver.
INFO - 2025-10-01 07:49:37 --> Session: Class initialized using 'CodeIgniter\Session\Handlers\FileHandler' driver.
INFO - 2025-10-01 07:49:44 --> Session: Class initialized using 'CodeIgniter\Session\Handlers\FileHandler' driver.
INFO - 2025-10-01 07:49:45 --> Session: Class initialized using 'CodeIgniter\Session\Handlers\FileHandler' driver.
INFO - 2025-10-01 07:49:48 --> Session: Class initialized using 'CodeIgniter\Session\Handlers\FileHandler' driver.
INFO - 2025-10-01 07:49:59 --> Session: Class initialized using 'CodeIgniter\Session\Handlers\FileHandler' driver.
INFO - 2025-10-01 07:50:00 --> Session: Class initialized using 'CodeIgniter\Session\Handlers\FileHandler' driver.
INFO - 2025-10-01 07:50:04 --> Session: Class initialized using 'CodeIgniter\Session\Handlers\FileHandler' driver.
INFO - 2025-10-01 07:50:09 --> Session: Class initialized using 'CodeIgniter\Session\Handlers\FileHandler' driver.
INFO - 2025-10-01 07:50:44 --> Session: Class initialized using 'CodeIgniter\Session\Handlers\FileHandler' driver.
INFO - 2025-10-01 07:50:45 --> Session: Class initialized using 'CodeIgniter\Session\Handlers\FileHandler' driver.
INFO - 2025-10-01 07:50:59 --> Session: Class initialized using 'CodeIgniter\Session\Handlers\FileHandler' driver.
INFO - 2025-10-01 07:51:03 --> Session: Class initialized using 'CodeIgniter\Session\Handlers\FileHandler' driver.
INFO - 2025-10-01 07:51:07 --> Session: Class initialized using 'CodeIgniter\Session\Handlers\FileHandler' driver.
INFO - 2025-10-01 07:51:11 --> Session: Class initialized using 'CodeIgniter\Session\Handlers\FileHandler' driver.
INFO - 2025-10-01 07:52:13 --> Session: Class initialized using 'CodeIgniter\Session\Handlers\FileHandler' driver.
INFO - 2025-10-01 07:52:13 --> Session: Class initialized using 'CodeIgniter\Session\Handlers\FileHandler' driver.
INFO - 2025-10-01 07:52:16 --> Session: Class initialized using 'CodeIgniter\Session\Handlers\FileHandler' driver.
INFO - 2025-10-01 07:52:16 --> Session: Class initialized using 'CodeIgniter\Session\Handlers\FileHandler' driver.
INFO - 2025-10-01 07:52:16 --> Session: Class initialized using 'CodeIgniter\Session\Handlers\FileHandler' driver.
INFO - 2025-10-01 07:52:23 --> Session: Class initialized using 'CodeIgniter\Session\Handlers\FileHandler' driver.
INFO - 2025-10-01 07:52:31 --> Session: Class initialized using 'CodeIgniter\Session\Handlers\FileHandler' driver.
INFO - 2025-10-01 13:56:04 --> Session: Class initialized using 'CodeIgniter\Session\Handlers\FileHandler' driver.
INFO - 2025-10-01 13:56:04 --> Session: Class initialized using 'CodeIgniter\Session\Handlers\FileHandler' driver.
INFO - 2025-10-01 13:56:08 --> Session: Class initialized using 'CodeIgniter\Session\Handlers\FileHandler' driver.
INFO - 2025-10-01 13:56:08 --> Session: Class initialized using 'CodeIgniter\Session\Handlers\FileHandler' driver.
INFO - 2025-10-01 13:56:10 --> Session: Class initialized using 'CodeIgniter\Session\Handlers\FileHandler' driver.
INFO - 2025-10-01 13:56:11 --> Session: Class initialized using 'CodeIgniter\Session\Handlers\FileHandler' driver.
INFO - 2025-10-01 13:56:12 --> Session: Class initialized using 'CodeIgniter\Session\Handlers\FileHandler' driver.
INFO - 2025-10-01 13:56:43 --> Session: Class initialized using 'CodeIgniter\Session\Handlers\FileHandler' driver.
INFO - 2025-10-01 13:56:44 --> Session: Class initialized using 'CodeIgniter\Session\Handlers\FileHandler' driver.
INFO - 2025-10-01 13:57:18 --> Session: Class initialized using 'CodeIgniter\Session\Handlers\FileHandler' driver.
INFO - 2025-10-01 13:57:19 --> Session: Class initialized using 'CodeIgniter\Session\Handlers\FileHandler' driver.
INFO - 2025-10-01 13:57:24 --> Session: Class initialized using 'CodeIgniter\Session\Handlers\FileHandler' driver.
INFO - 2025-10-01 13:57:25 --> Session: Class initialized using 'CodeIgniter\Session\Handlers\FileHandler' driver.
INFO - 2025-10-01 13:57:38 --> Session: Class initialized using 'CodeIgniter\Session\Handlers\FileHandler' driver.
INFO - 2025-10-01 13:57:39 --> Session: Class initialized using 'CodeIgniter\Session\Handlers\FileHandler' driver.
