ERROR - 2025-11-09 09:43:26 --> Error connecting to the database: ErrorException: mysqli::real_connect(): php_network_getaddresses: getaddrinfo failed: No such host is known.  in D:\xamp\htdocs\kalami-goods\vendor\codeigniter4\framework\system\Database\MySQLi\Connection.php:185
Stack trace:
#0 [internal function]: CodeIgniter\Debug\Exceptions->errorHandler(2, 'mysqli::real_co...', 'D:\\xamp\\htdocs\\...', 185)
#1 D:\xamp\htdocs\kalami-goods\vendor\codeigniter4\framework\system\Database\MySQLi\Connection.php(185): mysqli->real_connect('sdb-86.hosting....', 'techens-3531303...', 'ou05lh91h7', 'techens-3531303...', 3306, '', 0)
#2 D:\xamp\htdocs\kalami-goods\vendor\codeigniter4\framework\system\Database\BaseConnection.php(392): CodeIgniter\Database\MySQLi\Connection->connect(false)
#3 D:\xamp\htdocs\kalami-goods\vendor\codeigniter4\framework\system\Database\BaseConnection.php(575): CodeIgniter\Database\BaseConnection->initialize()
#4 D:\xamp\htdocs\kalami-goods\vendor\codeigniter4\framework\system\Database\BaseBuilder.php(1616): CodeIgniter\Database\BaseConnection->query('SELECT `value`\n...', Array, false)
#5 D:\xamp\htdocs\kalami-goods\app\Helpers\settings_helper.php(24): CodeIgniter\Database\BaseBuilder->get()
#6 D:\xamp\htdocs\kalami-goods\app\Config\Routes.php(72): getappdata('blog')
#7 D:\xamp\htdocs\kalami-goods\vendor\codeigniter4\framework\system\Router\RouteCollection.php(779): CodeIgniter\Router\RouteCollection->Config\{closure}(Object(CodeIgniter\Router\RouteCollection))
#8 D:\xamp\htdocs\kalami-goods\app\Config\Routes.php(91): CodeIgniter\Router\RouteCollection->group('admin', Array, Object(Closure))
#9 D:\xamp\htdocs\kalami-goods\vendor\codeigniter4\framework\system\Router\RouteCollection.php(345): require('D:\\xamp\\htdocs\\...')
#10 D:\xamp\htdocs\kalami-goods\vendor\codeigniter4\framework\system\CodeIgniter.php(811): CodeIgniter\Router\RouteCollection->loadRoutes()
#11 D:\xamp\htdocs\kalami-goods\vendor\codeigniter4\framework\system\CodeIgniter.php(450): CodeIgniter\CodeIgniter->tryToRouteIt(NULL)
#12 D:\xamp\htdocs\kalami-goods\vendor\codeigniter4\framework\system\CodeIgniter.php(361): CodeIgniter\CodeIgniter->handleRequest(NULL, Object(Config\Cache), false)
#13 D:\xamp\htdocs\kalami-goods\index.php(79): CodeIgniter\CodeIgniter->run()
#14 {main}

Next mysqli_sql_exception: php_network_getaddresses: getaddrinfo failed: No such host is known.  in D:\xamp\htdocs\kalami-goods\vendor\codeigniter4\framework\system\Database\MySQLi\Connection.php:185
Stack trace:
#0 D:\xamp\htdocs\kalami-goods\vendor\codeigniter4\framework\system\Database\MySQLi\Connection.php(185): mysqli->real_connect('sdb-86.hosting....', 'techens-3531303...', 'ou05lh91h7', 'techens-3531303...', 3306, '', 0)
#1 D:\xamp\htdocs\kalami-goods\vendor\codeigniter4\framework\system\Database\BaseConnection.php(392): CodeIgniter\Database\MySQLi\Connection->connect(false)
#2 D:\xamp\htdocs\kalami-goods\vendor\codeigniter4\framework\system\Database\BaseConnection.php(575): CodeIgniter\Database\BaseConnection->initialize()
#3 D:\xamp\htdocs\kalami-goods\vendor\codeigniter4\framework\system\Database\BaseBuilder.php(1616): CodeIgniter\Database\BaseConnection->query('SELECT `value`\n...', Array, false)
#4 D:\xamp\htdocs\kalami-goods\app\Helpers\settings_helper.php(24): CodeIgniter\Database\BaseBuilder->get()
#5 D:\xamp\htdocs\kalami-goods\app\Config\Routes.php(72): getappdata('blog')
#6 D:\xamp\htdocs\kalami-goods\vendor\codeigniter4\framework\system\Router\RouteCollection.php(779): CodeIgniter\Router\RouteCollection->Config\{closure}(Object(CodeIgniter\Router\RouteCollection))
#7 D:\xamp\htdocs\kalami-goods\app\Config\Routes.php(91): CodeIgniter\Router\RouteCollection->group('admin', Array, Object(Closure))
#8 D:\xamp\htdocs\kalami-goods\vendor\codeigniter4\framework\system\Router\RouteCollection.php(345): require('D:\\xamp\\htdocs\\...')
#9 D:\xamp\htdocs\kalami-goods\vendor\codeigniter4\framework\system\CodeIgniter.php(811): CodeIgniter\Router\RouteCollection->loadRoutes()
#10 D:\xamp\htdocs\kalami-goods\vendor\codeigniter4\framework\system\CodeIgniter.php(450): CodeIgniter\CodeIgniter->tryToRouteIt(NULL)
#11 D:\xamp\htdocs\kalami-goods\vendor\codeigniter4\framework\system\CodeIgniter.php(361): CodeIgniter\CodeIgniter->handleRequest(NULL, Object(Config\Cache), false)
#12 D:\xamp\htdocs\kalami-goods\index.php(79): CodeIgniter\CodeIgniter->run()
#13 {main}

Next CodeIgniter\Database\Exceptions\DatabaseException: php_network_getaddresses: getaddrinfo failed: No such host is known.  in D:\xamp\htdocs\kalami-goods\vendor\codeigniter4\framework\system\Database\MySQLi\Connection.php:229
Stack trace:
#0 D:\xamp\htdocs\kalami-goods\vendor\codeigniter4\framework\system\Database\BaseConnection.php(392): CodeIgniter\Database\MySQLi\Connection->connect(false)
#1 D:\xamp\htdocs\kalami-goods\vendor\codeigniter4\framework\system\Database\BaseConnection.php(575): CodeIgniter\Database\BaseConnection->initialize()
#2 D:\xamp\htdocs\kalami-goods\vendor\codeigniter4\framework\system\Database\BaseBuilder.php(1616): CodeIgniter\Database\BaseConnection->query('SELECT `value`\n...', Array, false)
#3 D:\xamp\htdocs\kalami-goods\app\Helpers\settings_helper.php(24): CodeIgniter\Database\BaseBuilder->get()
#4 D:\xamp\htdocs\kalami-goods\app\Config\Routes.php(72): getappdata('blog')
#5 D:\xamp\htdocs\kalami-goods\vendor\codeigniter4\framework\system\Router\RouteCollection.php(779): CodeIgniter\Router\RouteCollection->Config\{closure}(Object(CodeIgniter\Router\RouteCollection))
#6 D:\xamp\htdocs\kalami-goods\app\Config\Routes.php(91): CodeIgniter\Router\RouteCollection->group('admin', Array, Object(Closure))
#7 D:\xamp\htdocs\kalami-goods\vendor\codeigniter4\framework\system\Router\RouteCollection.php(345): require('D:\\xamp\\htdocs\\...')
#8 D:\xamp\htdocs\kalami-goods\vendor\codeigniter4\framework\system\CodeIgniter.php(811): CodeIgniter\Router\RouteCollection->loadRoutes()
#9 D:\xamp\htdocs\kalami-goods\vendor\codeigniter4\framework\system\CodeIgniter.php(450): CodeIgniter\CodeIgniter->tryToRouteIt(NULL)
#10 D:\xamp\htdocs\kalami-goods\vendor\codeigniter4\framework\system\CodeIgniter.php(361): CodeIgniter\CodeIgniter->handleRequest(NULL, Object(Config\Cache), false)
#11 D:\xamp\htdocs\kalami-goods\index.php(79): CodeIgniter\CodeIgniter->run()
#12 {main}
CRITICAL - 2025-11-09 09:43:26 --> CodeIgniter\Database\Exceptions\DatabaseException: Unable to connect to the database.
Main connection [MySQLi]: php_network_getaddresses: getaddrinfo failed: No such host is known. 
in SYSTEMPATH\Database\BaseConnection.php on line 428.
 1 SYSTEMPATH\Database\BaseConnection.php(575): CodeIgniter\Database\BaseConnection->initialize()
 2 SYSTEMPATH\Database\BaseBuilder.php(1616): CodeIgniter\Database\BaseConnection->query('SELECT `value`
FROM `app_settings`
WHERE `name` = :name:', [...], false)
 3 APPPATH\Helpers\settings_helper.php(24): CodeIgniter\Database\BaseBuilder->get()
 4 APPPATH\Config\Routes.php(72): getappdata('blog')
 5 SYSTEMPATH\Router\RouteCollection.php(779): CodeIgniter\Router\RouteCollection->Config\{closure}(Object(CodeIgniter\Router\RouteCollection))
 6 APPPATH\Config\Routes.php(91): CodeIgniter\Router\RouteCollection->group('admin', [...], Object(Closure))
 7 SYSTEMPATH\Router\RouteCollection.php(345): require('D:\\xamp\\htdocs\\kalami-goods\\app\\Config\\Routes.php')
 8 SYSTEMPATH\CodeIgniter.php(811): CodeIgniter\Router\RouteCollection->loadRoutes()
 9 SYSTEMPATH\CodeIgniter.php(450): CodeIgniter\CodeIgniter->tryToRouteIt(null)
10 SYSTEMPATH\CodeIgniter.php(361): CodeIgniter\CodeIgniter->handleRequest(null, Object(Config\Cache), false)
11 FCPATH\index.php(79): CodeIgniter\CodeIgniter->run()
INFO - 2025-11-09 09:44:24 --> Session: Class initialized using 'CodeIgniter\Session\Handlers\FileHandler' driver.
INFO - 2025-11-09 09:45:51 --> Session: Class initialized using 'CodeIgniter\Session\Handlers\FileHandler' driver.
INFO - 2025-11-09 09:51:39 --> Session: Class initialized using 'CodeIgniter\Session\Handlers\FileHandler' driver.
INFO - 2025-11-09 09:51:50 --> Session: Class initialized using 'CodeIgniter\Session\Handlers\FileHandler' driver.
INFO - 2025-11-09 09:52:28 --> Session: Class initialized using 'CodeIgniter\Session\Handlers\FileHandler' driver.
INFO - 2025-11-09 09:57:12 --> Session: Class initialized using 'CodeIgniter\Session\Handlers\FileHandler' driver.
INFO - 2025-11-09 09:58:10 --> Session: Class initialized using 'CodeIgniter\Session\Handlers\FileHandler' driver.
INFO - 2025-11-09 09:59:20 --> Session: Class initialized using 'CodeIgniter\Session\Handlers\FileHandler' driver.
INFO - 2025-11-09 09:59:49 --> Session: Class initialized using 'CodeIgniter\Session\Handlers\FileHandler' driver.
INFO - 2025-11-09 10:01:28 --> Session: Class initialized using 'CodeIgniter\Session\Handlers\FileHandler' driver.
INFO - 2025-11-09 10:02:39 --> Session: Class initialized using 'CodeIgniter\Session\Handlers\FileHandler' driver.
INFO - 2025-11-09 10:03:44 --> Session: Class initialized using 'CodeIgniter\Session\Handlers\FileHandler' driver.
INFO - 2025-11-09 10:07:30 --> Session: Class initialized using 'CodeIgniter\Session\Handlers\FileHandler' driver.
INFO - 2025-11-09 10:12:01 --> Session: Class initialized using 'CodeIgniter\Session\Handlers\FileHandler' driver.
CRITICAL - 2025-11-09 10:12:01 --> Error: Cannot use object of type stdClass as array
in APPPATH\Views\frontend\index.php on line 24.
 1 SYSTEMPATH\View\View.php(228): include()
 2 SYSTEMPATH\View\View.php(231): CodeIgniter\View\View->CodeIgniter\View\{closure}()
 3 SYSTEMPATH\Common.php(1178): CodeIgniter\View\View->render('frontend/index', [], true)
 4 APPPATH\Controllers\HomeController.php(38): view('frontend/index', [...])
 5 SYSTEMPATH\CodeIgniter.php(943): App\Controllers\HomeController->index()
 6 SYSTEMPATH\CodeIgniter.php(503): CodeIgniter\CodeIgniter->runController(Object(App\Controllers\HomeController))
 7 SYSTEMPATH\CodeIgniter.php(361): CodeIgniter\CodeIgniter->handleRequest(null, Object(Config\Cache), false)
 8 FCPATH\index.php(79): CodeIgniter\CodeIgniter->run()
INFO - 2025-11-09 10:12:31 --> Session: Class initialized using 'CodeIgniter\Session\Handlers\FileHandler' driver.
INFO - 2025-11-09 10:13:53 --> Session: Class initialized using 'CodeIgniter\Session\Handlers\FileHandler' driver.
INFO - 2025-11-09 10:15:08 --> Session: Class initialized using 'CodeIgniter\Session\Handlers\FileHandler' driver.
INFO - 2025-11-09 10:15:12 --> Session: Class initialized using 'CodeIgniter\Session\Handlers\FileHandler' driver.
INFO - 2025-11-09 10:15:49 --> Session: Class initialized using 'CodeIgniter\Session\Handlers\FileHandler' driver.
INFO - 2025-11-09 10:15:59 --> Session: Class initialized using 'CodeIgniter\Session\Handlers\FileHandler' driver.
INFO - 2025-11-09 10:15:59 --> Session: Class initialized using 'CodeIgniter\Session\Handlers\FileHandler' driver.
INFO - 2025-11-09 10:16:31 --> Session: Class initialized using 'CodeIgniter\Session\Handlers\FileHandler' driver.
INFO - 2025-11-09 10:16:35 --> Session: Class initialized using 'CodeIgniter\Session\Handlers\FileHandler' driver.
INFO - 2025-11-09 10:16:39 --> Session: Class initialized using 'CodeIgniter\Session\Handlers\FileHandler' driver.
INFO - 2025-11-09 10:16:40 --> Session: Class initialized using 'CodeIgniter\Session\Handlers\FileHandler' driver.
INFO - 2025-11-09 10:16:43 --> Session: Class initialized using 'CodeIgniter\Session\Handlers\FileHandler' driver.
INFO - 2025-11-09 10:16:43 --> Session: Class initialized using 'CodeIgniter\Session\Handlers\FileHandler' driver.
INFO - 2025-11-09 10:16:44 --> Session: Class initialized using 'CodeIgniter\Session\Handlers\FileHandler' driver.
INFO - 2025-11-09 10:16:45 --> Session: Class initialized using 'CodeIgniter\Session\Handlers\FileHandler' driver.
INFO - 2025-11-09 10:16:48 --> Session: Class initialized using 'CodeIgniter\Session\Handlers\FileHandler' driver.
INFO - 2025-11-09 10:16:48 --> Session: Class initialized using 'CodeIgniter\Session\Handlers\FileHandler' driver.
INFO - 2025-11-09 10:16:49 --> Session: Class initialized using 'CodeIgniter\Session\Handlers\FileHandler' driver.
INFO - 2025-11-09 10:16:50 --> Session: Class initialized using 'CodeIgniter\Session\Handlers\FileHandler' driver.
INFO - 2025-11-09 10:16:54 --> Session: Class initialized using 'CodeIgniter\Session\Handlers\FileHandler' driver.
INFO - 2025-11-09 10:16:54 --> Session: Class initialized using 'CodeIgniter\Session\Handlers\FileHandler' driver.
INFO - 2025-11-09 10:16:58 --> Session: Class initialized using 'CodeIgniter\Session\Handlers\FileHandler' driver.
INFO - 2025-11-09 10:17:31 --> Session: Class initialized using 'CodeIgniter\Session\Handlers\FileHandler' driver.
INFO - 2025-11-09 10:18:39 --> Session: Class initialized using 'CodeIgniter\Session\Handlers\FileHandler' driver.
