INFO - 2026-03-18 11:04:45 --> Session: Class initialized using 'CodeIgniter\Session\Handlers\FileHandler' driver.
INFO - 2026-03-18 11:04:46 --> Session: Class initialized using 'CodeIgniter\Session\Handlers\FileHandler' driver.
INFO - 2026-03-18 11:04:46 --> Session: Class initialized using 'CodeIgniter\Session\Handlers\FileHandler' driver.
INFO - 2026-03-18 12:11:47 --> Session: Class initialized using 'CodeIgniter\Session\Handlers\FileHandler' driver.
INFO - 2026-03-18 12:11:48 --> Session: Class initialized using 'CodeIgniter\Session\Handlers\FileHandler' driver.
INFO - 2026-03-18 12:12:54 --> Session: Class initialized using 'CodeIgniter\Session\Handlers\FileHandler' driver.
ERROR - 2026-03-18 12:12:54 --> mysqli_sql_exception: Table 'royalalianceayurveda.staff_media' doesn't exist in D:\xamp\htdocs\royalallianceayurveda\vendor\codeigniter4\framework\system\Database\MySQLi\Connection.php:306
Stack trace:
#0 D:\xamp\htdocs\royalallianceayurveda\vendor\codeigniter4\framework\system\Database\MySQLi\Connection.php(306): mysqli->query('SELECT `u`.`id`...', 0)
#1 D:\xamp\htdocs\royalallianceayurveda\vendor\codeigniter4\framework\system\Database\BaseConnection.php(693): CodeIgniter\Database\MySQLi\Connection->execute('SELECT `u`.`id`...')
#2 D:\xamp\htdocs\royalallianceayurveda\vendor\codeigniter4\framework\system\Database\BaseConnection.php(607): CodeIgniter\Database\BaseConnection->simpleQuery('SELECT `u`.`id`...')
#3 D:\xamp\htdocs\royalallianceayurveda\vendor\codeigniter4\framework\system\Database\BaseBuilder.php(1616): CodeIgniter\Database\BaseConnection->query('SELECT `u`.`id`...', Array, false)
#4 D:\xamp\htdocs\royalallianceayurveda\app\Models\UserModel.php(45): CodeIgniter\Database\BaseBuilder->get()
#5 D:\xamp\htdocs\royalallianceayurveda\app\Controllers\AboutController.php(23): App\Models\UserModel->getUsers('', '', '', '', 'u.id ASC')
#6 D:\xamp\htdocs\royalallianceayurveda\vendor\codeigniter4\framework\system\CodeIgniter.php(943): App\Controllers\AboutController->index()
#7 D:\xamp\htdocs\royalallianceayurveda\vendor\codeigniter4\framework\system\CodeIgniter.php(503): CodeIgniter\CodeIgniter->runController(Object(App\Controllers\AboutController))
#8 D:\xamp\htdocs\royalallianceayurveda\vendor\codeigniter4\framework\system\CodeIgniter.php(361): CodeIgniter\CodeIgniter->handleRequest(NULL, Object(Config\Cache), false)
#9 D:\xamp\htdocs\royalallianceayurveda\index.php(79): CodeIgniter\CodeIgniter->run()
#10 {main}
CRITICAL - 2026-03-18 12:12:54 --> CodeIgniter\Database\Exceptions\DatabaseException: Table 'royalalianceayurveda.staff_media' doesn't exist
in SYSTEMPATH\Database\BaseConnection.php on line 647.
 1 SYSTEMPATH\Database\BaseBuilder.php(1616): CodeIgniter\Database\BaseConnection->query('SELECT `u`.`id`, `u`.`name`, `u`.`email`, `u`.`phone`, `u`.`hire_date`, `u`.`profileimg`, `u`.`booking_status`, `u`.`status`, `u`.`position`, `r`.`id` as `roleId`, `r`.`role_name`, `sm`.`facebook`, `sm`.`instagram`, `sm`.`twitter`, `sm`.`linkedin`
FROM `users` as `u`
JOIN `roles` as `r` ON `r`.`id` = `u`.`role`
JOIN `staff_media` as `sm` ON `u`.`id` = `sm`.`staff_id`
WHERE `u`.`role` != :u.role:
GROUP BY `u`.`id`
ORDER BY `u`.`id` ASC', [...], false)
 2 APPPATH\Models\UserModel.php(45): CodeIgniter\Database\BaseBuilder->get()
 3 APPPATH\Controllers\AboutController.php(23): App\Models\UserModel->getUsers('', '', '', '', 'u.id ASC')
 4 SYSTEMPATH\CodeIgniter.php(943): App\Controllers\AboutController->index()
 5 SYSTEMPATH\CodeIgniter.php(503): CodeIgniter\CodeIgniter->runController(Object(App\Controllers\AboutController))
 6 SYSTEMPATH\CodeIgniter.php(361): CodeIgniter\CodeIgniter->handleRequest(null, Object(Config\Cache), false)
 7 FCPATH\index.php(79): CodeIgniter\CodeIgniter->run()
CRITICAL - 2026-03-18 12:12:54 --> [Caused by] CodeIgniter\Database\Exceptions\DatabaseException: Table 'royalalianceayurveda.staff_media' doesn't exist
in SYSTEMPATH\Database\MySQLi\Connection.php on line 311.
 1 SYSTEMPATH\Database\BaseConnection.php(693): CodeIgniter\Database\MySQLi\Connection->execute('SELECT `u`.`id`, `u`.`name`, `u`.`email`, `u`.`phone`, `u`.`hire_date`, `u`.`profileimg`, `u`.`booking_status`, `u`.`status`, `u`.`position`, `r`.`id` as `roleId`, `r`.`role_name`, `sm`.`facebook`, `sm`.`instagram`, `sm`.`twitter`, `sm`.`linkedin`
FROM `users` as `u`
JOIN `roles` as `r` ON `r`.`id` = `u`.`role`
JOIN `staff_media` as `sm` ON `u`.`id` = `sm`.`staff_id`
WHERE `u`.`role` != 1
GROUP BY `u`.`id`
ORDER BY `u`.`id` ASC')
 2 SYSTEMPATH\Database\BaseConnection.php(607): CodeIgniter\Database\BaseConnection->simpleQuery('SELECT `u`.`id`, `u`.`name`, `u`.`email`, `u`.`phone`, `u`.`hire_date`, `u`.`profileimg`, `u`.`booking_status`, `u`.`status`, `u`.`position`, `r`.`id` as `roleId`, `r`.`role_name`, `sm`.`facebook`, `sm`.`instagram`, `sm`.`twitter`, `sm`.`linkedin`
FROM `users` as `u`
JOIN `roles` as `r` ON `r`.`id` = `u`.`role`
JOIN `staff_media` as `sm` ON `u`.`id` = `sm`.`staff_id`
WHERE `u`.`role` != 1
GROUP BY `u`.`id`
ORDER BY `u`.`id` ASC')
 3 SYSTEMPATH\Database\BaseBuilder.php(1616): CodeIgniter\Database\BaseConnection->query('SELECT `u`.`id`, `u`.`name`, `u`.`email`, `u`.`phone`, `u`.`hire_date`, `u`.`profileimg`, `u`.`booking_status`, `u`.`status`, `u`.`position`, `r`.`id` as `roleId`, `r`.`role_name`, `sm`.`facebook`, `sm`.`instagram`, `sm`.`twitter`, `sm`.`linkedin`
FROM `users` as `u`
JOIN `roles` as `r` ON `r`.`id` = `u`.`role`
JOIN `staff_media` as `sm` ON `u`.`id` = `sm`.`staff_id`
WHERE `u`.`role` != :u.role:
GROUP BY `u`.`id`
ORDER BY `u`.`id` ASC', [...], false)
 4 APPPATH\Models\UserModel.php(45): CodeIgniter\Database\BaseBuilder->get()
 5 APPPATH\Controllers\AboutController.php(23): App\Models\UserModel->getUsers('', '', '', '', 'u.id ASC')
 6 SYSTEMPATH\CodeIgniter.php(943): App\Controllers\AboutController->index()
 7 SYSTEMPATH\CodeIgniter.php(503): CodeIgniter\CodeIgniter->runController(Object(App\Controllers\AboutController))
 8 SYSTEMPATH\CodeIgniter.php(361): CodeIgniter\CodeIgniter->handleRequest(null, Object(Config\Cache), false)
 9 FCPATH\index.php(79): CodeIgniter\CodeIgniter->run()
CRITICAL - 2026-03-18 12:12:54 --> [Caused by] mysqli_sql_exception: Table 'royalalianceayurveda.staff_media' doesn't exist
in SYSTEMPATH\Database\MySQLi\Connection.php on line 306.
 1 SYSTEMPATH\Database\MySQLi\Connection.php(306): mysqli->query('SELECT `u`.`id`, `u`.`name`, `u`.`email`, `u`.`phone`, `u`.`hire_date`, `u`.`profileimg`, `u`.`booking_status`, `u`.`status`, `u`.`position`, `r`.`id` as `roleId`, `r`.`role_name`, `sm`.`facebook`, `sm`.`instagram`, `sm`.`twitter`, `sm`.`linkedin`
FROM `users` as `u`
JOIN `roles` as `r` ON `r`.`id` = `u`.`role`
JOIN `staff_media` as `sm` ON `u`.`id` = `sm`.`staff_id`
WHERE `u`.`role` != 1
GROUP BY `u`.`id`
ORDER BY `u`.`id` ASC', 0)
 2 SYSTEMPATH\Database\BaseConnection.php(693): CodeIgniter\Database\MySQLi\Connection->execute('SELECT `u`.`id`, `u`.`name`, `u`.`email`, `u`.`phone`, `u`.`hire_date`, `u`.`profileimg`, `u`.`booking_status`, `u`.`status`, `u`.`position`, `r`.`id` as `roleId`, `r`.`role_name`, `sm`.`facebook`, `sm`.`instagram`, `sm`.`twitter`, `sm`.`linkedin`
FROM `users` as `u`
JOIN `roles` as `r` ON `r`.`id` = `u`.`role`
JOIN `staff_media` as `sm` ON `u`.`id` = `sm`.`staff_id`
WHERE `u`.`role` != 1
GROUP BY `u`.`id`
ORDER BY `u`.`id` ASC')
 3 SYSTEMPATH\Database\BaseConnection.php(607): CodeIgniter\Database\BaseConnection->simpleQuery('SELECT `u`.`id`, `u`.`name`, `u`.`email`, `u`.`phone`, `u`.`hire_date`, `u`.`profileimg`, `u`.`booking_status`, `u`.`status`, `u`.`position`, `r`.`id` as `roleId`, `r`.`role_name`, `sm`.`facebook`, `sm`.`instagram`, `sm`.`twitter`, `sm`.`linkedin`
FROM `users` as `u`
JOIN `roles` as `r` ON `r`.`id` = `u`.`role`
JOIN `staff_media` as `sm` ON `u`.`id` = `sm`.`staff_id`
WHERE `u`.`role` != 1
GROUP BY `u`.`id`
ORDER BY `u`.`id` ASC')
 4 SYSTEMPATH\Database\BaseBuilder.php(1616): CodeIgniter\Database\BaseConnection->query('SELECT `u`.`id`, `u`.`name`, `u`.`email`, `u`.`phone`, `u`.`hire_date`, `u`.`profileimg`, `u`.`booking_status`, `u`.`status`, `u`.`position`, `r`.`id` as `roleId`, `r`.`role_name`, `sm`.`facebook`, `sm`.`instagram`, `sm`.`twitter`, `sm`.`linkedin`
FROM `users` as `u`
JOIN `roles` as `r` ON `r`.`id` = `u`.`role`
JOIN `staff_media` as `sm` ON `u`.`id` = `sm`.`staff_id`
WHERE `u`.`role` != :u.role:
GROUP BY `u`.`id`
ORDER BY `u`.`id` ASC', [...], false)
 5 APPPATH\Models\UserModel.php(45): CodeIgniter\Database\BaseBuilder->get()
 6 APPPATH\Controllers\AboutController.php(23): App\Models\UserModel->getUsers('', '', '', '', 'u.id ASC')
 7 SYSTEMPATH\CodeIgniter.php(943): App\Controllers\AboutController->index()
 8 SYSTEMPATH\CodeIgniter.php(503): CodeIgniter\CodeIgniter->runController(Object(App\Controllers\AboutController))
 9 SYSTEMPATH\CodeIgniter.php(361): CodeIgniter\CodeIgniter->handleRequest(null, Object(Config\Cache), false)
10 FCPATH\index.php(79): CodeIgniter\CodeIgniter->run()
INFO - 2026-03-18 12:13:00 --> Session: Class initialized using 'CodeIgniter\Session\Handlers\FileHandler' driver.
ERROR - 2026-03-18 12:13:00 --> mysqli_sql_exception: Table 'royalalianceayurveda.staff_media' doesn't exist in D:\xamp\htdocs\royalallianceayurveda\vendor\codeigniter4\framework\system\Database\MySQLi\Connection.php:306
Stack trace:
#0 D:\xamp\htdocs\royalallianceayurveda\vendor\codeigniter4\framework\system\Database\MySQLi\Connection.php(306): mysqli->query('SELECT `u`.`id`...', 0)
#1 D:\xamp\htdocs\royalallianceayurveda\vendor\codeigniter4\framework\system\Database\BaseConnection.php(693): CodeIgniter\Database\MySQLi\Connection->execute('SELECT `u`.`id`...')
#2 D:\xamp\htdocs\royalallianceayurveda\vendor\codeigniter4\framework\system\Database\BaseConnection.php(607): CodeIgniter\Database\BaseConnection->simpleQuery('SELECT `u`.`id`...')
#3 D:\xamp\htdocs\royalallianceayurveda\vendor\codeigniter4\framework\system\Database\BaseBuilder.php(1616): CodeIgniter\Database\BaseConnection->query('SELECT `u`.`id`...', Array, false)
#4 D:\xamp\htdocs\royalallianceayurveda\app\Models\UserModel.php(45): CodeIgniter\Database\BaseBuilder->get()
#5 D:\xamp\htdocs\royalallianceayurveda\app\Controllers\AboutController.php(23): App\Models\UserModel->getUsers('', '', '', '', 'u.id ASC')
#6 D:\xamp\htdocs\royalallianceayurveda\vendor\codeigniter4\framework\system\CodeIgniter.php(943): App\Controllers\AboutController->index()
#7 D:\xamp\htdocs\royalallianceayurveda\vendor\codeigniter4\framework\system\CodeIgniter.php(503): CodeIgniter\CodeIgniter->runController(Object(App\Controllers\AboutController))
#8 D:\xamp\htdocs\royalallianceayurveda\vendor\codeigniter4\framework\system\CodeIgniter.php(361): CodeIgniter\CodeIgniter->handleRequest(NULL, Object(Config\Cache), false)
#9 D:\xamp\htdocs\royalallianceayurveda\index.php(79): CodeIgniter\CodeIgniter->run()
#10 {main}
CRITICAL - 2026-03-18 12:13:00 --> CodeIgniter\Database\Exceptions\DatabaseException: Table 'royalalianceayurveda.staff_media' doesn't exist
in SYSTEMPATH\Database\BaseConnection.php on line 647.
 1 SYSTEMPATH\Database\BaseBuilder.php(1616): CodeIgniter\Database\BaseConnection->query('SELECT `u`.`id`, `u`.`name`, `u`.`email`, `u`.`phone`, `u`.`hire_date`, `u`.`profileimg`, `u`.`booking_status`, `u`.`status`, `u`.`position`, `r`.`id` as `roleId`, `r`.`role_name`, `sm`.`facebook`, `sm`.`instagram`, `sm`.`twitter`, `sm`.`linkedin`
FROM `users` as `u`
JOIN `roles` as `r` ON `r`.`id` = `u`.`role`
JOIN `staff_media` as `sm` ON `u`.`id` = `sm`.`staff_id`
WHERE `u`.`role` != :u.role:
GROUP BY `u`.`id`
ORDER BY `u`.`id` ASC', [...], false)
 2 APPPATH\Models\UserModel.php(45): CodeIgniter\Database\BaseBuilder->get()
 3 APPPATH\Controllers\AboutController.php(23): App\Models\UserModel->getUsers('', '', '', '', 'u.id ASC')
 4 SYSTEMPATH\CodeIgniter.php(943): App\Controllers\AboutController->index()
 5 SYSTEMPATH\CodeIgniter.php(503): CodeIgniter\CodeIgniter->runController(Object(App\Controllers\AboutController))
 6 SYSTEMPATH\CodeIgniter.php(361): CodeIgniter\CodeIgniter->handleRequest(null, Object(Config\Cache), false)
 7 FCPATH\index.php(79): CodeIgniter\CodeIgniter->run()
CRITICAL - 2026-03-18 12:13:00 --> [Caused by] CodeIgniter\Database\Exceptions\DatabaseException: Table 'royalalianceayurveda.staff_media' doesn't exist
in SYSTEMPATH\Database\MySQLi\Connection.php on line 311.
 1 SYSTEMPATH\Database\BaseConnection.php(693): CodeIgniter\Database\MySQLi\Connection->execute('SELECT `u`.`id`, `u`.`name`, `u`.`email`, `u`.`phone`, `u`.`hire_date`, `u`.`profileimg`, `u`.`booking_status`, `u`.`status`, `u`.`position`, `r`.`id` as `roleId`, `r`.`role_name`, `sm`.`facebook`, `sm`.`instagram`, `sm`.`twitter`, `sm`.`linkedin`
FROM `users` as `u`
JOIN `roles` as `r` ON `r`.`id` = `u`.`role`
JOIN `staff_media` as `sm` ON `u`.`id` = `sm`.`staff_id`
WHERE `u`.`role` != 1
GROUP BY `u`.`id`
ORDER BY `u`.`id` ASC')
 2 SYSTEMPATH\Database\BaseConnection.php(607): CodeIgniter\Database\BaseConnection->simpleQuery('SELECT `u`.`id`, `u`.`name`, `u`.`email`, `u`.`phone`, `u`.`hire_date`, `u`.`profileimg`, `u`.`booking_status`, `u`.`status`, `u`.`position`, `r`.`id` as `roleId`, `r`.`role_name`, `sm`.`facebook`, `sm`.`instagram`, `sm`.`twitter`, `sm`.`linkedin`
FROM `users` as `u`
JOIN `roles` as `r` ON `r`.`id` = `u`.`role`
JOIN `staff_media` as `sm` ON `u`.`id` = `sm`.`staff_id`
WHERE `u`.`role` != 1
GROUP BY `u`.`id`
ORDER BY `u`.`id` ASC')
 3 SYSTEMPATH\Database\BaseBuilder.php(1616): CodeIgniter\Database\BaseConnection->query('SELECT `u`.`id`, `u`.`name`, `u`.`email`, `u`.`phone`, `u`.`hire_date`, `u`.`profileimg`, `u`.`booking_status`, `u`.`status`, `u`.`position`, `r`.`id` as `roleId`, `r`.`role_name`, `sm`.`facebook`, `sm`.`instagram`, `sm`.`twitter`, `sm`.`linkedin`
FROM `users` as `u`
JOIN `roles` as `r` ON `r`.`id` = `u`.`role`
JOIN `staff_media` as `sm` ON `u`.`id` = `sm`.`staff_id`
WHERE `u`.`role` != :u.role:
GROUP BY `u`.`id`
ORDER BY `u`.`id` ASC', [...], false)
 4 APPPATH\Models\UserModel.php(45): CodeIgniter\Database\BaseBuilder->get()
 5 APPPATH\Controllers\AboutController.php(23): App\Models\UserModel->getUsers('', '', '', '', 'u.id ASC')
 6 SYSTEMPATH\CodeIgniter.php(943): App\Controllers\AboutController->index()
 7 SYSTEMPATH\CodeIgniter.php(503): CodeIgniter\CodeIgniter->runController(Object(App\Controllers\AboutController))
 8 SYSTEMPATH\CodeIgniter.php(361): CodeIgniter\CodeIgniter->handleRequest(null, Object(Config\Cache), false)
 9 FCPATH\index.php(79): CodeIgniter\CodeIgniter->run()
CRITICAL - 2026-03-18 12:13:00 --> [Caused by] mysqli_sql_exception: Table 'royalalianceayurveda.staff_media' doesn't exist
in SYSTEMPATH\Database\MySQLi\Connection.php on line 306.
 1 SYSTEMPATH\Database\MySQLi\Connection.php(306): mysqli->query('SELECT `u`.`id`, `u`.`name`, `u`.`email`, `u`.`phone`, `u`.`hire_date`, `u`.`profileimg`, `u`.`booking_status`, `u`.`status`, `u`.`position`, `r`.`id` as `roleId`, `r`.`role_name`, `sm`.`facebook`, `sm`.`instagram`, `sm`.`twitter`, `sm`.`linkedin`
FROM `users` as `u`
JOIN `roles` as `r` ON `r`.`id` = `u`.`role`
JOIN `staff_media` as `sm` ON `u`.`id` = `sm`.`staff_id`
WHERE `u`.`role` != 1
GROUP BY `u`.`id`
ORDER BY `u`.`id` ASC', 0)
 2 SYSTEMPATH\Database\BaseConnection.php(693): CodeIgniter\Database\MySQLi\Connection->execute('SELECT `u`.`id`, `u`.`name`, `u`.`email`, `u`.`phone`, `u`.`hire_date`, `u`.`profileimg`, `u`.`booking_status`, `u`.`status`, `u`.`position`, `r`.`id` as `roleId`, `r`.`role_name`, `sm`.`facebook`, `sm`.`instagram`, `sm`.`twitter`, `sm`.`linkedin`
FROM `users` as `u`
JOIN `roles` as `r` ON `r`.`id` = `u`.`role`
JOIN `staff_media` as `sm` ON `u`.`id` = `sm`.`staff_id`
WHERE `u`.`role` != 1
GROUP BY `u`.`id`
ORDER BY `u`.`id` ASC')
 3 SYSTEMPATH\Database\BaseConnection.php(607): CodeIgniter\Database\BaseConnection->simpleQuery('SELECT `u`.`id`, `u`.`name`, `u`.`email`, `u`.`phone`, `u`.`hire_date`, `u`.`profileimg`, `u`.`booking_status`, `u`.`status`, `u`.`position`, `r`.`id` as `roleId`, `r`.`role_name`, `sm`.`facebook`, `sm`.`instagram`, `sm`.`twitter`, `sm`.`linkedin`
FROM `users` as `u`
JOIN `roles` as `r` ON `r`.`id` = `u`.`role`
JOIN `staff_media` as `sm` ON `u`.`id` = `sm`.`staff_id`
WHERE `u`.`role` != 1
GROUP BY `u`.`id`
ORDER BY `u`.`id` ASC')
 4 SYSTEMPATH\Database\BaseBuilder.php(1616): CodeIgniter\Database\BaseConnection->query('SELECT `u`.`id`, `u`.`name`, `u`.`email`, `u`.`phone`, `u`.`hire_date`, `u`.`profileimg`, `u`.`booking_status`, `u`.`status`, `u`.`position`, `r`.`id` as `roleId`, `r`.`role_name`, `sm`.`facebook`, `sm`.`instagram`, `sm`.`twitter`, `sm`.`linkedin`
FROM `users` as `u`
JOIN `roles` as `r` ON `r`.`id` = `u`.`role`
JOIN `staff_media` as `sm` ON `u`.`id` = `sm`.`staff_id`
WHERE `u`.`role` != :u.role:
GROUP BY `u`.`id`
ORDER BY `u`.`id` ASC', [...], false)
 5 APPPATH\Models\UserModel.php(45): CodeIgniter\Database\BaseBuilder->get()
 6 APPPATH\Controllers\AboutController.php(23): App\Models\UserModel->getUsers('', '', '', '', 'u.id ASC')
 7 SYSTEMPATH\CodeIgniter.php(943): App\Controllers\AboutController->index()
 8 SYSTEMPATH\CodeIgniter.php(503): CodeIgniter\CodeIgniter->runController(Object(App\Controllers\AboutController))
 9 SYSTEMPATH\CodeIgniter.php(361): CodeIgniter\CodeIgniter->handleRequest(null, Object(Config\Cache), false)
10 FCPATH\index.php(79): CodeIgniter\CodeIgniter->run()
INFO - 2026-03-18 12:13:02 --> Session: Class initialized using 'CodeIgniter\Session\Handlers\FileHandler' driver.
ERROR - 2026-03-18 12:13:02 --> mysqli_sql_exception: Table 'royalalianceayurveda.staff_media' doesn't exist in D:\xamp\htdocs\royalallianceayurveda\vendor\codeigniter4\framework\system\Database\MySQLi\Connection.php:306
Stack trace:
#0 D:\xamp\htdocs\royalallianceayurveda\vendor\codeigniter4\framework\system\Database\MySQLi\Connection.php(306): mysqli->query('SELECT `u`.`id`...', 0)
#1 D:\xamp\htdocs\royalallianceayurveda\vendor\codeigniter4\framework\system\Database\BaseConnection.php(693): CodeIgniter\Database\MySQLi\Connection->execute('SELECT `u`.`id`...')
#2 D:\xamp\htdocs\royalallianceayurveda\vendor\codeigniter4\framework\system\Database\BaseConnection.php(607): CodeIgniter\Database\BaseConnection->simpleQuery('SELECT `u`.`id`...')
#3 D:\xamp\htdocs\royalallianceayurveda\vendor\codeigniter4\framework\system\Database\BaseBuilder.php(1616): CodeIgniter\Database\BaseConnection->query('SELECT `u`.`id`...', Array, false)
#4 D:\xamp\htdocs\royalallianceayurveda\app\Models\UserModel.php(45): CodeIgniter\Database\BaseBuilder->get()
#5 D:\xamp\htdocs\royalallianceayurveda\app\Controllers\AboutController.php(23): App\Models\UserModel->getUsers('', '', '', '', 'u.id ASC')
#6 D:\xamp\htdocs\royalallianceayurveda\vendor\codeigniter4\framework\system\CodeIgniter.php(943): App\Controllers\AboutController->index()
#7 D:\xamp\htdocs\royalallianceayurveda\vendor\codeigniter4\framework\system\CodeIgniter.php(503): CodeIgniter\CodeIgniter->runController(Object(App\Controllers\AboutController))
#8 D:\xamp\htdocs\royalallianceayurveda\vendor\codeigniter4\framework\system\CodeIgniter.php(361): CodeIgniter\CodeIgniter->handleRequest(NULL, Object(Config\Cache), false)
#9 D:\xamp\htdocs\royalallianceayurveda\index.php(79): CodeIgniter\CodeIgniter->run()
#10 {main}
CRITICAL - 2026-03-18 12:13:02 --> CodeIgniter\Database\Exceptions\DatabaseException: Table 'royalalianceayurveda.staff_media' doesn't exist
in SYSTEMPATH\Database\BaseConnection.php on line 647.
 1 SYSTEMPATH\Database\BaseBuilder.php(1616): CodeIgniter\Database\BaseConnection->query('SELECT `u`.`id`, `u`.`name`, `u`.`email`, `u`.`phone`, `u`.`hire_date`, `u`.`profileimg`, `u`.`booking_status`, `u`.`status`, `u`.`position`, `r`.`id` as `roleId`, `r`.`role_name`, `sm`.`facebook`, `sm`.`instagram`, `sm`.`twitter`, `sm`.`linkedin`
FROM `users` as `u`
JOIN `roles` as `r` ON `r`.`id` = `u`.`role`
JOIN `staff_media` as `sm` ON `u`.`id` = `sm`.`staff_id`
WHERE `u`.`role` != :u.role:
GROUP BY `u`.`id`
ORDER BY `u`.`id` ASC', [...], false)
 2 APPPATH\Models\UserModel.php(45): CodeIgniter\Database\BaseBuilder->get()
 3 APPPATH\Controllers\AboutController.php(23): App\Models\UserModel->getUsers('', '', '', '', 'u.id ASC')
 4 SYSTEMPATH\CodeIgniter.php(943): App\Controllers\AboutController->index()
 5 SYSTEMPATH\CodeIgniter.php(503): CodeIgniter\CodeIgniter->runController(Object(App\Controllers\AboutController))
 6 SYSTEMPATH\CodeIgniter.php(361): CodeIgniter\CodeIgniter->handleRequest(null, Object(Config\Cache), false)
 7 FCPATH\index.php(79): CodeIgniter\CodeIgniter->run()
CRITICAL - 2026-03-18 12:13:02 --> [Caused by] CodeIgniter\Database\Exceptions\DatabaseException: Table 'royalalianceayurveda.staff_media' doesn't exist
in SYSTEMPATH\Database\MySQLi\Connection.php on line 311.
 1 SYSTEMPATH\Database\BaseConnection.php(693): CodeIgniter\Database\MySQLi\Connection->execute('SELECT `u`.`id`, `u`.`name`, `u`.`email`, `u`.`phone`, `u`.`hire_date`, `u`.`profileimg`, `u`.`booking_status`, `u`.`status`, `u`.`position`, `r`.`id` as `roleId`, `r`.`role_name`, `sm`.`facebook`, `sm`.`instagram`, `sm`.`twitter`, `sm`.`linkedin`
FROM `users` as `u`
JOIN `roles` as `r` ON `r`.`id` = `u`.`role`
JOIN `staff_media` as `sm` ON `u`.`id` = `sm`.`staff_id`
WHERE `u`.`role` != 1
GROUP BY `u`.`id`
ORDER BY `u`.`id` ASC')
 2 SYSTEMPATH\Database\BaseConnection.php(607): CodeIgniter\Database\BaseConnection->simpleQuery('SELECT `u`.`id`, `u`.`name`, `u`.`email`, `u`.`phone`, `u`.`hire_date`, `u`.`profileimg`, `u`.`booking_status`, `u`.`status`, `u`.`position`, `r`.`id` as `roleId`, `r`.`role_name`, `sm`.`facebook`, `sm`.`instagram`, `sm`.`twitter`, `sm`.`linkedin`
FROM `users` as `u`
JOIN `roles` as `r` ON `r`.`id` = `u`.`role`
JOIN `staff_media` as `sm` ON `u`.`id` = `sm`.`staff_id`
WHERE `u`.`role` != 1
GROUP BY `u`.`id`
ORDER BY `u`.`id` ASC')
 3 SYSTEMPATH\Database\BaseBuilder.php(1616): CodeIgniter\Database\BaseConnection->query('SELECT `u`.`id`, `u`.`name`, `u`.`email`, `u`.`phone`, `u`.`hire_date`, `u`.`profileimg`, `u`.`booking_status`, `u`.`status`, `u`.`position`, `r`.`id` as `roleId`, `r`.`role_name`, `sm`.`facebook`, `sm`.`instagram`, `sm`.`twitter`, `sm`.`linkedin`
FROM `users` as `u`
JOIN `roles` as `r` ON `r`.`id` = `u`.`role`
JOIN `staff_media` as `sm` ON `u`.`id` = `sm`.`staff_id`
WHERE `u`.`role` != :u.role:
GROUP BY `u`.`id`
ORDER BY `u`.`id` ASC', [...], false)
 4 APPPATH\Models\UserModel.php(45): CodeIgniter\Database\BaseBuilder->get()
 5 APPPATH\Controllers\AboutController.php(23): App\Models\UserModel->getUsers('', '', '', '', 'u.id ASC')
 6 SYSTEMPATH\CodeIgniter.php(943): App\Controllers\AboutController->index()
 7 SYSTEMPATH\CodeIgniter.php(503): CodeIgniter\CodeIgniter->runController(Object(App\Controllers\AboutController))
 8 SYSTEMPATH\CodeIgniter.php(361): CodeIgniter\CodeIgniter->handleRequest(null, Object(Config\Cache), false)
 9 FCPATH\index.php(79): CodeIgniter\CodeIgniter->run()
CRITICAL - 2026-03-18 12:13:02 --> [Caused by] mysqli_sql_exception: Table 'royalalianceayurveda.staff_media' doesn't exist
in SYSTEMPATH\Database\MySQLi\Connection.php on line 306.
 1 SYSTEMPATH\Database\MySQLi\Connection.php(306): mysqli->query('SELECT `u`.`id`, `u`.`name`, `u`.`email`, `u`.`phone`, `u`.`hire_date`, `u`.`profileimg`, `u`.`booking_status`, `u`.`status`, `u`.`position`, `r`.`id` as `roleId`, `r`.`role_name`, `sm`.`facebook`, `sm`.`instagram`, `sm`.`twitter`, `sm`.`linkedin`
FROM `users` as `u`
JOIN `roles` as `r` ON `r`.`id` = `u`.`role`
JOIN `staff_media` as `sm` ON `u`.`id` = `sm`.`staff_id`
WHERE `u`.`role` != 1
GROUP BY `u`.`id`
ORDER BY `u`.`id` ASC', 0)
 2 SYSTEMPATH\Database\BaseConnection.php(693): CodeIgniter\Database\MySQLi\Connection->execute('SELECT `u`.`id`, `u`.`name`, `u`.`email`, `u`.`phone`, `u`.`hire_date`, `u`.`profileimg`, `u`.`booking_status`, `u`.`status`, `u`.`position`, `r`.`id` as `roleId`, `r`.`role_name`, `sm`.`facebook`, `sm`.`instagram`, `sm`.`twitter`, `sm`.`linkedin`
FROM `users` as `u`
JOIN `roles` as `r` ON `r`.`id` = `u`.`role`
JOIN `staff_media` as `sm` ON `u`.`id` = `sm`.`staff_id`
WHERE `u`.`role` != 1
GROUP BY `u`.`id`
ORDER BY `u`.`id` ASC')
 3 SYSTEMPATH\Database\BaseConnection.php(607): CodeIgniter\Database\BaseConnection->simpleQuery('SELECT `u`.`id`, `u`.`name`, `u`.`email`, `u`.`phone`, `u`.`hire_date`, `u`.`profileimg`, `u`.`booking_status`, `u`.`status`, `u`.`position`, `r`.`id` as `roleId`, `r`.`role_name`, `sm`.`facebook`, `sm`.`instagram`, `sm`.`twitter`, `sm`.`linkedin`
FROM `users` as `u`
JOIN `roles` as `r` ON `r`.`id` = `u`.`role`
JOIN `staff_media` as `sm` ON `u`.`id` = `sm`.`staff_id`
WHERE `u`.`role` != 1
GROUP BY `u`.`id`
ORDER BY `u`.`id` ASC')
 4 SYSTEMPATH\Database\BaseBuilder.php(1616): CodeIgniter\Database\BaseConnection->query('SELECT `u`.`id`, `u`.`name`, `u`.`email`, `u`.`phone`, `u`.`hire_date`, `u`.`profileimg`, `u`.`booking_status`, `u`.`status`, `u`.`position`, `r`.`id` as `roleId`, `r`.`role_name`, `sm`.`facebook`, `sm`.`instagram`, `sm`.`twitter`, `sm`.`linkedin`
FROM `users` as `u`
JOIN `roles` as `r` ON `r`.`id` = `u`.`role`
JOIN `staff_media` as `sm` ON `u`.`id` = `sm`.`staff_id`
WHERE `u`.`role` != :u.role:
GROUP BY `u`.`id`
ORDER BY `u`.`id` ASC', [...], false)
 5 APPPATH\Models\UserModel.php(45): CodeIgniter\Database\BaseBuilder->get()
 6 APPPATH\Controllers\AboutController.php(23): App\Models\UserModel->getUsers('', '', '', '', 'u.id ASC')
 7 SYSTEMPATH\CodeIgniter.php(943): App\Controllers\AboutController->index()
 8 SYSTEMPATH\CodeIgniter.php(503): CodeIgniter\CodeIgniter->runController(Object(App\Controllers\AboutController))
 9 SYSTEMPATH\CodeIgniter.php(361): CodeIgniter\CodeIgniter->handleRequest(null, Object(Config\Cache), false)
10 FCPATH\index.php(79): CodeIgniter\CodeIgniter->run()
INFO - 2026-03-18 12:13:07 --> Session: Class initialized using 'CodeIgniter\Session\Handlers\FileHandler' driver.
ERROR - 2026-03-18 12:13:07 --> mysqli_sql_exception: Table 'royalalianceayurveda.slider' doesn't exist in D:\xamp\htdocs\royalallianceayurveda\vendor\codeigniter4\framework\system\Database\MySQLi\Connection.php:306
Stack trace:
#0 D:\xamp\htdocs\royalallianceayurveda\vendor\codeigniter4\framework\system\Database\MySQLi\Connection.php(306): mysqli->query('SELECT *\nFROM `...', 0)
#1 D:\xamp\htdocs\royalallianceayurveda\vendor\codeigniter4\framework\system\Database\BaseConnection.php(693): CodeIgniter\Database\MySQLi\Connection->execute('SELECT *\nFROM `...')
#2 D:\xamp\htdocs\royalallianceayurveda\vendor\codeigniter4\framework\system\Database\BaseConnection.php(607): CodeIgniter\Database\BaseConnection->simpleQuery('SELECT *\nFROM `...')
#3 D:\xamp\htdocs\royalallianceayurveda\vendor\codeigniter4\framework\system\Database\BaseBuilder.php(1616): CodeIgniter\Database\BaseConnection->query('SELECT *\nFROM `...', Array, false)
#4 D:\xamp\htdocs\royalallianceayurveda\vendor\codeigniter4\framework\system\Model.php(877): CodeIgniter\Database\BaseBuilder->get()
#5 D:\xamp\htdocs\royalallianceayurveda\app\Controllers\HomeController.php(39): CodeIgniter\Model->__call('get', Array)
#6 D:\xamp\htdocs\royalallianceayurveda\vendor\codeigniter4\framework\system\CodeIgniter.php(943): App\Controllers\HomeController->index()
#7 D:\xamp\htdocs\royalallianceayurveda\vendor\codeigniter4\framework\system\CodeIgniter.php(503): CodeIgniter\CodeIgniter->runController(Object(App\Controllers\HomeController))
#8 D:\xamp\htdocs\royalallianceayurveda\vendor\codeigniter4\framework\system\CodeIgniter.php(361): CodeIgniter\CodeIgniter->handleRequest(NULL, Object(Config\Cache), false)
#9 D:\xamp\htdocs\royalallianceayurveda\index.php(79): CodeIgniter\CodeIgniter->run()
#10 {main}
CRITICAL - 2026-03-18 12:13:07 --> CodeIgniter\Database\Exceptions\DatabaseException: Table 'royalalianceayurveda.slider' doesn't exist
in SYSTEMPATH\Database\BaseConnection.php on line 647.
 1 SYSTEMPATH\Database\BaseBuilder.php(1616): CodeIgniter\Database\BaseConnection->query('SELECT *
FROM `slider`
WHERE `status` = :status:
ORDER BY `id` DESC', [...], false)
 2 SYSTEMPATH\Model.php(877): CodeIgniter\Database\BaseBuilder->get()
 3 APPPATH\Controllers\HomeController.php(39): CodeIgniter\Model->__call('get', [])
 4 SYSTEMPATH\CodeIgniter.php(943): App\Controllers\HomeController->index()
 5 SYSTEMPATH\CodeIgniter.php(503): CodeIgniter\CodeIgniter->runController(Object(App\Controllers\HomeController))
 6 SYSTEMPATH\CodeIgniter.php(361): CodeIgniter\CodeIgniter->handleRequest(null, Object(Config\Cache), false)
 7 FCPATH\index.php(79): CodeIgniter\CodeIgniter->run()
CRITICAL - 2026-03-18 12:13:07 --> [Caused by] CodeIgniter\Database\Exceptions\DatabaseException: Table 'royalalianceayurveda.slider' doesn't exist
in SYSTEMPATH\Database\MySQLi\Connection.php on line 311.
 1 SYSTEMPATH\Database\BaseConnection.php(693): CodeIgniter\Database\MySQLi\Connection->execute('SELECT *
FROM `slider`
WHERE `status` = 1
ORDER BY `id` DESC')
 2 SYSTEMPATH\Database\BaseConnection.php(607): CodeIgniter\Database\BaseConnection->simpleQuery('SELECT *
FROM `slider`
WHERE `status` = 1
ORDER BY `id` DESC')
 3 SYSTEMPATH\Database\BaseBuilder.php(1616): CodeIgniter\Database\BaseConnection->query('SELECT *
FROM `slider`
WHERE `status` = :status:
ORDER BY `id` DESC', [...], false)
 4 SYSTEMPATH\Model.php(877): CodeIgniter\Database\BaseBuilder->get()
 5 APPPATH\Controllers\HomeController.php(39): CodeIgniter\Model->__call('get', [])
 6 SYSTEMPATH\CodeIgniter.php(943): App\Controllers\HomeController->index()
 7 SYSTEMPATH\CodeIgniter.php(503): CodeIgniter\CodeIgniter->runController(Object(App\Controllers\HomeController))
 8 SYSTEMPATH\CodeIgniter.php(361): CodeIgniter\CodeIgniter->handleRequest(null, Object(Config\Cache), false)
 9 FCPATH\index.php(79): CodeIgniter\CodeIgniter->run()
CRITICAL - 2026-03-18 12:13:07 --> [Caused by] mysqli_sql_exception: Table 'royalalianceayurveda.slider' doesn't exist
in SYSTEMPATH\Database\MySQLi\Connection.php on line 306.
 1 SYSTEMPATH\Database\MySQLi\Connection.php(306): mysqli->query('SELECT *
FROM `slider`
WHERE `status` = 1
ORDER BY `id` DESC', 0)
 2 SYSTEMPATH\Database\BaseConnection.php(693): CodeIgniter\Database\MySQLi\Connection->execute('SELECT *
FROM `slider`
WHERE `status` = 1
ORDER BY `id` DESC')
 3 SYSTEMPATH\Database\BaseConnection.php(607): CodeIgniter\Database\BaseConnection->simpleQuery('SELECT *
FROM `slider`
WHERE `status` = 1
ORDER BY `id` DESC')
 4 SYSTEMPATH\Database\BaseBuilder.php(1616): CodeIgniter\Database\BaseConnection->query('SELECT *
FROM `slider`
WHERE `status` = :status:
ORDER BY `id` DESC', [...], false)
 5 SYSTEMPATH\Model.php(877): CodeIgniter\Database\BaseBuilder->get()
 6 APPPATH\Controllers\HomeController.php(39): CodeIgniter\Model->__call('get', [])
 7 SYSTEMPATH\CodeIgniter.php(943): App\Controllers\HomeController->index()
 8 SYSTEMPATH\CodeIgniter.php(503): CodeIgniter\CodeIgniter->runController(Object(App\Controllers\HomeController))
 9 SYSTEMPATH\CodeIgniter.php(361): CodeIgniter\CodeIgniter->handleRequest(null, Object(Config\Cache), false)
10 FCPATH\index.php(79): CodeIgniter\CodeIgniter->run()
INFO - 2026-03-18 12:13:11 --> Session: Class initialized using 'CodeIgniter\Session\Handlers\FileHandler' driver.
ERROR - 2026-03-18 12:13:11 --> mysqli_sql_exception: Table 'royalalianceayurveda.slider' doesn't exist in D:\xamp\htdocs\royalallianceayurveda\vendor\codeigniter4\framework\system\Database\MySQLi\Connection.php:306
Stack trace:
#0 D:\xamp\htdocs\royalallianceayurveda\vendor\codeigniter4\framework\system\Database\MySQLi\Connection.php(306): mysqli->query('SELECT *\nFROM `...', 0)
#1 D:\xamp\htdocs\royalallianceayurveda\vendor\codeigniter4\framework\system\Database\BaseConnection.php(693): CodeIgniter\Database\MySQLi\Connection->execute('SELECT *\nFROM `...')
#2 D:\xamp\htdocs\royalallianceayurveda\vendor\codeigniter4\framework\system\Database\BaseConnection.php(607): CodeIgniter\Database\BaseConnection->simpleQuery('SELECT *\nFROM `...')
#3 D:\xamp\htdocs\royalallianceayurveda\vendor\codeigniter4\framework\system\Database\BaseBuilder.php(1616): CodeIgniter\Database\BaseConnection->query('SELECT *\nFROM `...', Array, false)
#4 D:\xamp\htdocs\royalallianceayurveda\vendor\codeigniter4\framework\system\Model.php(877): CodeIgniter\Database\BaseBuilder->get()
#5 D:\xamp\htdocs\royalallianceayurveda\app\Controllers\HomeController.php(39): CodeIgniter\Model->__call('get', Array)
#6 D:\xamp\htdocs\royalallianceayurveda\vendor\codeigniter4\framework\system\CodeIgniter.php(943): App\Controllers\HomeController->index()
#7 D:\xamp\htdocs\royalallianceayurveda\vendor\codeigniter4\framework\system\CodeIgniter.php(503): CodeIgniter\CodeIgniter->runController(Object(App\Controllers\HomeController))
#8 D:\xamp\htdocs\royalallianceayurveda\vendor\codeigniter4\framework\system\CodeIgniter.php(361): CodeIgniter\CodeIgniter->handleRequest(NULL, Object(Config\Cache), false)
#9 D:\xamp\htdocs\royalallianceayurveda\index.php(79): CodeIgniter\CodeIgniter->run()
#10 {main}
CRITICAL - 2026-03-18 12:13:11 --> CodeIgniter\Database\Exceptions\DatabaseException: Table 'royalalianceayurveda.slider' doesn't exist
in SYSTEMPATH\Database\BaseConnection.php on line 647.
 1 SYSTEMPATH\Database\BaseBuilder.php(1616): CodeIgniter\Database\BaseConnection->query('SELECT *
FROM `slider`
WHERE `status` = :status:
ORDER BY `id` DESC', [...], false)
 2 SYSTEMPATH\Model.php(877): CodeIgniter\Database\BaseBuilder->get()
 3 APPPATH\Controllers\HomeController.php(39): CodeIgniter\Model->__call('get', [])
 4 SYSTEMPATH\CodeIgniter.php(943): App\Controllers\HomeController->index()
 5 SYSTEMPATH\CodeIgniter.php(503): CodeIgniter\CodeIgniter->runController(Object(App\Controllers\HomeController))
 6 SYSTEMPATH\CodeIgniter.php(361): CodeIgniter\CodeIgniter->handleRequest(null, Object(Config\Cache), false)
 7 FCPATH\index.php(79): CodeIgniter\CodeIgniter->run()
CRITICAL - 2026-03-18 12:13:11 --> [Caused by] CodeIgniter\Database\Exceptions\DatabaseException: Table 'royalalianceayurveda.slider' doesn't exist
in SYSTEMPATH\Database\MySQLi\Connection.php on line 311.
 1 SYSTEMPATH\Database\BaseConnection.php(693): CodeIgniter\Database\MySQLi\Connection->execute('SELECT *
FROM `slider`
WHERE `status` = 1
ORDER BY `id` DESC')
 2 SYSTEMPATH\Database\BaseConnection.php(607): CodeIgniter\Database\BaseConnection->simpleQuery('SELECT *
FROM `slider`
WHERE `status` = 1
ORDER BY `id` DESC')
 3 SYSTEMPATH\Database\BaseBuilder.php(1616): CodeIgniter\Database\BaseConnection->query('SELECT *
FROM `slider`
WHERE `status` = :status:
ORDER BY `id` DESC', [...], false)
 4 SYSTEMPATH\Model.php(877): CodeIgniter\Database\BaseBuilder->get()
 5 APPPATH\Controllers\HomeController.php(39): CodeIgniter\Model->__call('get', [])
 6 SYSTEMPATH\CodeIgniter.php(943): App\Controllers\HomeController->index()
 7 SYSTEMPATH\CodeIgniter.php(503): CodeIgniter\CodeIgniter->runController(Object(App\Controllers\HomeController))
 8 SYSTEMPATH\CodeIgniter.php(361): CodeIgniter\CodeIgniter->handleRequest(null, Object(Config\Cache), false)
 9 FCPATH\index.php(79): CodeIgniter\CodeIgniter->run()
CRITICAL - 2026-03-18 12:13:11 --> [Caused by] mysqli_sql_exception: Table 'royalalianceayurveda.slider' doesn't exist
in SYSTEMPATH\Database\MySQLi\Connection.php on line 306.
 1 SYSTEMPATH\Database\MySQLi\Connection.php(306): mysqli->query('SELECT *
FROM `slider`
WHERE `status` = 1
ORDER BY `id` DESC', 0)
 2 SYSTEMPATH\Database\BaseConnection.php(693): CodeIgniter\Database\MySQLi\Connection->execute('SELECT *
FROM `slider`
WHERE `status` = 1
ORDER BY `id` DESC')
 3 SYSTEMPATH\Database\BaseConnection.php(607): CodeIgniter\Database\BaseConnection->simpleQuery('SELECT *
FROM `slider`
WHERE `status` = 1
ORDER BY `id` DESC')
 4 SYSTEMPATH\Database\BaseBuilder.php(1616): CodeIgniter\Database\BaseConnection->query('SELECT *
FROM `slider`
WHERE `status` = :status:
ORDER BY `id` DESC', [...], false)
 5 SYSTEMPATH\Model.php(877): CodeIgniter\Database\BaseBuilder->get()
 6 APPPATH\Controllers\HomeController.php(39): CodeIgniter\Model->__call('get', [])
 7 SYSTEMPATH\CodeIgniter.php(943): App\Controllers\HomeController->index()
 8 SYSTEMPATH\CodeIgniter.php(503): CodeIgniter\CodeIgniter->runController(Object(App\Controllers\HomeController))
 9 SYSTEMPATH\CodeIgniter.php(361): CodeIgniter\CodeIgniter->handleRequest(null, Object(Config\Cache), false)
10 FCPATH\index.php(79): CodeIgniter\CodeIgniter->run()
INFO - 2026-03-18 12:13:13 --> Session: Class initialized using 'CodeIgniter\Session\Handlers\FileHandler' driver.
ERROR - 2026-03-18 12:13:13 --> mysqli_sql_exception: Table 'royalalianceayurveda.slider' doesn't exist in D:\xamp\htdocs\royalallianceayurveda\vendor\codeigniter4\framework\system\Database\MySQLi\Connection.php:306
Stack trace:
#0 D:\xamp\htdocs\royalallianceayurveda\vendor\codeigniter4\framework\system\Database\MySQLi\Connection.php(306): mysqli->query('SELECT *\nFROM `...', 0)
#1 D:\xamp\htdocs\royalallianceayurveda\vendor\codeigniter4\framework\system\Database\BaseConnection.php(693): CodeIgniter\Database\MySQLi\Connection->execute('SELECT *\nFROM `...')
#2 D:\xamp\htdocs\royalallianceayurveda\vendor\codeigniter4\framework\system\Database\BaseConnection.php(607): CodeIgniter\Database\BaseConnection->simpleQuery('SELECT *\nFROM `...')
#3 D:\xamp\htdocs\royalallianceayurveda\vendor\codeigniter4\framework\system\Database\BaseBuilder.php(1616): CodeIgniter\Database\BaseConnection->query('SELECT *\nFROM `...', Array, false)
#4 D:\xamp\htdocs\royalallianceayurveda\vendor\codeigniter4\framework\system\Model.php(877): CodeIgniter\Database\BaseBuilder->get()
#5 D:\xamp\htdocs\royalallianceayurveda\app\Controllers\HomeController.php(39): CodeIgniter\Model->__call('get', Array)
#6 D:\xamp\htdocs\royalallianceayurveda\vendor\codeigniter4\framework\system\CodeIgniter.php(943): App\Controllers\HomeController->index()
#7 D:\xamp\htdocs\royalallianceayurveda\vendor\codeigniter4\framework\system\CodeIgniter.php(503): CodeIgniter\CodeIgniter->runController(Object(App\Controllers\HomeController))
#8 D:\xamp\htdocs\royalallianceayurveda\vendor\codeigniter4\framework\system\CodeIgniter.php(361): CodeIgniter\CodeIgniter->handleRequest(NULL, Object(Config\Cache), false)
#9 D:\xamp\htdocs\royalallianceayurveda\index.php(79): CodeIgniter\CodeIgniter->run()
#10 {main}
CRITICAL - 2026-03-18 12:13:13 --> CodeIgniter\Database\Exceptions\DatabaseException: Table 'royalalianceayurveda.slider' doesn't exist
in SYSTEMPATH\Database\BaseConnection.php on line 647.
 1 SYSTEMPATH\Database\BaseBuilder.php(1616): CodeIgniter\Database\BaseConnection->query('SELECT *
FROM `slider`
WHERE `status` = :status:
ORDER BY `id` DESC', [...], false)
 2 SYSTEMPATH\Model.php(877): CodeIgniter\Database\BaseBuilder->get()
 3 APPPATH\Controllers\HomeController.php(39): CodeIgniter\Model->__call('get', [])
 4 SYSTEMPATH\CodeIgniter.php(943): App\Controllers\HomeController->index()
 5 SYSTEMPATH\CodeIgniter.php(503): CodeIgniter\CodeIgniter->runController(Object(App\Controllers\HomeController))
 6 SYSTEMPATH\CodeIgniter.php(361): CodeIgniter\CodeIgniter->handleRequest(null, Object(Config\Cache), false)
 7 FCPATH\index.php(79): CodeIgniter\CodeIgniter->run()
CRITICAL - 2026-03-18 12:13:13 --> [Caused by] CodeIgniter\Database\Exceptions\DatabaseException: Table 'royalalianceayurveda.slider' doesn't exist
in SYSTEMPATH\Database\MySQLi\Connection.php on line 311.
 1 SYSTEMPATH\Database\BaseConnection.php(693): CodeIgniter\Database\MySQLi\Connection->execute('SELECT *
FROM `slider`
WHERE `status` = 1
ORDER BY `id` DESC')
 2 SYSTEMPATH\Database\BaseConnection.php(607): CodeIgniter\Database\BaseConnection->simpleQuery('SELECT *
FROM `slider`
WHERE `status` = 1
ORDER BY `id` DESC')
 3 SYSTEMPATH\Database\BaseBuilder.php(1616): CodeIgniter\Database\BaseConnection->query('SELECT *
FROM `slider`
WHERE `status` = :status:
ORDER BY `id` DESC', [...], false)
 4 SYSTEMPATH\Model.php(877): CodeIgniter\Database\BaseBuilder->get()
 5 APPPATH\Controllers\HomeController.php(39): CodeIgniter\Model->__call('get', [])
 6 SYSTEMPATH\CodeIgniter.php(943): App\Controllers\HomeController->index()
 7 SYSTEMPATH\CodeIgniter.php(503): CodeIgniter\CodeIgniter->runController(Object(App\Controllers\HomeController))
 8 SYSTEMPATH\CodeIgniter.php(361): CodeIgniter\CodeIgniter->handleRequest(null, Object(Config\Cache), false)
 9 FCPATH\index.php(79): CodeIgniter\CodeIgniter->run()
CRITICAL - 2026-03-18 12:13:13 --> [Caused by] mysqli_sql_exception: Table 'royalalianceayurveda.slider' doesn't exist
in SYSTEMPATH\Database\MySQLi\Connection.php on line 306.
 1 SYSTEMPATH\Database\MySQLi\Connection.php(306): mysqli->query('SELECT *
FROM `slider`
WHERE `status` = 1
ORDER BY `id` DESC', 0)
 2 SYSTEMPATH\Database\BaseConnection.php(693): CodeIgniter\Database\MySQLi\Connection->execute('SELECT *
FROM `slider`
WHERE `status` = 1
ORDER BY `id` DESC')
 3 SYSTEMPATH\Database\BaseConnection.php(607): CodeIgniter\Database\BaseConnection->simpleQuery('SELECT *
FROM `slider`
WHERE `status` = 1
ORDER BY `id` DESC')
 4 SYSTEMPATH\Database\BaseBuilder.php(1616): CodeIgniter\Database\BaseConnection->query('SELECT *
FROM `slider`
WHERE `status` = :status:
ORDER BY `id` DESC', [...], false)
 5 SYSTEMPATH\Model.php(877): CodeIgniter\Database\BaseBuilder->get()
 6 APPPATH\Controllers\HomeController.php(39): CodeIgniter\Model->__call('get', [])
 7 SYSTEMPATH\CodeIgniter.php(943): App\Controllers\HomeController->index()
 8 SYSTEMPATH\CodeIgniter.php(503): CodeIgniter\CodeIgniter->runController(Object(App\Controllers\HomeController))
 9 SYSTEMPATH\CodeIgniter.php(361): CodeIgniter\CodeIgniter->handleRequest(null, Object(Config\Cache), false)
10 FCPATH\index.php(79): CodeIgniter\CodeIgniter->run()
INFO - 2026-03-18 12:15:16 --> Session: Class initialized using 'CodeIgniter\Session\Handlers\FileHandler' driver.
INFO - 2026-03-18 12:15:17 --> Session: Class initialized using 'CodeIgniter\Session\Handlers\FileHandler' driver.
INFO - 2026-03-18 12:15:19 --> Session: Class initialized using 'CodeIgniter\Session\Handlers\FileHandler' driver.
INFO - 2026-03-18 12:15:20 --> Session: Class initialized using 'CodeIgniter\Session\Handlers\FileHandler' driver.
INFO - 2026-03-18 12:24:58 --> Session: Class initialized using 'CodeIgniter\Session\Handlers\FileHandler' driver.
INFO - 2026-03-18 12:25:06 --> Session: Class initialized using 'CodeIgniter\Session\Handlers\FileHandler' driver.
INFO - 2026-03-18 12:28:26 --> Session: Class initialized using 'CodeIgniter\Session\Handlers\FileHandler' driver.
INFO - 2026-03-18 12:28:45 --> Session: Class initialized using 'CodeIgniter\Session\Handlers\FileHandler' driver.
INFO - 2026-03-18 12:29:12 --> Session: Class initialized using 'CodeIgniter\Session\Handlers\FileHandler' driver.
INFO - 2026-03-18 12:30:26 --> Session: Class initialized using 'CodeIgniter\Session\Handlers\FileHandler' driver.
INFO - 2026-03-18 12:32:18 --> Session: Class initialized using 'CodeIgniter\Session\Handlers\FileHandler' driver.
INFO - 2026-03-18 12:32:21 --> Session: Class initialized using 'CodeIgniter\Session\Handlers\FileHandler' driver.
INFO - 2026-03-18 12:32:27 --> Session: Class initialized using 'CodeIgniter\Session\Handlers\FileHandler' driver.
INFO - 2026-03-18 12:33:11 --> Session: Class initialized using 'CodeIgniter\Session\Handlers\FileHandler' driver.
INFO - 2026-03-18 12:33:13 --> Session: Class initialized using 'CodeIgniter\Session\Handlers\FileHandler' driver.
INFO - 2026-03-18 12:35:07 --> Session: Class initialized using 'CodeIgniter\Session\Handlers\FileHandler' driver.
INFO - 2026-03-18 12:35:09 --> Session: Class initialized using 'CodeIgniter\Session\Handlers\FileHandler' driver.
INFO - 2026-03-18 12:35:55 --> Session: Class initialized using 'CodeIgniter\Session\Handlers\FileHandler' driver.
INFO - 2026-03-18 12:35:57 --> Session: Class initialized using 'CodeIgniter\Session\Handlers\FileHandler' driver.
INFO - 2026-03-18 12:36:38 --> Session: Class initialized using 'CodeIgniter\Session\Handlers\FileHandler' driver.
INFO - 2026-03-18 12:36:40 --> Session: Class initialized using 'CodeIgniter\Session\Handlers\FileHandler' driver.
INFO - 2026-03-18 12:37:24 --> Session: Class initialized using 'CodeIgniter\Session\Handlers\FileHandler' driver.
INFO - 2026-03-18 12:37:25 --> Session: Class initialized using 'CodeIgniter\Session\Handlers\FileHandler' driver.
INFO - 2026-03-18 12:40:08 --> Session: Class initialized using 'CodeIgniter\Session\Handlers\FileHandler' driver.
INFO - 2026-03-18 12:40:09 --> Session: Class initialized using 'CodeIgniter\Session\Handlers\FileHandler' driver.
INFO - 2026-03-18 12:40:17 --> Session: Class initialized using 'CodeIgniter\Session\Handlers\FileHandler' driver.
INFO - 2026-03-18 12:40:19 --> Session: Class initialized using 'CodeIgniter\Session\Handlers\FileHandler' driver.
INFO - 2026-03-18 12:41:34 --> Session: Class initialized using 'CodeIgniter\Session\Handlers\FileHandler' driver.
INFO - 2026-03-18 12:41:45 --> Session: Class initialized using 'CodeIgniter\Session\Handlers\FileHandler' driver.
INFO - 2026-03-18 12:41:52 --> Session: Class initialized using 'CodeIgniter\Session\Handlers\FileHandler' driver.
INFO - 2026-03-18 12:41:58 --> Session: Class initialized using 'CodeIgniter\Session\Handlers\FileHandler' driver.
INFO - 2026-03-18 12:41:58 --> Session: Class initialized using 'CodeIgniter\Session\Handlers\FileHandler' driver.
INFO - 2026-03-18 12:42:06 --> Session: Class initialized using 'CodeIgniter\Session\Handlers\FileHandler' driver.
INFO - 2026-03-18 12:43:29 --> Session: Class initialized using 'CodeIgniter\Session\Handlers\FileHandler' driver.
INFO - 2026-03-18 12:43:35 --> Session: Class initialized using 'CodeIgniter\Session\Handlers\FileHandler' driver.
INFO - 2026-03-18 12:43:52 --> Session: Class initialized using 'CodeIgniter\Session\Handlers\FileHandler' driver.
INFO - 2026-03-18 12:43:52 --> Session: Class initialized using 'CodeIgniter\Session\Handlers\FileHandler' driver.
INFO - 2026-03-18 12:44:11 --> Session: Class initialized using 'CodeIgniter\Session\Handlers\FileHandler' driver.
INFO - 2026-03-18 12:44:11 --> Session: Class initialized using 'CodeIgniter\Session\Handlers\FileHandler' driver.
INFO - 2026-03-18 12:44:12 --> Session: Class initialized using 'CodeIgniter\Session\Handlers\FileHandler' driver.
INFO - 2026-03-18 12:44:26 --> Session: Class initialized using 'CodeIgniter\Session\Handlers\FileHandler' driver.
INFO - 2026-03-18 12:44:26 --> Session: Class initialized using 'CodeIgniter\Session\Handlers\FileHandler' driver.
INFO - 2026-03-18 12:44:27 --> Session: Class initialized using 'CodeIgniter\Session\Handlers\FileHandler' driver.
INFO - 2026-03-18 12:44:54 --> Session: Class initialized using 'CodeIgniter\Session\Handlers\FileHandler' driver.
INFO - 2026-03-18 12:44:55 --> Session: Class initialized using 'CodeIgniter\Session\Handlers\FileHandler' driver.
INFO - 2026-03-18 12:45:00 --> Session: Class initialized using 'CodeIgniter\Session\Handlers\FileHandler' driver.
INFO - 2026-03-18 12:45:01 --> Session: Class initialized using 'CodeIgniter\Session\Handlers\FileHandler' driver.
INFO - 2026-03-18 12:45:03 --> Session: Class initialized using 'CodeIgniter\Session\Handlers\FileHandler' driver.
INFO - 2026-03-18 12:45:03 --> Session: Class initialized using 'CodeIgniter\Session\Handlers\FileHandler' driver.
INFO - 2026-03-18 12:45:05 --> Session: Class initialized using 'CodeIgniter\Session\Handlers\FileHandler' driver.
INFO - 2026-03-18 12:45:05 --> Session: Class initialized using 'CodeIgniter\Session\Handlers\FileHandler' driver.
INFO - 2026-03-18 12:45:07 --> Session: Class initialized using 'CodeIgniter\Session\Handlers\FileHandler' driver.
INFO - 2026-03-18 12:45:08 --> Session: Class initialized using 'CodeIgniter\Session\Handlers\FileHandler' driver.
INFO - 2026-03-18 12:45:09 --> Session: Class initialized using 'CodeIgniter\Session\Handlers\FileHandler' driver.
INFO - 2026-03-18 12:45:10 --> Session: Class initialized using 'CodeIgniter\Session\Handlers\FileHandler' driver.
INFO - 2026-03-18 12:45:28 --> Session: Class initialized using 'CodeIgniter\Session\Handlers\FileHandler' driver.
INFO - 2026-03-18 12:45:29 --> Session: Class initialized using 'CodeIgniter\Session\Handlers\FileHandler' driver.
INFO - 2026-03-18 12:45:46 --> Session: Class initialized using 'CodeIgniter\Session\Handlers\FileHandler' driver.
INFO - 2026-03-18 12:45:47 --> Session: Class initialized using 'CodeIgniter\Session\Handlers\FileHandler' driver.
INFO - 2026-03-18 12:45:47 --> Session: Class initialized using 'CodeIgniter\Session\Handlers\FileHandler' driver.
INFO - 2026-03-18 12:45:49 --> Session: Class initialized using 'CodeIgniter\Session\Handlers\FileHandler' driver.
INFO - 2026-03-18 12:45:52 --> Session: Class initialized using 'CodeIgniter\Session\Handlers\FileHandler' driver.
INFO - 2026-03-18 12:45:53 --> Session: Class initialized using 'CodeIgniter\Session\Handlers\FileHandler' driver.
INFO - 2026-03-18 12:45:53 --> Session: Class initialized using 'CodeIgniter\Session\Handlers\FileHandler' driver.
INFO - 2026-03-18 12:46:33 --> Session: Class initialized using 'CodeIgniter\Session\Handlers\FileHandler' driver.
INFO - 2026-03-18 12:46:34 --> Session: Class initialized using 'CodeIgniter\Session\Handlers\FileHandler' driver.
INFO - 2026-03-18 12:46:34 --> Session: Class initialized using 'CodeIgniter\Session\Handlers\FileHandler' driver.
INFO - 2026-03-18 12:47:11 --> Session: Class initialized using 'CodeIgniter\Session\Handlers\FileHandler' driver.
INFO - 2026-03-18 12:47:12 --> Session: Class initialized using 'CodeIgniter\Session\Handlers\FileHandler' driver.
INFO - 2026-03-18 12:47:12 --> Session: Class initialized using 'CodeIgniter\Session\Handlers\FileHandler' driver.
INFO - 2026-03-18 12:48:04 --> Session: Class initialized using 'CodeIgniter\Session\Handlers\FileHandler' driver.
INFO - 2026-03-18 12:48:05 --> Session: Class initialized using 'CodeIgniter\Session\Handlers\FileHandler' driver.
INFO - 2026-03-18 12:48:22 --> Session: Class initialized using 'CodeIgniter\Session\Handlers\FileHandler' driver.
INFO - 2026-03-18 12:48:23 --> Session: Class initialized using 'CodeIgniter\Session\Handlers\FileHandler' driver.
INFO - 2026-03-18 12:48:30 --> Session: Class initialized using 'CodeIgniter\Session\Handlers\FileHandler' driver.
INFO - 2026-03-18 12:48:30 --> Session: Class initialized using 'CodeIgniter\Session\Handlers\FileHandler' driver.
INFO - 2026-03-18 12:48:32 --> Session: Class initialized using 'CodeIgniter\Session\Handlers\FileHandler' driver.
INFO - 2026-03-18 12:48:43 --> Session: Class initialized using 'CodeIgniter\Session\Handlers\FileHandler' driver.
INFO - 2026-03-18 12:48:49 --> Session: Class initialized using 'CodeIgniter\Session\Handlers\FileHandler' driver.
INFO - 2026-03-18 12:48:51 --> Session: Class initialized using 'CodeIgniter\Session\Handlers\FileHandler' driver.
INFO - 2026-03-18 12:48:51 --> Session: Class initialized using 'CodeIgniter\Session\Handlers\FileHandler' driver.
INFO - 2026-03-18 12:49:09 --> Session: Class initialized using 'CodeIgniter\Session\Handlers\FileHandler' driver.
INFO - 2026-03-18 12:49:09 --> Session: Class initialized using 'CodeIgniter\Session\Handlers\FileHandler' driver.
INFO - 2026-03-18 12:49:18 --> Session: Class initialized using 'CodeIgniter\Session\Handlers\FileHandler' driver.
INFO - 2026-03-18 12:49:18 --> Session: Class initialized using 'CodeIgniter\Session\Handlers\FileHandler' driver.
INFO - 2026-03-18 12:49:21 --> Session: Class initialized using 'CodeIgniter\Session\Handlers\FileHandler' driver.
INFO - 2026-03-18 12:49:22 --> Session: Class initialized using 'CodeIgniter\Session\Handlers\FileHandler' driver.
INFO - 2026-03-18 12:49:22 --> Session: Class initialized using 'CodeIgniter\Session\Handlers\FileHandler' driver.
INFO - 2026-03-18 12:49:49 --> Session: Class initialized using 'CodeIgniter\Session\Handlers\FileHandler' driver.
INFO - 2026-03-18 12:49:49 --> Session: Class initialized using 'CodeIgniter\Session\Handlers\FileHandler' driver.
INFO - 2026-03-18 12:49:52 --> Session: Class initialized using 'CodeIgniter\Session\Handlers\FileHandler' driver.
INFO - 2026-03-18 12:49:53 --> Session: Class initialized using 'CodeIgniter\Session\Handlers\FileHandler' driver.
INFO - 2026-03-18 12:50:07 --> Session: Class initialized using 'CodeIgniter\Session\Handlers\FileHandler' driver.
INFO - 2026-03-18 12:50:41 --> Session: Class initialized using 'CodeIgniter\Session\Handlers\FileHandler' driver.
INFO - 2026-03-18 12:50:41 --> Session: Class initialized using 'CodeIgniter\Session\Handlers\FileHandler' driver.
INFO - 2026-03-18 12:50:54 --> Session: Class initialized using 'CodeIgniter\Session\Handlers\FileHandler' driver.
INFO - 2026-03-18 12:50:55 --> Session: Class initialized using 'CodeIgniter\Session\Handlers\FileHandler' driver.
INFO - 2026-03-18 12:50:59 --> Session: Class initialized using 'CodeIgniter\Session\Handlers\FileHandler' driver.
INFO - 2026-03-18 12:50:59 --> Session: Class initialized using 'CodeIgniter\Session\Handlers\FileHandler' driver.
INFO - 2026-03-18 12:51:02 --> Session: Class initialized using 'CodeIgniter\Session\Handlers\FileHandler' driver.
INFO - 2026-03-18 12:51:02 --> Session: Class initialized using 'CodeIgniter\Session\Handlers\FileHandler' driver.
INFO - 2026-03-18 12:51:05 --> Session: Class initialized using 'CodeIgniter\Session\Handlers\FileHandler' driver.
INFO - 2026-03-18 12:51:05 --> Session: Class initialized using 'CodeIgniter\Session\Handlers\FileHandler' driver.
INFO - 2026-03-18 12:51:07 --> Session: Class initialized using 'CodeIgniter\Session\Handlers\FileHandler' driver.
INFO - 2026-03-18 12:51:08 --> Session: Class initialized using 'CodeIgniter\Session\Handlers\FileHandler' driver.
INFO - 2026-03-18 12:51:12 --> Session: Class initialized using 'CodeIgniter\Session\Handlers\FileHandler' driver.
INFO - 2026-03-18 12:51:12 --> Session: Class initialized using 'CodeIgniter\Session\Handlers\FileHandler' driver.
INFO - 2026-03-18 12:51:24 --> Session: Class initialized using 'CodeIgniter\Session\Handlers\FileHandler' driver.
INFO - 2026-03-18 12:51:25 --> Session: Class initialized using 'CodeIgniter\Session\Handlers\FileHandler' driver.
INFO - 2026-03-18 12:51:35 --> Session: Class initialized using 'CodeIgniter\Session\Handlers\FileHandler' driver.
INFO - 2026-03-18 12:51:35 --> Session: Class initialized using 'CodeIgniter\Session\Handlers\FileHandler' driver.
INFO - 2026-03-18 12:51:43 --> Session: Class initialized using 'CodeIgniter\Session\Handlers\FileHandler' driver.
INFO - 2026-03-18 12:51:44 --> Session: Class initialized using 'CodeIgniter\Session\Handlers\FileHandler' driver.
INFO - 2026-03-18 12:53:14 --> Session: Class initialized using 'CodeIgniter\Session\Handlers\FileHandler' driver.
INFO - 2026-03-18 12:54:34 --> Session: Class initialized using 'CodeIgniter\Session\Handlers\FileHandler' driver.
INFO - 2026-03-18 12:54:36 --> Session: Class initialized using 'CodeIgniter\Session\Handlers\FileHandler' driver.
INFO - 2026-03-18 12:54:59 --> Session: Class initialized using 'CodeIgniter\Session\Handlers\FileHandler' driver.
INFO - 2026-03-18 12:57:01 --> Session: Class initialized using 'CodeIgniter\Session\Handlers\FileHandler' driver.
INFO - 2026-03-18 12:57:02 --> Session: Class initialized using 'CodeIgniter\Session\Handlers\FileHandler' driver.
INFO - 2026-03-18 12:57:30 --> Session: Class initialized using 'CodeIgniter\Session\Handlers\FileHandler' driver.
INFO - 2026-03-18 12:57:31 --> Session: Class initialized using 'CodeIgniter\Session\Handlers\FileHandler' driver.
INFO - 2026-03-18 12:57:58 --> Session: Class initialized using 'CodeIgniter\Session\Handlers\FileHandler' driver.
INFO - 2026-03-18 12:57:59 --> Session: Class initialized using 'CodeIgniter\Session\Handlers\FileHandler' driver.
INFO - 2026-03-18 12:58:05 --> Session: Class initialized using 'CodeIgniter\Session\Handlers\FileHandler' driver.
INFO - 2026-03-18 12:58:06 --> Session: Class initialized using 'CodeIgniter\Session\Handlers\FileHandler' driver.
INFO - 2026-03-18 13:01:21 --> Session: Class initialized using 'CodeIgniter\Session\Handlers\FileHandler' driver.
INFO - 2026-03-18 13:01:22 --> Session: Class initialized using 'CodeIgniter\Session\Handlers\FileHandler' driver.
INFO - 2026-03-18 13:01:28 --> Session: Class initialized using 'CodeIgniter\Session\Handlers\FileHandler' driver.
INFO - 2026-03-18 13:01:28 --> Session: Class initialized using 'CodeIgniter\Session\Handlers\FileHandler' driver.
INFO - 2026-03-18 13:02:23 --> Session: Class initialized using 'CodeIgniter\Session\Handlers\FileHandler' driver.
INFO - 2026-03-18 13:02:24 --> Session: Class initialized using 'CodeIgniter\Session\Handlers\FileHandler' driver.
INFO - 2026-03-18 13:03:09 --> Session: Class initialized using 'CodeIgniter\Session\Handlers\FileHandler' driver.
INFO - 2026-03-18 13:03:11 --> Session: Class initialized using 'CodeIgniter\Session\Handlers\FileHandler' driver.
INFO - 2026-03-18 13:04:00 --> Session: Class initialized using 'CodeIgniter\Session\Handlers\FileHandler' driver.
INFO - 2026-03-18 13:04:01 --> Session: Class initialized using 'CodeIgniter\Session\Handlers\FileHandler' driver.
INFO - 2026-03-18 13:04:33 --> Session: Class initialized using 'CodeIgniter\Session\Handlers\FileHandler' driver.
INFO - 2026-03-18 13:04:34 --> Session: Class initialized using 'CodeIgniter\Session\Handlers\FileHandler' driver.
INFO - 2026-03-18 13:04:43 --> Session: Class initialized using 'CodeIgniter\Session\Handlers\FileHandler' driver.
INFO - 2026-03-18 13:04:44 --> Session: Class initialized using 'CodeIgniter\Session\Handlers\FileHandler' driver.
INFO - 2026-03-18 13:04:47 --> Session: Class initialized using 'CodeIgniter\Session\Handlers\FileHandler' driver.
INFO - 2026-03-18 13:04:48 --> Session: Class initialized using 'CodeIgniter\Session\Handlers\FileHandler' driver.
INFO - 2026-03-18 13:04:51 --> Session: Class initialized using 'CodeIgniter\Session\Handlers\FileHandler' driver.
INFO - 2026-03-18 13:04:51 --> Session: Class initialized using 'CodeIgniter\Session\Handlers\FileHandler' driver.
INFO - 2026-03-18 13:05:02 --> Session: Class initialized using 'CodeIgniter\Session\Handlers\FileHandler' driver.
INFO - 2026-03-18 13:05:03 --> Session: Class initialized using 'CodeIgniter\Session\Handlers\FileHandler' driver.
INFO - 2026-03-18 13:05:09 --> Session: Class initialized using 'CodeIgniter\Session\Handlers\FileHandler' driver.
INFO - 2026-03-18 13:05:39 --> Session: Class initialized using 'CodeIgniter\Session\Handlers\FileHandler' driver.
INFO - 2026-03-18 13:05:57 --> Session: Class initialized using 'CodeIgniter\Session\Handlers\FileHandler' driver.
INFO - 2026-03-18 13:06:08 --> Session: Class initialized using 'CodeIgniter\Session\Handlers\FileHandler' driver.
INFO - 2026-03-18 13:07:44 --> Session: Class initialized using 'CodeIgniter\Session\Handlers\FileHandler' driver.
INFO - 2026-03-18 13:08:10 --> Session: Class initialized using 'CodeIgniter\Session\Handlers\FileHandler' driver.
INFO - 2026-03-18 13:08:10 --> Session: Class initialized using 'CodeIgniter\Session\Handlers\FileHandler' driver.
INFO - 2026-03-18 13:08:35 --> Session: Class initialized using 'CodeIgniter\Session\Handlers\FileHandler' driver.
INFO - 2026-03-18 13:08:35 --> Session: Class initialized using 'CodeIgniter\Session\Handlers\FileHandler' driver.
INFO - 2026-03-18 13:10:17 --> Session: Class initialized using 'CodeIgniter\Session\Handlers\FileHandler' driver.
INFO - 2026-03-18 13:10:18 --> Session: Class initialized using 'CodeIgniter\Session\Handlers\FileHandler' driver.
INFO - 2026-03-18 13:10:21 --> Session: Class initialized using 'CodeIgniter\Session\Handlers\FileHandler' driver.
INFO - 2026-03-18 13:10:21 --> Session: Class initialized using 'CodeIgniter\Session\Handlers\FileHandler' driver.
INFO - 2026-03-18 13:10:51 --> Session: Class initialized using 'CodeIgniter\Session\Handlers\FileHandler' driver.
INFO - 2026-03-18 13:10:53 --> Session: Class initialized using 'CodeIgniter\Session\Handlers\FileHandler' driver.
INFO - 2026-03-18 13:11:08 --> Session: Class initialized using 'CodeIgniter\Session\Handlers\FileHandler' driver.
INFO - 2026-03-18 13:11:59 --> Session: Class initialized using 'CodeIgniter\Session\Handlers\FileHandler' driver.
INFO - 2026-03-18 13:11:59 --> Session: Class initialized using 'CodeIgniter\Session\Handlers\FileHandler' driver.
INFO - 2026-03-18 13:12:05 --> Session: Class initialized using 'CodeIgniter\Session\Handlers\FileHandler' driver.
INFO - 2026-03-18 13:12:08 --> Session: Class initialized using 'CodeIgniter\Session\Handlers\FileHandler' driver.
INFO - 2026-03-18 13:12:24 --> Session: Class initialized using 'CodeIgniter\Session\Handlers\FileHandler' driver.
INFO - 2026-03-18 13:12:24 --> Session: Class initialized using 'CodeIgniter\Session\Handlers\FileHandler' driver.
INFO - 2026-03-18 13:12:26 --> Session: Class initialized using 'CodeIgniter\Session\Handlers\FileHandler' driver.
INFO - 2026-03-18 13:12:26 --> Session: Class initialized using 'CodeIgniter\Session\Handlers\FileHandler' driver.
INFO - 2026-03-18 13:21:30 --> Session: Class initialized using 'CodeIgniter\Session\Handlers\FileHandler' driver.
CRITICAL - 2026-03-18 13:21:30 --> ErrorException: Undefined variable $sliders
in APPPATH\Views\frontend\index.php on line 47.
 1 APPPATH\Views\frontend\index.php(47): CodeIgniter\Debug\Exceptions->errorHandler(2, 'Undefined variable $sliders', 'D:\\xamp\\htdocs\\royalallianceayurveda\\app\\Views\\frontend\\index.php', 47)
 2 SYSTEMPATH\View\View.php(228): include('D:\\xamp\\htdocs\\royalallianceayurveda\\app\\Views\\frontend\\index.php')
 3 SYSTEMPATH\View\View.php(231): CodeIgniter\View\View->CodeIgniter\View\{closure}()
 4 SYSTEMPATH\Common.php(1178): CodeIgniter\View\View->render('frontend/index', [], true)
 5 APPPATH\Controllers\HomeController.php(48): view('frontend/index', [...])
 6 SYSTEMPATH\CodeIgniter.php(943): App\Controllers\HomeController->index()
 7 SYSTEMPATH\CodeIgniter.php(503): CodeIgniter\CodeIgniter->runController(Object(App\Controllers\HomeController))
 8 SYSTEMPATH\CodeIgniter.php(361): CodeIgniter\CodeIgniter->handleRequest(null, Object(Config\Cache), false)
 9 FCPATH\index.php(79): CodeIgniter\CodeIgniter->run()
INFO - 2026-03-18 13:22:00 --> Session: Class initialized using 'CodeIgniter\Session\Handlers\FileHandler' driver.
CRITICAL - 2026-03-18 13:22:00 --> Error: Cannot use object of type stdClass as array
in APPPATH\Views\frontend\index.php on line 51.
 1 SYSTEMPATH\View\View.php(228): include()
 2 SYSTEMPATH\View\View.php(231): CodeIgniter\View\View->CodeIgniter\View\{closure}()
 3 SYSTEMPATH\Common.php(1178): CodeIgniter\View\View->render('frontend/index', [], true)
 4 APPPATH\Controllers\HomeController.php(48): view('frontend/index', [...])
 5 SYSTEMPATH\CodeIgniter.php(943): App\Controllers\HomeController->index()
 6 SYSTEMPATH\CodeIgniter.php(503): CodeIgniter\CodeIgniter->runController(Object(App\Controllers\HomeController))
 7 SYSTEMPATH\CodeIgniter.php(361): CodeIgniter\CodeIgniter->handleRequest(null, Object(Config\Cache), false)
 8 FCPATH\index.php(79): CodeIgniter\CodeIgniter->run()
INFO - 2026-03-18 13:22:31 --> Session: Class initialized using 'CodeIgniter\Session\Handlers\FileHandler' driver.
INFO - 2026-03-18 13:22:32 --> Session: Class initialized using 'CodeIgniter\Session\Handlers\FileHandler' driver.
INFO - 2026-03-18 13:25:30 --> Session: Class initialized using 'CodeIgniter\Session\Handlers\FileHandler' driver.
INFO - 2026-03-18 13:25:31 --> Session: Class initialized using 'CodeIgniter\Session\Handlers\FileHandler' driver.
INFO - 2026-03-18 13:26:27 --> Session: Class initialized using 'CodeIgniter\Session\Handlers\FileHandler' driver.
INFO - 2026-03-18 13:27:19 --> Session: Class initialized using 'CodeIgniter\Session\Handlers\FileHandler' driver.
INFO - 2026-03-18 13:29:30 --> Session: Class initialized using 'CodeIgniter\Session\Handlers\FileHandler' driver.
INFO - 2026-03-18 13:29:30 --> Session: Class initialized using 'CodeIgniter\Session\Handlers\FileHandler' driver.
INFO - 2026-03-18 13:29:48 --> Session: Class initialized using 'CodeIgniter\Session\Handlers\FileHandler' driver.
INFO - 2026-03-18 13:29:48 --> Session: Class initialized using 'CodeIgniter\Session\Handlers\FileHandler' driver.
INFO - 2026-03-18 13:30:35 --> Session: Class initialized using 'CodeIgniter\Session\Handlers\FileHandler' driver.
INFO - 2026-03-18 13:30:36 --> Session: Class initialized using 'CodeIgniter\Session\Handlers\FileHandler' driver.
INFO - 2026-03-18 13:32:14 --> Session: Class initialized using 'CodeIgniter\Session\Handlers\FileHandler' driver.
CRITICAL - 2026-03-18 13:32:14 --> ErrorException: Undefined variable $offerPrice
in APPPATH\Views\frontend\index.php on line 371.
 1 APPPATH\Views\frontend\index.php(371): CodeIgniter\Debug\Exceptions->errorHandler(2, 'Undefined variable $offerPrice', 'D:\\xamp\\htdocs\\royalallianceayurveda\\app\\Views\\frontend\\index.php', 371)
 2 SYSTEMPATH\View\View.php(228): include('D:\\xamp\\htdocs\\royalallianceayurveda\\app\\Views\\frontend\\index.php')
 3 SYSTEMPATH\View\View.php(231): CodeIgniter\View\View->CodeIgniter\View\{closure}()
 4 SYSTEMPATH\Common.php(1178): CodeIgniter\View\View->render('frontend/index', [], true)
 5 APPPATH\Controllers\HomeController.php(48): view('frontend/index', [...])
 6 SYSTEMPATH\CodeIgniter.php(943): App\Controllers\HomeController->index()
 7 SYSTEMPATH\CodeIgniter.php(503): CodeIgniter\CodeIgniter->runController(Object(App\Controllers\HomeController))
 8 SYSTEMPATH\CodeIgniter.php(361): CodeIgniter\CodeIgniter->handleRequest(null, Object(Config\Cache), false)
 9 FCPATH\index.php(79): CodeIgniter\CodeIgniter->run()
INFO - 2026-03-18 13:33:08 --> Session: Class initialized using 'CodeIgniter\Session\Handlers\FileHandler' driver.
CRITICAL - 2026-03-18 13:33:08 --> ErrorException: Undefined variable $price
in APPPATH\Views\frontend\index.php on line 371.
 1 APPPATH\Views\frontend\index.php(371): CodeIgniter\Debug\Exceptions->errorHandler(2, 'Undefined variable $price', 'D:\\xamp\\htdocs\\royalallianceayurveda\\app\\Views\\frontend\\index.php', 371)
 2 SYSTEMPATH\View\View.php(228): include('D:\\xamp\\htdocs\\royalallianceayurveda\\app\\Views\\frontend\\index.php')
 3 SYSTEMPATH\View\View.php(231): CodeIgniter\View\View->CodeIgniter\View\{closure}()
 4 SYSTEMPATH\Common.php(1178): CodeIgniter\View\View->render('frontend/index', [], true)
 5 APPPATH\Controllers\HomeController.php(48): view('frontend/index', [...])
 6 SYSTEMPATH\CodeIgniter.php(943): App\Controllers\HomeController->index()
 7 SYSTEMPATH\CodeIgniter.php(503): CodeIgniter\CodeIgniter->runController(Object(App\Controllers\HomeController))
 8 SYSTEMPATH\CodeIgniter.php(361): CodeIgniter\CodeIgniter->handleRequest(null, Object(Config\Cache), false)
 9 FCPATH\index.php(79): CodeIgniter\CodeIgniter->run()
INFO - 2026-03-18 13:33:21 --> Session: Class initialized using 'CodeIgniter\Session\Handlers\FileHandler' driver.
CRITICAL - 2026-03-18 13:33:21 --> ErrorException: Undefined property: stdClass::$offer_price
in APPPATH\Views\frontend\index.php on line 371.
 1 APPPATH\Views\frontend\index.php(371): CodeIgniter\Debug\Exceptions->errorHandler(2, 'Undefined property: stdClass::$offer_price', 'D:\\xamp\\htdocs\\royalallianceayurveda\\app\\Views\\frontend\\index.php', 371)
 2 SYSTEMPATH\View\View.php(228): include('D:\\xamp\\htdocs\\royalallianceayurveda\\app\\Views\\frontend\\index.php')
 3 SYSTEMPATH\View\View.php(231): CodeIgniter\View\View->CodeIgniter\View\{closure}()
 4 SYSTEMPATH\Common.php(1178): CodeIgniter\View\View->render('frontend/index', [], true)
 5 APPPATH\Controllers\HomeController.php(48): view('frontend/index', [...])
 6 SYSTEMPATH\CodeIgniter.php(943): App\Controllers\HomeController->index()
 7 SYSTEMPATH\CodeIgniter.php(503): CodeIgniter\CodeIgniter->runController(Object(App\Controllers\HomeController))
 8 SYSTEMPATH\CodeIgniter.php(361): CodeIgniter\CodeIgniter->handleRequest(null, Object(Config\Cache), false)
 9 FCPATH\index.php(79): CodeIgniter\CodeIgniter->run()
INFO - 2026-03-18 13:33:51 --> Session: Class initialized using 'CodeIgniter\Session\Handlers\FileHandler' driver.
INFO - 2026-03-18 13:33:52 --> Session: Class initialized using 'CodeIgniter\Session\Handlers\FileHandler' driver.
INFO - 2026-03-18 13:36:13 --> Session: Class initialized using 'CodeIgniter\Session\Handlers\FileHandler' driver.
INFO - 2026-03-18 13:36:13 --> Session: Class initialized using 'CodeIgniter\Session\Handlers\FileHandler' driver.
INFO - 2026-03-18 13:36:34 --> Session: Class initialized using 'CodeIgniter\Session\Handlers\FileHandler' driver.
INFO - 2026-03-18 13:36:34 --> Session: Class initialized using 'CodeIgniter\Session\Handlers\FileHandler' driver.
INFO - 2026-03-18 13:37:22 --> Session: Class initialized using 'CodeIgniter\Session\Handlers\FileHandler' driver.
INFO - 2026-03-18 13:37:22 --> Session: Class initialized using 'CodeIgniter\Session\Handlers\FileHandler' driver.
INFO - 2026-03-18 13:52:23 --> Session: Class initialized using 'CodeIgniter\Session\Handlers\FileHandler' driver.
INFO - 2026-03-18 13:52:24 --> Session: Class initialized using 'CodeIgniter\Session\Handlers\FileHandler' driver.
INFO - 2026-03-18 13:57:46 --> Session: Class initialized using 'CodeIgniter\Session\Handlers\FileHandler' driver.
INFO - 2026-03-18 13:57:47 --> Session: Class initialized using 'CodeIgniter\Session\Handlers\FileHandler' driver.
CRITICAL - 2026-03-18 13:57:49 --> ErrorException: Undefined array key "product_id"
in APPPATH\Services\CartService.php on line 149.
 1 APPPATH\Services\CartService.php(149): CodeIgniter\Debug\Exceptions->errorHandler(2, 'Undefined array key "product_id"', 'D:\\xamp\\htdocs\\royalallianceayurveda\\app\\Services\\CartService.php', 149)
 2 APPPATH\Controllers\CartController.php(52): App\Services\CartService->add([...])
 3 SYSTEMPATH\CodeIgniter.php(943): App\Controllers\CartController->add()
 4 SYSTEMPATH\CodeIgniter.php(503): CodeIgniter\CodeIgniter->runController(Object(App\Controllers\CartController))
 5 SYSTEMPATH\CodeIgniter.php(361): CodeIgniter\CodeIgniter->handleRequest(null, Object(Config\Cache), false)
 6 FCPATH\index.php(79): CodeIgniter\CodeIgniter->run()
INFO - 2026-03-18 13:58:00 --> Session: Class initialized using 'CodeIgniter\Session\Handlers\FileHandler' driver.
INFO - 2026-03-18 13:58:00 --> Session: Class initialized using 'CodeIgniter\Session\Handlers\FileHandler' driver.
INFO - 2026-03-18 13:58:29 --> Session: Class initialized using 'CodeIgniter\Session\Handlers\FileHandler' driver.
INFO - 2026-03-18 13:58:31 --> Session: Class initialized using 'CodeIgniter\Session\Handlers\FileHandler' driver.
INFO - 2026-03-18 13:59:37 --> Session: Class initialized using 'CodeIgniter\Session\Handlers\FileHandler' driver.
INFO - 2026-03-18 13:59:38 --> Session: Class initialized using 'CodeIgniter\Session\Handlers\FileHandler' driver.
INFO - 2026-03-18 13:59:43 --> Session: Class initialized using 'CodeIgniter\Session\Handlers\FileHandler' driver.
INFO - 2026-03-18 14:03:10 --> Session: Class initialized using 'CodeIgniter\Session\Handlers\FileHandler' driver.
INFO - 2026-03-18 14:03:11 --> Session: Class initialized using 'CodeIgniter\Session\Handlers\FileHandler' driver.
INFO - 2026-03-18 14:04:20 --> Session: Class initialized using 'CodeIgniter\Session\Handlers\FileHandler' driver.
INFO - 2026-03-18 14:04:21 --> Session: Class initialized using 'CodeIgniter\Session\Handlers\FileHandler' driver.
INFO - 2026-03-18 14:04:32 --> Session: Class initialized using 'CodeIgniter\Session\Handlers\FileHandler' driver.
INFO - 2026-03-18 14:04:32 --> Session: Class initialized using 'CodeIgniter\Session\Handlers\FileHandler' driver.
INFO - 2026-03-18 14:06:15 --> Session: Class initialized using 'CodeIgniter\Session\Handlers\FileHandler' driver.
INFO - 2026-03-18 14:06:16 --> Session: Class initialized using 'CodeIgniter\Session\Handlers\FileHandler' driver.
INFO - 2026-03-18 14:06:50 --> Session: Class initialized using 'CodeIgniter\Session\Handlers\FileHandler' driver.
INFO - 2026-03-18 14:06:51 --> Session: Class initialized using 'CodeIgniter\Session\Handlers\FileHandler' driver.
INFO - 2026-03-18 14:09:20 --> Session: Class initialized using 'CodeIgniter\Session\Handlers\FileHandler' driver.
INFO - 2026-03-18 14:09:21 --> Session: Class initialized using 'CodeIgniter\Session\Handlers\FileHandler' driver.
INFO - 2026-03-18 14:15:41 --> Session: Class initialized using 'CodeIgniter\Session\Handlers\FileHandler' driver.
INFO - 2026-03-18 14:15:42 --> Session: Class initialized using 'CodeIgniter\Session\Handlers\FileHandler' driver.
INFO - 2026-03-18 14:18:49 --> Session: Class initialized using 'CodeIgniter\Session\Handlers\FileHandler' driver.
INFO - 2026-03-18 14:18:51 --> Session: Class initialized using 'CodeIgniter\Session\Handlers\FileHandler' driver.
INFO - 2026-03-18 14:19:13 --> Session: Class initialized using 'CodeIgniter\Session\Handlers\FileHandler' driver.
INFO - 2026-03-18 14:19:15 --> Session: Class initialized using 'CodeIgniter\Session\Handlers\FileHandler' driver.
INFO - 2026-03-18 14:21:07 --> Session: Class initialized using 'CodeIgniter\Session\Handlers\FileHandler' driver.
INFO - 2026-03-18 14:21:08 --> Session: Class initialized using 'CodeIgniter\Session\Handlers\FileHandler' driver.
INFO - 2026-03-18 14:23:24 --> Session: Class initialized using 'CodeIgniter\Session\Handlers\FileHandler' driver.
INFO - 2026-03-18 14:23:25 --> Session: Class initialized using 'CodeIgniter\Session\Handlers\FileHandler' driver.
INFO - 2026-03-18 14:23:38 --> Session: Class initialized using 'CodeIgniter\Session\Handlers\FileHandler' driver.
INFO - 2026-03-18 14:23:40 --> Session: Class initialized using 'CodeIgniter\Session\Handlers\FileHandler' driver.
INFO - 2026-03-18 14:23:44 --> Session: Class initialized using 'CodeIgniter\Session\Handlers\FileHandler' driver.
INFO - 2026-03-18 14:23:45 --> Session: Class initialized using 'CodeIgniter\Session\Handlers\FileHandler' driver.
INFO - 2026-03-18 14:24:02 --> Session: Class initialized using 'CodeIgniter\Session\Handlers\FileHandler' driver.
INFO - 2026-03-18 14:24:03 --> Session: Class initialized using 'CodeIgniter\Session\Handlers\FileHandler' driver.
INFO - 2026-03-18 14:24:16 --> Session: Class initialized using 'CodeIgniter\Session\Handlers\FileHandler' driver.
INFO - 2026-03-18 14:24:17 --> Session: Class initialized using 'CodeIgniter\Session\Handlers\FileHandler' driver.
INFO - 2026-03-18 14:25:58 --> Session: Class initialized using 'CodeIgniter\Session\Handlers\FileHandler' driver.
INFO - 2026-03-18 14:25:59 --> Session: Class initialized using 'CodeIgniter\Session\Handlers\FileHandler' driver.
INFO - 2026-03-18 14:26:04 --> Session: Class initialized using 'CodeIgniter\Session\Handlers\FileHandler' driver.
INFO - 2026-03-18 14:26:06 --> Session: Class initialized using 'CodeIgniter\Session\Handlers\FileHandler' driver.
INFO - 2026-03-18 14:26:46 --> Session: Class initialized using 'CodeIgniter\Session\Handlers\FileHandler' driver.
INFO - 2026-03-18 14:26:47 --> Session: Class initialized using 'CodeIgniter\Session\Handlers\FileHandler' driver.
